<?xml version="1.0" encoding="UTF-8"?>
<testng-results skipped="0" failed="0" ignored="0" total="5" passed="5">
  <reporter-output>
  </reporter-output>
  <suite name="Default suite" duration-ms="10129" started-at="2018-05-09T17:17:38Z" finished-at="2018-05-09T17:17:48Z">
    <groups>
    </groups>
    <test name="Default test" duration-ms="10129" started-at="2018-05-09T17:17:38Z" finished-at="2018-05-09T17:17:48Z">
      <class name="com.revature.testng.SalesforceLoginTest">
        <test-method status="PASS" signature="beforeSuite()[pri:0, instance:com.revature.testng.SalesforceLoginTest@604ed9f0]" name="beforeSuite" is-config="true" duration-ms="20" started-at="2018-05-09T17:17:38Z" finished-at="2018-05-09T17:17:38Z">
          <reporter-output>
          </reporter-output>
        </test-method> <!-- beforeSuite -->
        <test-method status="PASS" signature="beforeTest()[pri:0, instance:com.revature.testng.SalesforceLoginTest@604ed9f0]" name="beforeTest" is-config="true" duration-ms="4071" started-at="2018-05-09T17:17:38Z" finished-at="2018-05-09T17:17:42Z">
          <reporter-output>
          </reporter-output>
        </test-method> <!-- beforeTest -->
        <test-method status="PASS" signature="beforeClass()[pri:0, instance:com.revature.testng.SalesforceLoginTest@604ed9f0]" name="beforeClass" is-config="true" duration-ms="0" started-at="2018-05-09T17:17:42Z" finished-at="2018-05-09T17:17:42Z">
          <reporter-output>
          </reporter-output>
        </test-method> <!-- beforeClass -->
        <test-method status="PASS" signature="beforeMethod()[pri:0, instance:com.revature.testng.SalesforceLoginTest@604ed9f0]" name="beforeMethod" is-config="true" duration-ms="1" started-at="2018-05-09T17:17:42Z" finished-at="2018-05-09T17:17:42Z">
          <reporter-output>
          </reporter-output>
        </test-method> <!-- beforeMethod -->
        <test-method status="PASS" signature="f(java.lang.Integer, java.lang.String)[pri:0, instance:com.revature.testng.SalesforceLoginTest@604ed9f0]" name="f" duration-ms="11" started-at="2018-05-09T17:17:42Z" data-provider="dp" finished-at="2018-05-09T17:17:42Z">
          <params>
            <param index="0">
              <value>
                <![CDATA[1]]>
              </value>
            </param>
            <param index="1">
              <value>
                <![CDATA[a]]>
              </value>
            </param>
          </params>
          <reporter-output>
          </reporter-output>
        </test-method> <!-- f -->
        <test-method status="PASS" signature="afterMethod()[pri:0, instance:com.revature.testng.SalesforceLoginTest@604ed9f0]" name="afterMethod" is-config="true" duration-ms="37" started-at="2018-05-09T17:17:42Z" finished-at="2018-05-09T17:17:42Z">
          <reporter-output>
          </reporter-output>
        </test-method> <!-- afterMethod -->
        <test-method status="PASS" signature="f(java.lang.Integer, java.lang.String)[pri:0, instance:com.revature.testng.SalesforceLoginTest@604ed9f0]" name="f" duration-ms="30" started-at="2018-05-09T17:17:42Z" data-provider="dp" finished-at="2018-05-09T17:17:42Z">
          <params>
            <param index="0">
              <value>
                <![CDATA[2]]>
              </value>
            </param>
            <param index="1">
              <value>
                <![CDATA[b]]>
              </value>
            </param>
          </params>
          <reporter-output>
          </reporter-output>
        </test-method> <!-- f -->
        <test-method status="PASS" signature="beforeMethod()[pri:0, instance:com.revature.testng.SalesforceLoginTest@604ed9f0]" name="beforeMethod" is-config="true" duration-ms="0" started-at="2018-05-09T17:17:42Z" finished-at="2018-05-09T17:17:42Z">
          <reporter-output>
          </reporter-output>
        </test-method> <!-- beforeMethod -->
        <test-method status="PASS" signature="afterMethod()[pri:0, instance:com.revature.testng.SalesforceLoginTest@604ed9f0]" name="afterMethod" is-config="true" duration-ms="1" started-at="2018-05-09T17:17:42Z" finished-at="2018-05-09T17:17:42Z">
          <reporter-output>
          </reporter-output>
        </test-method> <!-- afterMethod -->
        <test-method status="PASS" signature="beforeMethod()[pri:0, instance:com.revature.testng.SalesforceLoginTest@604ed9f0]" name="beforeMethod" is-config="true" duration-ms="1" started-at="2018-05-09T17:17:42Z" finished-at="2018-05-09T17:17:42Z">
          <reporter-output>
          </reporter-output>
        </test-method> <!-- beforeMethod -->
        <test-method status="PASS" signature="findLoginPageSuccessful()[pri:0, instance:com.revature.testng.SalesforceLoginTest@604ed9f0]" name="findLoginPageSuccessful" duration-ms="1556" started-at="2018-05-09T17:17:42Z" finished-at="2018-05-09T17:17:44Z">
          <reporter-output>
          </reporter-output>
        </test-method> <!-- findLoginPageSuccessful -->
        <test-method status="PASS" signature="afterMethod()[pri:0, instance:com.revature.testng.SalesforceLoginTest@604ed9f0]" name="afterMethod" is-config="true" duration-ms="0" started-at="2018-05-09T17:17:44Z" finished-at="2018-05-09T17:17:44Z">
          <reporter-output>
          </reporter-output>
        </test-method> <!-- afterMethod -->
        <test-method status="PASS" signature="loginAsTrainerSuccessful()[pri:0, instance:com.revature.testng.SalesforceLoginTest@604ed9f0]" name="loginAsTrainerSuccessful" duration-ms="4054" started-at="2018-05-09T17:17:44Z" finished-at="2018-05-09T17:17:48Z">
          <reporter-output>
          </reporter-output>
        </test-method> <!-- loginAsTrainerSuccessful -->
        <test-method status="PASS" signature="beforeMethod()[pri:0, instance:com.revature.testng.SalesforceLoginTest@604ed9f0]" name="beforeMethod" is-config="true" duration-ms="0" started-at="2018-05-09T17:17:44Z" finished-at="2018-05-09T17:17:44Z">
          <reporter-output>
          </reporter-output>
        </test-method> <!-- beforeMethod -->
        <test-method status="PASS" signature="afterMethod()[pri:0, instance:com.revature.testng.SalesforceLoginTest@604ed9f0]" name="afterMethod" is-config="true" duration-ms="1" started-at="2018-05-09T17:17:48Z" finished-at="2018-05-09T17:17:48Z">
          <reporter-output>
          </reporter-output>
        </test-method> <!-- afterMethod -->
        <test-method status="PASS" signature="beforeMethod()[pri:0, instance:com.revature.testng.SalesforceLoginTest@604ed9f0]" name="beforeMethod" is-config="true" duration-ms="1" started-at="2018-05-09T17:17:48Z" finished-at="2018-05-09T17:17:48Z">
          <reporter-output>
          </reporter-output>
        </test-method> <!-- beforeMethod -->
        <test-method status="PASS" signature="loginAsTrainerWithWrongCredentials()[pri:0, instance:com.revature.testng.SalesforceLoginTest@604ed9f0]" name="loginAsTrainerWithWrongCredentials" duration-ms="8" started-at="2018-05-09T17:17:48Z" finished-at="2018-05-09T17:17:48Z">
          <reporter-output>
          </reporter-output>
        </test-method> <!-- loginAsTrainerWithWrongCredentials -->
        <test-method status="PASS" signature="afterMethod()[pri:0, instance:com.revature.testng.SalesforceLoginTest@604ed9f0]" name="afterMethod" is-config="true" duration-ms="14" started-at="2018-05-09T17:17:48Z" finished-at="2018-05-09T17:17:48Z">
          <reporter-output>
          </reporter-output>
        </test-method> <!-- afterMethod -->
        <test-method status="PASS" signature="afterClass()[pri:0, instance:com.revature.testng.SalesforceLoginTest@604ed9f0]" name="afterClass" is-config="true" duration-ms="2" started-at="2018-05-09T17:17:48Z" finished-at="2018-05-09T17:17:48Z">
          <reporter-output>
          </reporter-output>
        </test-method> <!-- afterClass -->
        <test-method status="PASS" signature="afterTest()[pri:0, instance:com.revature.testng.SalesforceLoginTest@604ed9f0]" name="afterTest" is-config="true" duration-ms="194" started-at="2018-05-09T17:17:48Z" finished-at="2018-05-09T17:17:48Z">
          <reporter-output>
          </reporter-output>
        </test-method> <!-- afterTest -->
        <test-method status="PASS" signature="afterSuite()[pri:0, instance:com.revature.testng.SalesforceLoginTest@604ed9f0]" name="afterSuite" is-config="true" duration-ms="1" started-at="2018-05-09T17:17:48Z" finished-at="2018-05-09T17:17:48Z">
          <reporter-output>
          </reporter-output>
        </test-method> <!-- afterSuite -->
      </class> <!-- com.revature.testng.SalesforceLoginTest -->
    </test> <!-- Default test -->
  </suite> <!-- Default suite -->
</testng-results>
