<?xml version="1.0" encoding="UTF-8"?>
<testng-results skipped="0" failed="0" ignored="0" total="7" passed="7">
  <reporter-output>
  </reporter-output>
  <suite name="Default suite" duration-ms="18537" started-at="2018-05-17T20:06:52Z" finished-at="2018-05-17T20:07:11Z">
    <groups>
    </groups>
    <test name="Default test" duration-ms="18537" started-at="2018-05-17T20:06:52Z" finished-at="2018-05-17T20:07:11Z">
      <class name="com.revature.testng.CurriculaCoreTests">
        <test-method status="PASS" signature="beforeSuite()[pri:0, instance:com.revature.testng.CurriculaCoreTests@56ef9176]" name="beforeSuite" is-config="true" duration-ms="43" started-at="2018-05-17T20:06:52Z" finished-at="2018-05-17T20:06:52Z">
          <reporter-output>
          </reporter-output>
        </test-method> <!-- beforeSuite -->
        <test-method status="PASS" signature="beforeTest()[pri:0, instance:com.revature.testng.CurriculaCoreTests@56ef9176]" name="beforeTest" is-config="true" duration-ms="0" started-at="2018-05-17T20:06:52Z" finished-at="2018-05-17T20:06:52Z">
          <reporter-output>
          </reporter-output>
        </test-method> <!-- beforeTest -->
        <test-method status="PASS" signature="beforeClass()[pri:0, instance:com.revature.testng.CurriculaCoreTests@56ef9176]" name="beforeClass" is-config="true" duration-ms="0" started-at="2018-05-17T20:06:52Z" finished-at="2018-05-17T20:06:52Z">
          <reporter-output>
          </reporter-output>
        </test-method> <!-- beforeClass -->
        <test-method status="PASS" signature="f(java.lang.Integer, java.lang.String)[pri:0, instance:com.revature.testng.CurriculaCoreTests@56ef9176]" name="f" duration-ms="12" started-at="2018-05-17T20:06:52Z" data-provider="dp" finished-at="2018-05-17T20:06:52Z">
          <params>
            <param index="0">
              <value>
                <![CDATA[1]]>
              </value>
            </param>
            <param index="1">
              <value>
                <![CDATA[a]]>
              </value>
            </param>
          </params>
          <reporter-output>
          </reporter-output>
        </test-method> <!-- f -->
        <test-method status="PASS" signature="beforeMethod()[pri:0, instance:com.revature.testng.CurriculaCoreTests@56ef9176]" name="beforeMethod" is-config="true" duration-ms="0" started-at="2018-05-17T20:06:52Z" finished-at="2018-05-17T20:06:52Z">
          <reporter-output>
          </reporter-output>
        </test-method> <!-- beforeMethod -->
        <test-method status="PASS" signature="beforeMethod()[pri:0, instance:com.revature.testng.CurriculaCoreTests@56ef9176]" name="beforeMethod" is-config="true" duration-ms="1" started-at="2018-05-17T20:06:52Z" finished-at="2018-05-17T20:06:52Z">
          <reporter-output>
          </reporter-output>
        </test-method> <!-- beforeMethod -->
        <test-method status="PASS" signature="afterMethod()[pri:0, instance:com.revature.testng.CurriculaCoreTests@56ef9176]" name="afterMethod" is-config="true" duration-ms="0" started-at="2018-05-17T20:06:52Z" finished-at="2018-05-17T20:06:52Z">
          <reporter-output>
          </reporter-output>
        </test-method> <!-- afterMethod -->
        <test-method status="PASS" signature="f(java.lang.Integer, java.lang.String)[pri:0, instance:com.revature.testng.CurriculaCoreTests@56ef9176]" name="f" duration-ms="2" started-at="2018-05-17T20:06:52Z" data-provider="dp" finished-at="2018-05-17T20:06:52Z">
          <params>
            <param index="0">
              <value>
                <![CDATA[2]]>
              </value>
            </param>
            <param index="1">
              <value>
                <![CDATA[b]]>
              </value>
            </param>
          </params>
          <reporter-output>
          </reporter-output>
        </test-method> <!-- f -->
        <test-method status="PASS" signature="afterMethod()[pri:0, instance:com.revature.testng.CurriculaCoreTests@56ef9176]" name="afterMethod" is-config="true" duration-ms="0" started-at="2018-05-17T20:06:52Z" finished-at="2018-05-17T20:06:52Z">
          <reporter-output>
          </reporter-output>
        </test-method> <!-- afterMethod -->
        <test-method status="PASS" signature="loginSuccessful()[pri:1, instance:com.revature.testng.CurriculaCoreTests@56ef9176]" name="loginSuccessful" duration-ms="7984" started-at="2018-05-17T20:06:52Z" finished-at="2018-05-17T20:07:00Z">
          <reporter-output>
          </reporter-output>
        </test-method> <!-- loginSuccessful -->
        <test-method status="PASS" signature="beforeMethod()[pri:0, instance:com.revature.testng.CurriculaCoreTests@56ef9176]" name="beforeMethod" is-config="true" duration-ms="0" started-at="2018-05-17T20:06:52Z" finished-at="2018-05-17T20:06:52Z">
          <reporter-output>
          </reporter-output>
        </test-method> <!-- beforeMethod -->
        <test-method status="PASS" signature="afterMethod()[pri:0, instance:com.revature.testng.CurriculaCoreTests@56ef9176]" name="afterMethod" is-config="true" duration-ms="0" started-at="2018-05-17T20:07:00Z" finished-at="2018-05-17T20:07:00Z">
          <reporter-output>
          </reporter-output>
        </test-method> <!-- afterMethod -->
        <test-method status="PASS" signature="beforeMethod()[pri:0, instance:com.revature.testng.CurriculaCoreTests@56ef9176]" name="beforeMethod" is-config="true" duration-ms="0" started-at="2018-05-17T20:07:00Z" finished-at="2018-05-17T20:07:00Z">
          <reporter-output>
          </reporter-output>
        </test-method> <!-- beforeMethod -->
        <test-method status="PASS" signature="goToCurriculaPage()[pri:2, instance:com.revature.testng.CurriculaCoreTests@56ef9176]" name="goToCurriculaPage" duration-ms="3993" started-at="2018-05-17T20:07:00Z" finished-at="2018-05-17T20:07:04Z">
          <reporter-output>
          </reporter-output>
        </test-method> <!-- goToCurriculaPage -->
        <test-method status="PASS" signature="afterMethod()[pri:0, instance:com.revature.testng.CurriculaCoreTests@56ef9176]" name="afterMethod" is-config="true" duration-ms="0" started-at="2018-05-17T20:07:04Z" finished-at="2018-05-17T20:07:04Z">
          <reporter-output>
          </reporter-output>
        </test-method> <!-- afterMethod -->
        <test-method status="PASS" signature="clickAddButton()[pri:3, instance:com.revature.testng.CurriculaCoreTests@56ef9176]" name="clickAddButton" duration-ms="504" started-at="2018-05-17T20:07:04Z" finished-at="2018-05-17T20:07:05Z">
          <reporter-output>
          </reporter-output>
        </test-method> <!-- clickAddButton -->
        <test-method status="PASS" signature="beforeMethod()[pri:0, instance:com.revature.testng.CurriculaCoreTests@56ef9176]" name="beforeMethod" is-config="true" duration-ms="0" started-at="2018-05-17T20:07:04Z" finished-at="2018-05-17T20:07:04Z">
          <reporter-output>
          </reporter-output>
        </test-method> <!-- beforeMethod -->
        <test-method status="PASS" signature="afterMethod()[pri:0, instance:com.revature.testng.CurriculaCoreTests@56ef9176]" name="afterMethod" is-config="true" duration-ms="0" started-at="2018-05-17T20:07:05Z" finished-at="2018-05-17T20:07:05Z">
          <reporter-output>
          </reporter-output>
        </test-method> <!-- afterMethod -->
        <test-method status="PASS" signature="beforeMethod()[pri:0, instance:com.revature.testng.CurriculaCoreTests@56ef9176]" name="beforeMethod" is-config="true" duration-ms="6" started-at="2018-05-17T20:07:05Z" finished-at="2018-05-17T20:07:05Z">
          <reporter-output>
          </reporter-output>
        </test-method> <!-- beforeMethod -->
        <test-method status="PASS" signature="addToCoreThenCancel()[pri:4, instance:com.revature.testng.CurriculaCoreTests@56ef9176]" name="addToCoreThenCancel" duration-ms="2865" started-at="2018-05-17T20:07:05Z" finished-at="2018-05-17T20:07:08Z">
          <reporter-output>
          </reporter-output>
        </test-method> <!-- addToCoreThenCancel -->
        <test-method status="PASS" signature="afterMethod()[pri:0, instance:com.revature.testng.CurriculaCoreTests@56ef9176]" name="afterMethod" is-config="true" duration-ms="1" started-at="2018-05-17T20:07:08Z" finished-at="2018-05-17T20:07:08Z">
          <reporter-output>
          </reporter-output>
        </test-method> <!-- afterMethod -->
        <test-method status="PASS" signature="addToCoreThenSave()[pri:5, instance:com.revature.testng.CurriculaCoreTests@56ef9176]" name="addToCoreThenSave" duration-ms="3094" started-at="2018-05-17T20:07:08Z" finished-at="2018-05-17T20:07:11Z">
          <reporter-output>
          </reporter-output>
        </test-method> <!-- addToCoreThenSave -->
        <test-method status="PASS" signature="beforeMethod()[pri:0, instance:com.revature.testng.CurriculaCoreTests@56ef9176]" name="beforeMethod" is-config="true" duration-ms="0" started-at="2018-05-17T20:07:08Z" finished-at="2018-05-17T20:07:08Z">
          <reporter-output>
          </reporter-output>
        </test-method> <!-- beforeMethod -->
        <test-method status="PASS" signature="afterMethod()[pri:0, instance:com.revature.testng.CurriculaCoreTests@56ef9176]" name="afterMethod" is-config="true" duration-ms="0" started-at="2018-05-17T20:07:11Z" finished-at="2018-05-17T20:07:11Z">
          <reporter-output>
          </reporter-output>
        </test-method> <!-- afterMethod -->
        <test-method status="PASS" signature="afterTest()[pri:0, instance:com.revature.testng.CurriculaCoreTests@56ef9176]" name="afterTest" is-config="true" duration-ms="0" started-at="2018-05-17T20:07:11Z" finished-at="2018-05-17T20:07:11Z">
          <reporter-output>
          </reporter-output>
        </test-method> <!-- afterTest -->
        <test-method status="PASS" signature="afterClass()[pri:0, instance:com.revature.testng.CurriculaCoreTests@56ef9176]" name="afterClass" is-config="true" duration-ms="0" started-at="2018-05-17T20:07:11Z" finished-at="2018-05-17T20:07:11Z">
          <reporter-output>
          </reporter-output>
        </test-method> <!-- afterClass -->
        <test-method status="PASS" signature="afterSuite()[pri:0, instance:com.revature.testng.CurriculaCoreTests@56ef9176]" name="afterSuite" is-config="true" duration-ms="0" started-at="2018-05-17T20:07:11Z" finished-at="2018-05-17T20:07:11Z">
          <reporter-output>
          </reporter-output>
        </test-method> <!-- afterSuite -->
      </class> <!-- com.revature.testng.CurriculaCoreTests -->
    </test> <!-- Default test -->
  </suite> <!-- Default suite -->
</testng-results>
