<?xml version="1.0" encoding="UTF-8"?>
<testng-results skipped="0" failed="2" ignored="0" total="8" passed="6">
  <reporter-output>
  </reporter-output>
  <suite name="Default suite" duration-ms="59360" started-at="2018-05-11T18:20:49Z" finished-at="2018-05-11T18:21:48Z">
    <groups>
    </groups>
    <test name="Default test" duration-ms="59360" started-at="2018-05-11T18:20:49Z" finished-at="2018-05-11T18:21:48Z">
      <class name="com.revature.testng.SalesforceLoginTest">
        <test-method status="PASS" signature="beforeTest()[pri:0, instance:com.revature.testng.SalesforceLoginTest@553f17c]" name="beforeTest" is-config="true" duration-ms="0" started-at="2018-05-11T18:20:49Z" finished-at="2018-05-11T18:20:49Z">
          <reporter-output>
          </reporter-output>
        </test-method> <!-- beforeTest -->
        <test-method status="PASS" signature="beforeSuite()[pri:0, instance:com.revature.testng.SalesforceLoginTest@553f17c]" name="beforeSuite" is-config="true" duration-ms="0" started-at="2018-05-11T18:20:49Z" finished-at="2018-05-11T18:20:49Z">
          <reporter-output>
          </reporter-output>
        </test-method> <!-- beforeSuite -->
        <test-method status="PASS" signature="beforeMethod()[pri:0, instance:com.revature.testng.SalesforceLoginTest@553f17c]" name="beforeMethod" is-config="true" duration-ms="2805" started-at="2018-05-11T18:20:49Z" finished-at="2018-05-11T18:20:52Z">
          <reporter-output>
          </reporter-output>
        </test-method> <!-- beforeMethod -->
        <test-method status="PASS" signature="beforeClass()[pri:0, instance:com.revature.testng.SalesforceLoginTest@553f17c]" name="beforeClass" is-config="true" duration-ms="0" started-at="2018-05-11T18:20:49Z" finished-at="2018-05-11T18:20:49Z">
          <reporter-output>
          </reporter-output>
        </test-method> <!-- beforeClass -->
        <test-method status="PASS" signature="findLoginPageSuccessful()[pri:0, instance:com.revature.testng.SalesforceLoginTest@553f17c]" name="findLoginPageSuccessful" duration-ms="8117" started-at="2018-05-11T18:20:52Z" finished-at="2018-05-11T18:21:00Z">
          <reporter-output>
          </reporter-output>
        </test-method> <!-- findLoginPageSuccessful -->
        <test-method status="PASS" signature="afterMethod()[pri:0, instance:com.revature.testng.SalesforceLoginTest@553f17c]" name="afterMethod" is-config="true" duration-ms="172" started-at="2018-05-11T18:21:00Z" finished-at="2018-05-11T18:21:00Z">
          <reporter-output>
          </reporter-output>
        </test-method> <!-- afterMethod -->
        <test-method status="PASS" signature="beforeMethod()[pri:0, instance:com.revature.testng.SalesforceLoginTest@553f17c]" name="beforeMethod" is-config="true" duration-ms="2196" started-at="2018-05-11T18:21:00Z" finished-at="2018-05-11T18:21:02Z">
          <reporter-output>
          </reporter-output>
        </test-method> <!-- beforeMethod -->
        <test-method status="PASS" signature="loginAsTrainerWithWrongCredentials()[pri:1, instance:com.revature.testng.SalesforceLoginTest@553f17c]" name="loginAsTrainerWithWrongCredentials" duration-ms="1898" started-at="2018-05-11T18:21:02Z" finished-at="2018-05-11T18:21:04Z">
          <reporter-output>
          </reporter-output>
        </test-method> <!-- loginAsTrainerWithWrongCredentials -->
        <test-method status="PASS" signature="afterMethod()[pri:0, instance:com.revature.testng.SalesforceLoginTest@553f17c]" name="afterMethod" is-config="true" duration-ms="139" started-at="2018-05-11T18:21:04Z" finished-at="2018-05-11T18:21:04Z">
          <reporter-output>
          </reporter-output>
        </test-method> <!-- afterMethod -->
        <test-method status="PASS" signature="beforeMethod()[pri:0, instance:com.revature.testng.SalesforceLoginTest@553f17c]" name="beforeMethod" is-config="true" duration-ms="2219" started-at="2018-05-11T18:21:04Z" finished-at="2018-05-11T18:21:07Z">
          <reporter-output>
          </reporter-output>
        </test-method> <!-- beforeMethod -->
        <test-method status="PASS" signature="loginAsTrainerSuccessful()[pri:2, instance:com.revature.testng.SalesforceLoginTest@553f17c]" name="loginAsTrainerSuccessful" duration-ms="2964" started-at="2018-05-11T18:21:07Z" finished-at="2018-05-11T18:21:10Z">
          <reporter-output>
          </reporter-output>
        </test-method> <!-- loginAsTrainerSuccessful -->
        <test-method status="PASS" signature="afterMethod()[pri:0, instance:com.revature.testng.SalesforceLoginTest@553f17c]" name="afterMethod" is-config="true" duration-ms="2368" started-at="2018-05-11T18:21:10Z" finished-at="2018-05-11T18:21:12Z">
          <reporter-output>
          </reporter-output>
        </test-method> <!-- afterMethod -->
        <test-method status="PASS" signature="beforeMethod()[pri:0, instance:com.revature.testng.SalesforceLoginTest@553f17c]" name="beforeMethod" is-config="true" duration-ms="2263" started-at="2018-05-11T18:21:12Z" finished-at="2018-05-11T18:21:14Z">
          <reporter-output>
          </reporter-output>
        </test-method> <!-- beforeMethod -->
        <test-method status="PASS" signature="homePageDisplaysAllBatches()[pri:3, instance:com.revature.testng.SalesforceLoginTest@553f17c]" name="homePageDisplaysAllBatches" duration-ms="5139" started-at="2018-05-11T18:21:14Z" finished-at="2018-05-11T18:21:19Z">
          <reporter-output>
          </reporter-output>
        </test-method> <!-- homePageDisplaysAllBatches -->
        <test-method status="PASS" signature="afterMethod()[pri:0, instance:com.revature.testng.SalesforceLoginTest@553f17c]" name="afterMethod" is-config="true" duration-ms="134" started-at="2018-05-11T18:21:19Z" finished-at="2018-05-11T18:21:20Z">
          <reporter-output>
          </reporter-output>
        </test-method> <!-- afterMethod -->
        <test-method status="PASS" signature="beforeMethod()[pri:0, instance:com.revature.testng.SalesforceLoginTest@553f17c]" name="beforeMethod" is-config="true" duration-ms="2492" started-at="2018-05-11T18:21:20Z" finished-at="2018-05-11T18:21:22Z">
          <reporter-output>
          </reporter-output>
        </test-method> <!-- beforeMethod -->
        <test-method status="PASS" signature="navigationTagsActive()[pri:4, instance:com.revature.testng.SalesforceLoginTest@553f17c]" name="navigationTagsActive" duration-ms="5640" started-at="2018-05-11T18:21:22Z" finished-at="2018-05-11T18:21:28Z">
          <reporter-output>
          </reporter-output>
        </test-method> <!-- navigationTagsActive -->
        <test-method status="PASS" signature="afterMethod()[pri:0, instance:com.revature.testng.SalesforceLoginTest@553f17c]" name="afterMethod" is-config="true" duration-ms="134" started-at="2018-05-11T18:21:28Z" finished-at="2018-05-11T18:21:28Z">
          <reporter-output>
          </reporter-output>
        </test-method> <!-- afterMethod -->
        <test-method status="PASS" signature="beforeMethod()[pri:0, instance:com.revature.testng.SalesforceLoginTest@553f17c]" name="beforeMethod" is-config="true" duration-ms="2266" started-at="2018-05-11T18:21:28Z" finished-at="2018-05-11T18:21:30Z">
          <reporter-output>
          </reporter-output>
        </test-method> <!-- beforeMethod -->
        <test-method status="FAIL" signature="filterSuccessful()[pri:5, instance:com.revature.testng.SalesforceLoginTest@553f17c]" name="filterSuccessful" duration-ms="5619" started-at="2018-05-11T18:21:30Z" finished-at="2018-05-11T18:21:36Z">
          <exception class="org.openqa.selenium.WebDriverException">
            <message>
              <![CDATA[unknown error: Element <md-icon md-menu-origin="" md-svg-icon="img/ic_filter_list_white_24px.svg" class="ng-scope">...</md-icon> is not clickable at point (774, 132). Other element would receive the click: <md-backdrop class="md-menu-backdrop md-click-catcher ng-scope ng-animate ng-enter ng-enter-active" data-ng-animate="2" style="position: fixed;"></md-backdrop>
  (Session info: chrome=66.0.3359.139)
  (Driver info: chromedriver=2.36.540470 (e522d04694c7ebea4ba8821272dbef4f9b818c91),platform=Windows NT 10.0.16299 x86_64) (WARNING: The server did not provide any stacktrace information)
Command duration or timeout: 0 milliseconds
Build info: version: '3.11.0', revision: 'e59cfb3', time: '2018-03-11T20:26:55.152Z'
System info: host: 'WINDOWS-A0EN0AG', ip: '192.168.61.26', os.name: 'Windows 10', os.arch: 'amd64', os.version: '10.0', java.version: '1.8.0_161'
Driver info: org.openqa.selenium.chrome.ChromeDriver
Capabilities {acceptInsecureCerts: false, acceptSslCerts: false, applicationCacheEnabled: false, browserConnectionEnabled: false, browserName: chrome, chrome: {chromedriverVersion: 2.36.540470 (e522d04694c7eb..., userDataDir: C:\Users\Dakot\AppData\Loca...}, cssSelectorsEnabled: true, databaseEnabled: false, handlesAlerts: true, hasTouchScreen: false, javascriptEnabled: true, locationContextEnabled: true, mobileEmulationEnabled: false, nativeEvents: true, networkConnectionEnabled: false, pageLoadStrategy: normal, platform: XP, platformName: XP, rotatable: false, setWindowRect: true, takesHeapSnapshot: true, takesScreenshot: true, unexpectedAlertBehaviour: , unhandledPromptBehavior: , version: 66.0.3359.139, webStorageEnabled: true}
Session ID: a4b69324fec66018eddb637bdcd0b20f]]>
            </message>
            <full-stacktrace>
              <![CDATA[org.openqa.selenium.WebDriverException: unknown error: Element <md-icon md-menu-origin="" md-svg-icon="img/ic_filter_list_white_24px.svg" class="ng-scope">...</md-icon> is not clickable at point (774, 132). Other element would receive the click: <md-backdrop class="md-menu-backdrop md-click-catcher ng-scope ng-animate ng-enter ng-enter-active" data-ng-animate="2" style="position: fixed;"></md-backdrop>
  (Session info: chrome=66.0.3359.139)
  (Driver info: chromedriver=2.36.540470 (e522d04694c7ebea4ba8821272dbef4f9b818c91),platform=Windows NT 10.0.16299 x86_64) (WARNING: The server did not provide any stacktrace information)
Command duration or timeout: 0 milliseconds
Build info: version: '3.11.0', revision: 'e59cfb3', time: '2018-03-11T20:26:55.152Z'
System info: host: 'WINDOWS-A0EN0AG', ip: '192.168.61.26', os.name: 'Windows 10', os.arch: 'amd64', os.version: '10.0', java.version: '1.8.0_161'
Driver info: org.openqa.selenium.chrome.ChromeDriver
Capabilities {acceptInsecureCerts: false, acceptSslCerts: false, applicationCacheEnabled: false, browserConnectionEnabled: false, browserName: chrome, chrome: {chromedriverVersion: 2.36.540470 (e522d04694c7eb..., userDataDir: C:\Users\Dakot\AppData\Loca...}, cssSelectorsEnabled: true, databaseEnabled: false, handlesAlerts: true, hasTouchScreen: false, javascriptEnabled: true, locationContextEnabled: true, mobileEmulationEnabled: false, nativeEvents: true, networkConnectionEnabled: false, pageLoadStrategy: normal, platform: XP, platformName: XP, rotatable: false, setWindowRect: true, takesHeapSnapshot: true, takesScreenshot: true, unexpectedAlertBehaviour: , unhandledPromptBehavior: , version: 66.0.3359.139, webStorageEnabled: true}
Session ID: a4b69324fec66018eddb637bdcd0b20f
at sun.reflect.NativeConstructorAccessorImpl.newInstance0(Native Method)
at sun.reflect.NativeConstructorAccessorImpl.newInstance(Unknown Source)
at sun.reflect.DelegatingConstructorAccessorImpl.newInstance(Unknown Source)
at java.lang.reflect.Constructor.newInstance(Unknown Source)
at org.openqa.selenium.remote.ErrorHandler.createThrowable(ErrorHandler.java:214)
at org.openqa.selenium.remote.ErrorHandler.throwIfResponseFailed(ErrorHandler.java:166)
at org.openqa.selenium.remote.http.JsonHttpResponseCodec.reconstructValue(JsonHttpResponseCodec.java:40)
at org.openqa.selenium.remote.http.AbstractHttpResponseCodec.decode(AbstractHttpResponseCodec.java:80)
at org.openqa.selenium.remote.http.AbstractHttpResponseCodec.decode(AbstractHttpResponseCodec.java:44)
at org.openqa.selenium.remote.HttpCommandExecutor.execute(HttpCommandExecutor.java:158)
at org.openqa.selenium.remote.service.DriverCommandExecutor.execute(DriverCommandExecutor.java:83)
at org.openqa.selenium.remote.RemoteWebDriver.execute(RemoteWebDriver.java:545)
at org.openqa.selenium.remote.RemoteWebElement.execute(RemoteWebElement.java:279)
at org.openqa.selenium.remote.RemoteWebElement.click(RemoteWebElement.java:83)
at com.revature.testng.SalesforceLoginTest.filterSuccessful(SalesforceLoginTest.java:250)
at sun.reflect.NativeMethodAccessorImpl.invoke0(Native Method)
at sun.reflect.NativeMethodAccessorImpl.invoke(Unknown Source)
at sun.reflect.DelegatingMethodAccessorImpl.invoke(Unknown Source)
at java.lang.reflect.Method.invoke(Unknown Source)
at org.testng.internal.MethodInvocationHelper.invokeMethod(MethodInvocationHelper.java:124)
at org.testng.internal.Invoker.invokeMethod(Invoker.java:583)
at org.testng.internal.Invoker.invokeTestMethod(Invoker.java:719)
at org.testng.internal.Invoker.invokeTestMethods(Invoker.java:989)
at org.testng.internal.TestMethodWorker.invokeTestMethods(TestMethodWorker.java:125)
at org.testng.internal.TestMethodWorker.run(TestMethodWorker.java:109)
at org.testng.TestRunner.privateRun(TestRunner.java:648)
at org.testng.TestRunner.run(TestRunner.java:505)
at org.testng.SuiteRunner.runTest(SuiteRunner.java:455)
at org.testng.SuiteRunner.runSequentially(SuiteRunner.java:450)
at org.testng.SuiteRunner.privateRun(SuiteRunner.java:415)
at org.testng.SuiteRunner.run(SuiteRunner.java:364)
at org.testng.SuiteRunnerWorker.runSuite(SuiteRunnerWorker.java:52)
at org.testng.SuiteRunnerWorker.run(SuiteRunnerWorker.java:84)
at org.testng.TestNG.runSuitesSequentially(TestNG.java:1208)
at org.testng.TestNG.runSuitesLocally(TestNG.java:1137)
at org.testng.TestNG.runSuites(TestNG.java:1049)
at org.testng.TestNG.run(TestNG.java:1017)
at org.testng.remote.AbstractRemoteTestNG.run(AbstractRemoteTestNG.java:114)
at org.testng.remote.RemoteTestNG.initAndRun(RemoteTestNG.java:251)
at org.testng.remote.RemoteTestNG.main(RemoteTestNG.java:77)
]]>
            </full-stacktrace>
          </exception> <!-- org.openqa.selenium.WebDriverException -->
          <reporter-output>
          </reporter-output>
        </test-method> <!-- filterSuccessful -->
        <test-method status="PASS" signature="afterMethod()[pri:0, instance:com.revature.testng.SalesforceLoginTest@553f17c]" name="afterMethod" is-config="true" duration-ms="116" started-at="2018-05-11T18:21:36Z" finished-at="2018-05-11T18:21:36Z">
          <reporter-output>
          </reporter-output>
        </test-method> <!-- afterMethod -->
        <test-method status="PASS" signature="beforeMethod()[pri:0, instance:com.revature.testng.SalesforceLoginTest@553f17c]" name="beforeMethod" is-config="true" duration-ms="2219" started-at="2018-05-11T18:21:36Z" finished-at="2018-05-11T18:21:38Z">
          <reporter-output>
          </reporter-output>
        </test-method> <!-- beforeMethod -->
        <test-method status="FAIL" signature="trainerTests()[pri:6, instance:com.revature.testng.SalesforceLoginTest@553f17c]" name="trainerTests" duration-ms="5391" started-at="2018-05-11T18:21:38Z" finished-at="2018-05-11T18:21:43Z">
          <exception class="org.openqa.selenium.ElementNotVisibleException">
            <message>
              <![CDATA[element not visible
  (Session info: chrome=66.0.3359.139)
  (Driver info: chromedriver=2.36.540470 (e522d04694c7ebea4ba8821272dbef4f9b818c91),platform=Windows NT 10.0.16299 x86_64) (WARNING: The server did not provide any stacktrace information)
Command duration or timeout: 0 milliseconds
Build info: version: '3.11.0', revision: 'e59cfb3', time: '2018-03-11T20:26:55.152Z'
System info: host: 'WINDOWS-A0EN0AG', ip: '192.168.61.26', os.name: 'Windows 10', os.arch: 'amd64', os.version: '10.0', java.version: '1.8.0_161'
Driver info: org.openqa.selenium.chrome.ChromeDriver
Capabilities {acceptInsecureCerts: false, acceptSslCerts: false, applicationCacheEnabled: false, browserConnectionEnabled: false, browserName: chrome, chrome: {chromedriverVersion: 2.36.540470 (e522d04694c7eb..., userDataDir: C:\Users\Dakot\AppData\Loca...}, cssSelectorsEnabled: true, databaseEnabled: false, handlesAlerts: true, hasTouchScreen: false, javascriptEnabled: true, locationContextEnabled: true, mobileEmulationEnabled: false, nativeEvents: true, networkConnectionEnabled: false, pageLoadStrategy: normal, platform: XP, platformName: XP, rotatable: false, setWindowRect: true, takesHeapSnapshot: true, takesScreenshot: true, unexpectedAlertBehaviour: , unhandledPromptBehavior: , version: 66.0.3359.139, webStorageEnabled: true}
Session ID: ce5afc4f929849ae1dbfb988ff69225c]]>
            </message>
            <full-stacktrace>
              <![CDATA[org.openqa.selenium.ElementNotVisibleException: element not visible
  (Session info: chrome=66.0.3359.139)
  (Driver info: chromedriver=2.36.540470 (e522d04694c7ebea4ba8821272dbef4f9b818c91),platform=Windows NT 10.0.16299 x86_64) (WARNING: The server did not provide any stacktrace information)
Command duration or timeout: 0 milliseconds
Build info: version: '3.11.0', revision: 'e59cfb3', time: '2018-03-11T20:26:55.152Z'
System info: host: 'WINDOWS-A0EN0AG', ip: '192.168.61.26', os.name: 'Windows 10', os.arch: 'amd64', os.version: '10.0', java.version: '1.8.0_161'
Driver info: org.openqa.selenium.chrome.ChromeDriver
Capabilities {acceptInsecureCerts: false, acceptSslCerts: false, applicationCacheEnabled: false, browserConnectionEnabled: false, browserName: chrome, chrome: {chromedriverVersion: 2.36.540470 (e522d04694c7eb..., userDataDir: C:\Users\Dakot\AppData\Loca...}, cssSelectorsEnabled: true, databaseEnabled: false, handlesAlerts: true, hasTouchScreen: false, javascriptEnabled: true, locationContextEnabled: true, mobileEmulationEnabled: false, nativeEvents: true, networkConnectionEnabled: false, pageLoadStrategy: normal, platform: XP, platformName: XP, rotatable: false, setWindowRect: true, takesHeapSnapshot: true, takesScreenshot: true, unexpectedAlertBehaviour: , unhandledPromptBehavior: , version: 66.0.3359.139, webStorageEnabled: true}
Session ID: ce5afc4f929849ae1dbfb988ff69225c
at sun.reflect.NativeConstructorAccessorImpl.newInstance0(Native Method)
at sun.reflect.NativeConstructorAccessorImpl.newInstance(Unknown Source)
at sun.reflect.DelegatingConstructorAccessorImpl.newInstance(Unknown Source)
at java.lang.reflect.Constructor.newInstance(Unknown Source)
at org.openqa.selenium.remote.ErrorHandler.createThrowable(ErrorHandler.java:214)
at org.openqa.selenium.remote.ErrorHandler.throwIfResponseFailed(ErrorHandler.java:166)
at org.openqa.selenium.remote.http.JsonHttpResponseCodec.reconstructValue(JsonHttpResponseCodec.java:40)
at org.openqa.selenium.remote.http.AbstractHttpResponseCodec.decode(AbstractHttpResponseCodec.java:80)
at org.openqa.selenium.remote.http.AbstractHttpResponseCodec.decode(AbstractHttpResponseCodec.java:44)
at org.openqa.selenium.remote.HttpCommandExecutor.execute(HttpCommandExecutor.java:158)
at org.openqa.selenium.remote.service.DriverCommandExecutor.execute(DriverCommandExecutor.java:83)
at org.openqa.selenium.remote.RemoteWebDriver.execute(RemoteWebDriver.java:545)
at org.openqa.selenium.remote.RemoteWebElement.execute(RemoteWebElement.java:279)
at org.openqa.selenium.remote.RemoteWebElement.click(RemoteWebElement.java:83)
at com.revature.testng.SalesforceLoginTest.trainerTests(SalesforceLoginTest.java:268)
at sun.reflect.NativeMethodAccessorImpl.invoke0(Native Method)
at sun.reflect.NativeMethodAccessorImpl.invoke(Unknown Source)
at sun.reflect.DelegatingMethodAccessorImpl.invoke(Unknown Source)
at java.lang.reflect.Method.invoke(Unknown Source)
at org.testng.internal.MethodInvocationHelper.invokeMethod(MethodInvocationHelper.java:124)
at org.testng.internal.Invoker.invokeMethod(Invoker.java:583)
at org.testng.internal.Invoker.invokeTestMethod(Invoker.java:719)
at org.testng.internal.Invoker.invokeTestMethods(Invoker.java:989)
at org.testng.internal.TestMethodWorker.invokeTestMethods(TestMethodWorker.java:125)
at org.testng.internal.TestMethodWorker.run(TestMethodWorker.java:109)
at org.testng.TestRunner.privateRun(TestRunner.java:648)
at org.testng.TestRunner.run(TestRunner.java:505)
at org.testng.SuiteRunner.runTest(SuiteRunner.java:455)
at org.testng.SuiteRunner.runSequentially(SuiteRunner.java:450)
at org.testng.SuiteRunner.privateRun(SuiteRunner.java:415)
at org.testng.SuiteRunner.run(SuiteRunner.java:364)
at org.testng.SuiteRunnerWorker.runSuite(SuiteRunnerWorker.java:52)
at org.testng.SuiteRunnerWorker.run(SuiteRunnerWorker.java:84)
at org.testng.TestNG.runSuitesSequentially(TestNG.java:1208)
at org.testng.TestNG.runSuitesLocally(TestNG.java:1137)
at org.testng.TestNG.runSuites(TestNG.java:1049)
at org.testng.TestNG.run(TestNG.java:1017)
at org.testng.remote.AbstractRemoteTestNG.run(AbstractRemoteTestNG.java:114)
at org.testng.remote.RemoteTestNG.initAndRun(RemoteTestNG.java:251)
at org.testng.remote.RemoteTestNG.main(RemoteTestNG.java:77)
]]>
            </full-stacktrace>
          </exception> <!-- org.openqa.selenium.ElementNotVisibleException -->
          <reporter-output>
          </reporter-output>
        </test-method> <!-- trainerTests -->
        <test-method status="PASS" signature="afterMethod()[pri:0, instance:com.revature.testng.SalesforceLoginTest@553f17c]" name="afterMethod" is-config="true" duration-ms="122" started-at="2018-05-11T18:21:43Z" finished-at="2018-05-11T18:21:44Z">
          <reporter-output>
          </reporter-output>
        </test-method> <!-- afterMethod -->
        <test-method status="PASS" signature="beforeMethod()[pri:0, instance:com.revature.testng.SalesforceLoginTest@553f17c]" name="beforeMethod" is-config="true" duration-ms="2456" started-at="2018-05-11T18:21:44Z" finished-at="2018-05-11T18:21:46Z">
          <reporter-output>
          </reporter-output>
        </test-method> <!-- beforeMethod -->
        <test-method status="PASS" signature="loginAsVpSuccessful()[pri:10, instance:com.revature.testng.SalesforceLoginTest@553f17c]" name="loginAsVpSuccessful" duration-ms="2278" started-at="2018-05-11T18:21:46Z" finished-at="2018-05-11T18:21:48Z">
          <reporter-output>
          </reporter-output>
        </test-method> <!-- loginAsVpSuccessful -->
        <test-method status="PASS" signature="afterMethod()[pri:0, instance:com.revature.testng.SalesforceLoginTest@553f17c]" name="afterMethod" is-config="true" duration-ms="173" started-at="2018-05-11T18:21:48Z" finished-at="2018-05-11T18:21:48Z">
          <reporter-output>
          </reporter-output>
        </test-method> <!-- afterMethod -->
        <test-method status="PASS" signature="afterClass()[pri:0, instance:com.revature.testng.SalesforceLoginTest@553f17c]" name="afterClass" is-config="true" duration-ms="0" started-at="2018-05-11T18:21:48Z" finished-at="2018-05-11T18:21:48Z">
          <reporter-output>
          </reporter-output>
        </test-method> <!-- afterClass -->
        <test-method status="PASS" signature="afterTest()[pri:0, instance:com.revature.testng.SalesforceLoginTest@553f17c]" name="afterTest" is-config="true" duration-ms="0" started-at="2018-05-11T18:21:48Z" finished-at="2018-05-11T18:21:48Z">
          <reporter-output>
          </reporter-output>
        </test-method> <!-- afterTest -->
        <test-method status="PASS" signature="afterSuite()[pri:0, instance:com.revature.testng.SalesforceLoginTest@553f17c]" name="afterSuite" is-config="true" duration-ms="16" started-at="2018-05-11T18:21:49Z" finished-at="2018-05-11T18:21:49Z">
          <reporter-output>
          </reporter-output>
        </test-method> <!-- afterSuite -->
      </class> <!-- com.revature.testng.SalesforceLoginTest -->
    </test> <!-- Default test -->
  </suite> <!-- Default suite -->
</testng-results>
