<?xml version="1.0" encoding="UTF-8"?>
<testng-results skipped="0" failed="0" ignored="0" total="8" passed="8">
  <reporter-output>
  </reporter-output>
  <suite name="Default suite" duration-ms="75399" started-at="2018-05-17T19:35:45Z" finished-at="2018-05-17T19:37:01Z">
    <groups>
    </groups>
    <test name="Default test" duration-ms="75399" started-at="2018-05-17T19:35:45Z" finished-at="2018-05-17T19:37:01Z">
      <class name="com.revature.testng.TrainersTests">
        <test-method status="PASS" signature="beforeClass()[pri:0, instance:com.revature.testng.TrainersTests@4566e5bd]" name="beforeClass" is-config="true" duration-ms="2609" started-at="2018-05-17T19:35:45Z" finished-at="2018-05-17T19:35:48Z">
          <reporter-output>
          </reporter-output>
        </test-method> <!-- beforeClass -->
        <test-method status="PASS" signature="findTrainersPage()[pri:1, instance:com.revature.testng.TrainersTests@4566e5bd]" name="findTrainersPage" duration-ms="18045" started-at="2018-05-17T19:35:48Z" finished-at="2018-05-17T19:36:06Z">
          <reporter-output>
          </reporter-output>
        </test-method> <!-- findTrainersPage -->
        <test-method status="PASS" signature="createTrainWithoutFirstName()[pri:2, instance:com.revature.testng.TrainersTests@4566e5bd]" name="createTrainWithoutFirstName" duration-ms="4320" started-at="2018-05-17T19:36:06Z" finished-at="2018-05-17T19:36:10Z">
          <reporter-output>
          </reporter-output>
        </test-method> <!-- createTrainWithoutFirstName -->
        <test-method status="PASS" signature="createTrainWithoutLastName()[pri:3, instance:com.revature.testng.TrainersTests@4566e5bd]" name="createTrainWithoutLastName" duration-ms="3823" started-at="2018-05-17T19:36:10Z" finished-at="2018-05-17T19:36:14Z">
          <reporter-output>
          </reporter-output>
        </test-method> <!-- createTrainWithoutLastName -->
        <test-method status="PASS" signature="createNewTrainer()[pri:4, instance:com.revature.testng.TrainersTests@4566e5bd]" name="createNewTrainer" duration-ms="12631" started-at="2018-05-17T19:36:14Z" finished-at="2018-05-17T19:36:27Z">
          <reporter-output>
          </reporter-output>
        </test-method> <!-- createNewTrainer -->
        <test-method status="PASS" signature="deactivateTrainer()[pri:5, instance:com.revature.testng.TrainersTests@4566e5bd]" name="deactivateTrainer" duration-ms="12036" started-at="2018-05-17T19:36:27Z" finished-at="2018-05-17T19:36:39Z">
          <reporter-output>
          </reporter-output>
        </test-method> <!-- deactivateTrainer -->
        <test-method status="PASS" signature="activateTrainer()[pri:6, instance:com.revature.testng.TrainersTests@4566e5bd]" name="activateTrainer" duration-ms="7832" started-at="2018-05-17T19:36:39Z" finished-at="2018-05-17T19:36:47Z">
          <reporter-output>
          </reporter-output>
        </test-method> <!-- activateTrainer -->
        <test-method status="PASS" signature="getResumeFormIndividualWithNoResume()[pri:7, instance:com.revature.testng.TrainersTests@4566e5bd]" name="getResumeFormIndividualWithNoResume" duration-ms="2713" started-at="2018-05-17T19:36:47Z" finished-at="2018-05-17T19:36:49Z">
          <reporter-output>
          </reporter-output>
        </test-method> <!-- getResumeFormIndividualWithNoResume -->
        <test-method status="PASS" signature="viewPTOcalanderPage()[pri:8, instance:com.revature.testng.TrainersTests@4566e5bd]" name="viewPTOcalanderPage" duration-ms="11125" started-at="2018-05-17T19:36:49Z" finished-at="2018-05-17T19:37:00Z">
          <reporter-output>
          </reporter-output>
        </test-method> <!-- viewPTOcalanderPage -->
        <test-method status="PASS" signature="afterClass()[pri:0, instance:com.revature.testng.TrainersTests@4566e5bd]" name="afterClass" is-config="true" duration-ms="212" started-at="2018-05-17T19:37:00Z" finished-at="2018-05-17T19:37:01Z">
          <reporter-output>
          </reporter-output>
        </test-method> <!-- afterClass -->
      </class> <!-- com.revature.testng.TrainersTests -->
    </test> <!-- Default test -->
  </suite> <!-- Default suite -->
</testng-results>
