<?xml version="1.0" encoding="UTF-8"?>
<testng-results skipped="0" failed="0" ignored="0" total="5" passed="5">
  <reporter-output>
  </reporter-output>
  <suite name="Default suite" duration-ms="55174" started-at="2018-05-11T15:11:28Z" finished-at="2018-05-11T15:12:24Z">
    <groups>
    </groups>
    <test name="Default test" duration-ms="55174" started-at="2018-05-11T15:11:28Z" finished-at="2018-05-11T15:12:24Z">
      <class name="com.revature.testng.SalesforceLoginTest">
        <test-method status="PASS" signature="beforeSuite()[pri:0, instance:com.revature.testng.SalesforceLoginTest@754ba872]" name="beforeSuite" is-config="true" duration-ms="9" started-at="2018-05-11T15:11:28Z" finished-at="2018-05-11T15:11:28Z">
          <reporter-output>
          </reporter-output>
        </test-method> <!-- beforeSuite -->
        <test-method status="PASS" signature="beforeTest()[pri:0, instance:com.revature.testng.SalesforceLoginTest@754ba872]" name="beforeTest" is-config="true" duration-ms="0" started-at="2018-05-11T15:11:28Z" finished-at="2018-05-11T15:11:28Z">
          <reporter-output>
          </reporter-output>
        </test-method> <!-- beforeTest -->
        <test-method status="PASS" signature="beforeClass()[pri:0, instance:com.revature.testng.SalesforceLoginTest@754ba872]" name="beforeClass" is-config="true" duration-ms="0" started-at="2018-05-11T15:11:28Z" finished-at="2018-05-11T15:11:28Z">
          <reporter-output>
          </reporter-output>
        </test-method> <!-- beforeClass -->
        <test-method status="PASS" signature="beforeMethod()[pri:0, instance:com.revature.testng.SalesforceLoginTest@754ba872]" name="beforeMethod" is-config="true" duration-ms="7313" started-at="2018-05-11T15:11:28Z" finished-at="2018-05-11T15:11:36Z">
          <reporter-output>
          </reporter-output>
        </test-method> <!-- beforeMethod -->
        <test-method status="PASS" signature="findLoginPageSuccessful()[pri:0, instance:com.revature.testng.SalesforceLoginTest@754ba872]" name="findLoginPageSuccessful" duration-ms="10304" started-at="2018-05-11T15:11:36Z" finished-at="2018-05-11T15:11:46Z">
          <reporter-output>
          </reporter-output>
        </test-method> <!-- findLoginPageSuccessful -->
        <test-method status="PASS" signature="afterMethod()[pri:0, instance:com.revature.testng.SalesforceLoginTest@754ba872]" name="afterMethod" is-config="true" duration-ms="266" started-at="2018-05-11T15:11:46Z" finished-at="2018-05-11T15:11:46Z">
          <reporter-output>
          </reporter-output>
        </test-method> <!-- afterMethod -->
        <test-method status="PASS" signature="beforeMethod()[pri:0, instance:com.revature.testng.SalesforceLoginTest@754ba872]" name="beforeMethod" is-config="true" duration-ms="3818" started-at="2018-05-11T15:11:46Z" finished-at="2018-05-11T15:11:50Z">
          <reporter-output>
          </reporter-output>
        </test-method> <!-- beforeMethod -->
        <test-method status="PASS" signature="loginAsTrainerWithWrongCredentials()[pri:1, instance:com.revature.testng.SalesforceLoginTest@754ba872]" name="loginAsTrainerWithWrongCredentials" duration-ms="3658" started-at="2018-05-11T15:11:50Z" finished-at="2018-05-11T15:11:54Z">
          <reporter-output>
          </reporter-output>
        </test-method> <!-- loginAsTrainerWithWrongCredentials -->
        <test-method status="PASS" signature="afterMethod()[pri:0, instance:com.revature.testng.SalesforceLoginTest@754ba872]" name="afterMethod" is-config="true" duration-ms="143" started-at="2018-05-11T15:11:54Z" finished-at="2018-05-11T15:11:54Z">
          <reporter-output>
          </reporter-output>
        </test-method> <!-- afterMethod -->
        <test-method status="PASS" signature="beforeMethod()[pri:0, instance:com.revature.testng.SalesforceLoginTest@754ba872]" name="beforeMethod" is-config="true" duration-ms="3404" started-at="2018-05-11T15:11:54Z" finished-at="2018-05-11T15:11:57Z">
          <reporter-output>
          </reporter-output>
        </test-method> <!-- beforeMethod -->
        <test-method status="PASS" signature="loginAsTrainerSuccessful()[pri:2, instance:com.revature.testng.SalesforceLoginTest@754ba872]" name="loginAsTrainerSuccessful" duration-ms="5070" started-at="2018-05-11T15:11:57Z" finished-at="2018-05-11T15:12:02Z">
          <reporter-output>
          </reporter-output>
        </test-method> <!-- loginAsTrainerSuccessful -->
        <test-method status="PASS" signature="afterMethod()[pri:0, instance:com.revature.testng.SalesforceLoginTest@754ba872]" name="afterMethod" is-config="true" duration-ms="213" started-at="2018-05-11T15:12:02Z" finished-at="2018-05-11T15:12:03Z">
          <reporter-output>
          </reporter-output>
        </test-method> <!-- afterMethod -->
        <test-method status="PASS" signature="beforeMethod()[pri:0, instance:com.revature.testng.SalesforceLoginTest@754ba872]" name="beforeMethod" is-config="true" duration-ms="2627" started-at="2018-05-11T15:12:03Z" finished-at="2018-05-11T15:12:05Z">
          <reporter-output>
          </reporter-output>
        </test-method> <!-- beforeMethod -->
        <test-method status="PASS" signature="loginAsTrainerLandsOnHomePage()[pri:3, instance:com.revature.testng.SalesforceLoginTest@754ba872]" name="loginAsTrainerLandsOnHomePage" duration-ms="9174" started-at="2018-05-11T15:12:05Z" finished-at="2018-05-11T15:12:14Z">
          <reporter-output>
          </reporter-output>
        </test-method> <!-- loginAsTrainerLandsOnHomePage -->
        <test-method status="PASS" signature="afterMethod()[pri:0, instance:com.revature.testng.SalesforceLoginTest@754ba872]" name="afterMethod" is-config="true" duration-ms="149" started-at="2018-05-11T15:12:14Z" finished-at="2018-05-11T15:12:15Z">
          <reporter-output>
          </reporter-output>
        </test-method> <!-- afterMethod -->
        <test-method status="PASS" signature="beforeMethod()[pri:0, instance:com.revature.testng.SalesforceLoginTest@754ba872]" name="beforeMethod" is-config="true" duration-ms="2783" started-at="2018-05-11T15:12:15Z" finished-at="2018-05-11T15:12:17Z">
          <reporter-output>
          </reporter-output>
        </test-method> <!-- beforeMethod -->
        <test-method status="PASS" signature="loginAsVpSuccessful()[pri:4, instance:com.revature.testng.SalesforceLoginTest@754ba872]" name="loginAsVpSuccessful" duration-ms="5731" started-at="2018-05-11T15:12:17Z" finished-at="2018-05-11T15:12:23Z">
          <reporter-output>
          </reporter-output>
        </test-method> <!-- loginAsVpSuccessful -->
        <test-method status="PASS" signature="afterMethod()[pri:0, instance:com.revature.testng.SalesforceLoginTest@754ba872]" name="afterMethod" is-config="true" duration-ms="496" started-at="2018-05-11T15:12:23Z" finished-at="2018-05-11T15:12:24Z">
          <reporter-output>
          </reporter-output>
        </test-method> <!-- afterMethod -->
        <test-method status="PASS" signature="afterTest()[pri:0, instance:com.revature.testng.SalesforceLoginTest@754ba872]" name="afterTest" is-config="true" duration-ms="1" started-at="2018-05-11T15:12:24Z" finished-at="2018-05-11T15:12:24Z">
          <reporter-output>
          </reporter-output>
        </test-method> <!-- afterTest -->
        <test-method status="PASS" signature="afterClass()[pri:0, instance:com.revature.testng.SalesforceLoginTest@754ba872]" name="afterClass" is-config="true" duration-ms="0" started-at="2018-05-11T15:12:24Z" finished-at="2018-05-11T15:12:24Z">
          <reporter-output>
          </reporter-output>
        </test-method> <!-- afterClass -->
        <test-method status="PASS" signature="afterSuite()[pri:0, instance:com.revature.testng.SalesforceLoginTest@754ba872]" name="afterSuite" is-config="true" duration-ms="0" started-at="2018-05-11T15:12:24Z" finished-at="2018-05-11T15:12:24Z">
          <reporter-output>
          </reporter-output>
        </test-method> <!-- afterSuite -->
      </class> <!-- com.revature.testng.SalesforceLoginTest -->
    </test> <!-- Default test -->
  </suite> <!-- Default suite -->
</testng-results>
