<?xml version="1.0" encoding="UTF-8"?>
<testng-results skipped="0" failed="2" ignored="0" total="9" passed="7">
  <reporter-output>
  </reporter-output>
  <suite name="Default suite" duration-ms="176499" started-at="2018-05-17T19:24:25Z" finished-at="2018-05-17T19:27:22Z">
    <groups>
    </groups>
    <test name="Default test" duration-ms="176499" started-at="2018-05-17T19:24:25Z" finished-at="2018-05-17T19:27:22Z">
      <class name="com.revature.testng.SalesforceSettingsTest">
        <test-method status="PASS" signature="beforeMethod()[pri:0, instance:com.revature.testng.SalesforceSettingsTest@59494225]" name="beforeMethod" is-config="true" duration-ms="2670" started-at="2018-05-17T19:24:25Z" finished-at="2018-05-17T19:24:28Z">
          <reporter-output>
          </reporter-output>
        </test-method> <!-- beforeMethod -->
        <test-method status="FAIL" signature="settingsButtonsWorks()[pri:0, instance:com.revature.testng.SalesforceSettingsTest@59494225]" name="settingsButtonsWorks" duration-ms="10855" started-at="2018-05-17T19:24:28Z" finished-at="2018-05-17T19:24:39Z">
          <exception class="java.lang.AssertionError">
            <message>
              <![CDATA[expected [https://dev.assignforce.revaturelabs.com/settings] but found [https://dev.assignforce.revaturelabs.com/home]]]>
            </message>
            <full-stacktrace>
              <![CDATA[java.lang.AssertionError: expected [https://dev.assignforce.revaturelabs.com/settings] but found [https://dev.assignforce.revaturelabs.com/home]
at org.testng.Assert.fail(Assert.java:96)
at org.testng.Assert.failNotEquals(Assert.java:776)
at org.testng.Assert.assertEqualsImpl(Assert.java:137)
at org.testng.Assert.assertEquals(Assert.java:118)
at org.testng.Assert.assertEquals(Assert.java:453)
at org.testng.Assert.assertEquals(Assert.java:463)
at com.revature.testng.SalesforceSettingsTest.settingsButtonsWorks(SalesforceSettingsTest.java:81)
at sun.reflect.NativeMethodAccessorImpl.invoke0(Native Method)
at sun.reflect.NativeMethodAccessorImpl.invoke(NativeMethodAccessorImpl.java:62)
at sun.reflect.DelegatingMethodAccessorImpl.invoke(DelegatingMethodAccessorImpl.java:43)
at java.lang.reflect.Method.invoke(Method.java:498)
at org.testng.internal.MethodInvocationHelper.invokeMethod(MethodInvocationHelper.java:124)
at org.testng.internal.Invoker.invokeMethod(Invoker.java:580)
at org.testng.internal.Invoker.invokeTestMethod(Invoker.java:716)
at org.testng.internal.Invoker.invokeTestMethods(Invoker.java:988)
at org.testng.internal.TestMethodWorker.invokeTestMethods(TestMethodWorker.java:125)
at org.testng.internal.TestMethodWorker.run(TestMethodWorker.java:109)
at org.testng.TestRunner.privateRun(TestRunner.java:648)
at org.testng.TestRunner.run(TestRunner.java:505)
at org.testng.SuiteRunner.runTest(SuiteRunner.java:455)
at org.testng.SuiteRunner.runSequentially(SuiteRunner.java:450)
at org.testng.SuiteRunner.privateRun(SuiteRunner.java:415)
at org.testng.SuiteRunner.run(SuiteRunner.java:364)
at org.testng.SuiteRunnerWorker.runSuite(SuiteRunnerWorker.java:52)
at org.testng.SuiteRunnerWorker.run(SuiteRunnerWorker.java:84)
at org.testng.TestNG.runSuitesSequentially(TestNG.java:1208)
at org.testng.TestNG.runSuitesLocally(TestNG.java:1137)
at org.testng.TestNG.runSuites(TestNG.java:1049)
at org.testng.TestNG.run(TestNG.java:1017)
at org.testng.remote.AbstractRemoteTestNG.run(AbstractRemoteTestNG.java:114)
at org.testng.remote.RemoteTestNG.initAndRun(RemoteTestNG.java:251)
at org.testng.remote.RemoteTestNG.main(RemoteTestNG.java:77)
]]>
            </full-stacktrace>
          </exception> <!-- java.lang.AssertionError -->
          <reporter-output>
          </reporter-output>
        </test-method> <!-- settingsButtonsWorks -->
        <test-method status="PASS" signature="afterMethod()[pri:0, instance:com.revature.testng.SalesforceSettingsTest@59494225]" name="afterMethod" is-config="true" duration-ms="142" started-at="2018-05-17T19:24:39Z" finished-at="2018-05-17T19:24:39Z">
          <reporter-output>
          </reporter-output>
        </test-method> <!-- afterMethod -->
        <test-method status="PASS" signature="beforeMethod()[pri:0, instance:com.revature.testng.SalesforceSettingsTest@59494225]" name="beforeMethod" is-config="true" duration-ms="1379" started-at="2018-05-17T19:24:39Z" finished-at="2018-05-17T19:24:40Z">
          <reporter-output>
          </reporter-output>
        </test-method> <!-- beforeMethod -->
        <test-method status="PASS" signature="settingsDoNotSaveBetweenTabs()[pri:1, instance:com.revature.testng.SalesforceSettingsTest@59494225]" name="settingsDoNotSaveBetweenTabs" duration-ms="15272" started-at="2018-05-17T19:24:40Z" finished-at="2018-05-17T19:24:55Z">
          <reporter-output>
          </reporter-output>
        </test-method> <!-- settingsDoNotSaveBetweenTabs -->
        <test-method status="PASS" signature="afterMethod()[pri:0, instance:com.revature.testng.SalesforceSettingsTest@59494225]" name="afterMethod" is-config="true" duration-ms="184" started-at="2018-05-17T19:24:55Z" finished-at="2018-05-17T19:24:56Z">
          <reporter-output>
          </reporter-output>
        </test-method> <!-- afterMethod -->
        <test-method status="PASS" signature="beforeMethod()[pri:0, instance:com.revature.testng.SalesforceSettingsTest@59494225]" name="beforeMethod" is-config="true" duration-ms="1396" started-at="2018-05-17T19:24:56Z" finished-at="2018-05-17T19:24:57Z">
          <reporter-output>
          </reporter-output>
        </test-method> <!-- beforeMethod -->
        <test-method status="PASS" signature="settingsDoNotSaveAfterRefresh()[pri:2, instance:com.revature.testng.SalesforceSettingsTest@59494225]" name="settingsDoNotSaveAfterRefresh" duration-ms="17638" started-at="2018-05-17T19:24:57Z" finished-at="2018-05-17T19:25:15Z">
          <reporter-output>
          </reporter-output>
        </test-method> <!-- settingsDoNotSaveAfterRefresh -->
        <test-method status="PASS" signature="afterMethod()[pri:0, instance:com.revature.testng.SalesforceSettingsTest@59494225]" name="afterMethod" is-config="true" duration-ms="180" started-at="2018-05-17T19:25:15Z" finished-at="2018-05-17T19:25:15Z">
          <reporter-output>
          </reporter-output>
        </test-method> <!-- afterMethod -->
        <test-method status="PASS" signature="beforeMethod()[pri:0, instance:com.revature.testng.SalesforceSettingsTest@59494225]" name="beforeMethod" is-config="true" duration-ms="1592" started-at="2018-05-17T19:25:15Z" finished-at="2018-05-17T19:25:16Z">
          <reporter-output>
          </reporter-output>
        </test-method> <!-- beforeMethod -->
        <test-method status="FAIL" signature="settingsDoNotSaveAfterLogout()[pri:3, instance:com.revature.testng.SalesforceSettingsTest@59494225]" name="settingsDoNotSaveAfterLogout" duration-ms="35298" started-at="2018-05-17T19:25:16Z" finished-at="2018-05-17T19:25:52Z">
          <exception class="org.openqa.selenium.NoSuchElementException">
            <message>
              <![CDATA[no such element: Unable to locate element: {"method":"id","selector":"username"}
  (Session info: chrome=66.0.3359.181)
  (Driver info: chromedriver=2.36.540469 (1881fd7f8641508feb5166b7cae561d87723cfa8),platform=Mac OS X 10.11.6 x86_64) (WARNING: The server did not provide any stacktrace information)
Command duration or timeout: 0 milliseconds
For documentation on this error, please visit: http://seleniumhq.org/exceptions/no_such_element.html
Build info: version: '3.11.0', revision: 'e59cfb3', time: '2018-03-11T20:26:55.152Z'
System info: host: 'Andrews-MacBook-Pro.local', ip: '192.168.60.193', os.name: 'Mac OS X', os.arch: 'x86_64', os.version: '10.11.6', java.version: '1.8.0_92'
Driver info: org.openqa.selenium.chrome.ChromeDriver
Capabilities {acceptInsecureCerts: false, acceptSslCerts: false, applicationCacheEnabled: false, browserConnectionEnabled: false, browserName: chrome, chrome: {chromedriverVersion: 2.36.540469 (1881fd7f864150..., userDataDir: /var/folders/g5/gyqfq14d78x...}, cssSelectorsEnabled: true, databaseEnabled: false, handlesAlerts: true, hasTouchScreen: false, javascriptEnabled: true, locationContextEnabled: true, mobileEmulationEnabled: false, nativeEvents: true, networkConnectionEnabled: false, pageLoadStrategy: normal, platform: MAC, platformName: MAC, rotatable: false, setWindowRect: true, takesHeapSnapshot: true, takesScreenshot: true, unexpectedAlertBehaviour: , unhandledPromptBehavior: , version: 66.0.3359.181, webStorageEnabled: true}
Session ID: fdb6c367029bf373a93e718f4a2444f1
*** Element info: {Using=id, value=username}]]>
            </message>
            <full-stacktrace>
              <![CDATA[org.openqa.selenium.NoSuchElementException: no such element: Unable to locate element: {"method":"id","selector":"username"}
  (Session info: chrome=66.0.3359.181)
  (Driver info: chromedriver=2.36.540469 (1881fd7f8641508feb5166b7cae561d87723cfa8),platform=Mac OS X 10.11.6 x86_64) (WARNING: The server did not provide any stacktrace information)
Command duration or timeout: 0 milliseconds
For documentation on this error, please visit: http://seleniumhq.org/exceptions/no_such_element.html
Build info: version: '3.11.0', revision: 'e59cfb3', time: '2018-03-11T20:26:55.152Z'
System info: host: 'Andrews-MacBook-Pro.local', ip: '192.168.60.193', os.name: 'Mac OS X', os.arch: 'x86_64', os.version: '10.11.6', java.version: '1.8.0_92'
Driver info: org.openqa.selenium.chrome.ChromeDriver
Capabilities {acceptInsecureCerts: false, acceptSslCerts: false, applicationCacheEnabled: false, browserConnectionEnabled: false, browserName: chrome, chrome: {chromedriverVersion: 2.36.540469 (1881fd7f864150..., userDataDir: /var/folders/g5/gyqfq14d78x...}, cssSelectorsEnabled: true, databaseEnabled: false, handlesAlerts: true, hasTouchScreen: false, javascriptEnabled: true, locationContextEnabled: true, mobileEmulationEnabled: false, nativeEvents: true, networkConnectionEnabled: false, pageLoadStrategy: normal, platform: MAC, platformName: MAC, rotatable: false, setWindowRect: true, takesHeapSnapshot: true, takesScreenshot: true, unexpectedAlertBehaviour: , unhandledPromptBehavior: , version: 66.0.3359.181, webStorageEnabled: true}
Session ID: fdb6c367029bf373a93e718f4a2444f1
*** Element info: {Using=id, value=username}
at sun.reflect.NativeConstructorAccessorImpl.newInstance0(Native Method)
at sun.reflect.NativeConstructorAccessorImpl.newInstance(NativeConstructorAccessorImpl.java:62)
at sun.reflect.DelegatingConstructorAccessorImpl.newInstance(DelegatingConstructorAccessorImpl.java:45)
at java.lang.reflect.Constructor.newInstance(Constructor.java:423)
at org.openqa.selenium.remote.ErrorHandler.createThrowable(ErrorHandler.java:214)
at org.openqa.selenium.remote.ErrorHandler.throwIfResponseFailed(ErrorHandler.java:166)
at org.openqa.selenium.remote.http.JsonHttpResponseCodec.reconstructValue(JsonHttpResponseCodec.java:40)
at org.openqa.selenium.remote.http.AbstractHttpResponseCodec.decode(AbstractHttpResponseCodec.java:80)
at org.openqa.selenium.remote.http.AbstractHttpResponseCodec.decode(AbstractHttpResponseCodec.java:44)
at org.openqa.selenium.remote.HttpCommandExecutor.execute(HttpCommandExecutor.java:158)
at org.openqa.selenium.remote.service.DriverCommandExecutor.execute(DriverCommandExecutor.java:83)
at org.openqa.selenium.remote.RemoteWebDriver.execute(RemoteWebDriver.java:545)
at org.openqa.selenium.remote.RemoteWebDriver.findElement(RemoteWebDriver.java:319)
at org.openqa.selenium.remote.RemoteWebDriver.findElementById(RemoteWebDriver.java:365)
at org.openqa.selenium.By$ById.findElement(By.java:218)
at org.openqa.selenium.remote.RemoteWebDriver.findElement(RemoteWebDriver.java:311)
at com.revature.selenium.LoginPage.loginAsVp(LoginPage.java:114)
at com.revature.testng.SalesforceSettingsTest.settingsDoNotSaveAfterLogout(SalesforceSettingsTest.java:136)
at sun.reflect.NativeMethodAccessorImpl.invoke0(Native Method)
at sun.reflect.NativeMethodAccessorImpl.invoke(NativeMethodAccessorImpl.java:62)
at sun.reflect.DelegatingMethodAccessorImpl.invoke(DelegatingMethodAccessorImpl.java:43)
at java.lang.reflect.Method.invoke(Method.java:498)
at org.testng.internal.MethodInvocationHelper.invokeMethod(MethodInvocationHelper.java:124)
at org.testng.internal.Invoker.invokeMethod(Invoker.java:580)
at org.testng.internal.Invoker.invokeTestMethod(Invoker.java:716)
at org.testng.internal.Invoker.invokeTestMethods(Invoker.java:988)
at org.testng.internal.TestMethodWorker.invokeTestMethods(TestMethodWorker.java:125)
at org.testng.internal.TestMethodWorker.run(TestMethodWorker.java:109)
at org.testng.TestRunner.privateRun(TestRunner.java:648)
at org.testng.TestRunner.run(TestRunner.java:505)
at org.testng.SuiteRunner.runTest(SuiteRunner.java:455)
at org.testng.SuiteRunner.runSequentially(SuiteRunner.java:450)
at org.testng.SuiteRunner.privateRun(SuiteRunner.java:415)
at org.testng.SuiteRunner.run(SuiteRunner.java:364)
at org.testng.SuiteRunnerWorker.runSuite(SuiteRunnerWorker.java:52)
at org.testng.SuiteRunnerWorker.run(SuiteRunnerWorker.java:84)
at org.testng.TestNG.runSuitesSequentially(TestNG.java:1208)
at org.testng.TestNG.runSuitesLocally(TestNG.java:1137)
at org.testng.TestNG.runSuites(TestNG.java:1049)
at org.testng.TestNG.run(TestNG.java:1017)
at org.testng.remote.AbstractRemoteTestNG.run(AbstractRemoteTestNG.java:114)
at org.testng.remote.RemoteTestNG.initAndRun(RemoteTestNG.java:251)
at org.testng.remote.RemoteTestNG.main(RemoteTestNG.java:77)
]]>
            </full-stacktrace>
          </exception> <!-- org.openqa.selenium.NoSuchElementException -->
          <reporter-output>
          </reporter-output>
        </test-method> <!-- settingsDoNotSaveAfterLogout -->
        <test-method status="PASS" signature="afterMethod()[pri:0, instance:com.revature.testng.SalesforceSettingsTest@59494225]" name="afterMethod" is-config="true" duration-ms="159" started-at="2018-05-17T19:25:52Z" finished-at="2018-05-17T19:25:52Z">
          <reporter-output>
          </reporter-output>
        </test-method> <!-- afterMethod -->
        <test-method status="PASS" signature="beforeMethod()[pri:0, instance:com.revature.testng.SalesforceSettingsTest@59494225]" name="beforeMethod" is-config="true" duration-ms="1751" started-at="2018-05-17T19:25:52Z" finished-at="2018-05-17T19:25:54Z">
          <reporter-output>
          </reporter-output>
        </test-method> <!-- beforeMethod -->
        <test-method status="PASS" signature="settingsSaveBetweenTabs()[pri:4, instance:com.revature.testng.SalesforceSettingsTest@59494225]" name="settingsSaveBetweenTabs" duration-ms="14901" started-at="2018-05-17T19:25:54Z" finished-at="2018-05-17T19:26:09Z">
          <reporter-output>
          </reporter-output>
        </test-method> <!-- settingsSaveBetweenTabs -->
        <test-method status="PASS" signature="afterMethod()[pri:0, instance:com.revature.testng.SalesforceSettingsTest@59494225]" name="afterMethod" is-config="true" duration-ms="210" started-at="2018-05-17T19:26:09Z" finished-at="2018-05-17T19:26:09Z">
          <reporter-output>
          </reporter-output>
        </test-method> <!-- afterMethod -->
        <test-method status="PASS" signature="beforeMethod()[pri:0, instance:com.revature.testng.SalesforceSettingsTest@59494225]" name="beforeMethod" is-config="true" duration-ms="1545" started-at="2018-05-17T19:26:09Z" finished-at="2018-05-17T19:26:10Z">
          <reporter-output>
          </reporter-output>
        </test-method> <!-- beforeMethod -->
        <test-method status="PASS" signature="settingsSaveAfterLoginAsTrainer()[pri:5, instance:com.revature.testng.SalesforceSettingsTest@59494225]" name="settingsSaveAfterLoginAsTrainer" duration-ms="18453" started-at="2018-05-17T19:26:10Z" finished-at="2018-05-17T19:26:29Z">
          <reporter-output>
          </reporter-output>
        </test-method> <!-- settingsSaveAfterLoginAsTrainer -->
        <test-method status="PASS" signature="afterMethod()[pri:0, instance:com.revature.testng.SalesforceSettingsTest@59494225]" name="afterMethod" is-config="true" duration-ms="218" started-at="2018-05-17T19:26:29Z" finished-at="2018-05-17T19:26:29Z">
          <reporter-output>
          </reporter-output>
        </test-method> <!-- afterMethod -->
        <test-method status="PASS" signature="beforeMethod()[pri:0, instance:com.revature.testng.SalesforceSettingsTest@59494225]" name="beforeMethod" is-config="true" duration-ms="1413" started-at="2018-05-17T19:26:29Z" finished-at="2018-05-17T19:26:30Z">
          <reporter-output>
          </reporter-output>
        </test-method> <!-- beforeMethod -->
        <test-method status="PASS" signature="settingsSaveAfterLogout()[pri:5, instance:com.revature.testng.SalesforceSettingsTest@59494225]" name="settingsSaveAfterLogout" duration-ms="18558" started-at="2018-05-17T19:26:30Z" finished-at="2018-05-17T19:26:49Z">
          <reporter-output>
          </reporter-output>
        </test-method> <!-- settingsSaveAfterLogout -->
        <test-method status="PASS" signature="afterMethod()[pri:0, instance:com.revature.testng.SalesforceSettingsTest@59494225]" name="afterMethod" is-config="true" duration-ms="202" started-at="2018-05-17T19:26:49Z" finished-at="2018-05-17T19:26:49Z">
          <reporter-output>
          </reporter-output>
        </test-method> <!-- afterMethod -->
        <test-method status="PASS" signature="beforeMethod()[pri:0, instance:com.revature.testng.SalesforceSettingsTest@59494225]" name="beforeMethod" is-config="true" duration-ms="1583" started-at="2018-05-17T19:26:49Z" finished-at="2018-05-17T19:26:51Z">
          <reporter-output>
          </reporter-output>
        </test-method> <!-- beforeMethod -->
        <test-method status="PASS" signature="settingsDoNotResetBetweenTabs()[pri:6, instance:com.revature.testng.SalesforceSettingsTest@59494225]" name="settingsDoNotResetBetweenTabs" duration-ms="13080" started-at="2018-05-17T19:26:51Z" finished-at="2018-05-17T19:27:04Z">
          <reporter-output>
          </reporter-output>
        </test-method> <!-- settingsDoNotResetBetweenTabs -->
        <test-method status="PASS" signature="afterMethod()[pri:0, instance:com.revature.testng.SalesforceSettingsTest@59494225]" name="afterMethod" is-config="true" duration-ms="200" started-at="2018-05-17T19:27:04Z" finished-at="2018-05-17T19:27:04Z">
          <reporter-output>
          </reporter-output>
        </test-method> <!-- afterMethod -->
        <test-method status="PASS" signature="beforeMethod()[pri:0, instance:com.revature.testng.SalesforceSettingsTest@59494225]" name="beforeMethod" is-config="true" duration-ms="1576" started-at="2018-05-17T19:27:04Z" finished-at="2018-05-17T19:27:06Z">
          <reporter-output>
          </reporter-output>
        </test-method> <!-- beforeMethod -->
        <test-method status="PASS" signature="settingsSaveBetweenTabsTrainer()[pri:7, instance:com.revature.testng.SalesforceSettingsTest@59494225]" name="settingsSaveBetweenTabsTrainer" duration-ms="15768" started-at="2018-05-17T19:27:06Z" finished-at="2018-05-17T19:27:21Z">
          <reporter-output>
          </reporter-output>
        </test-method> <!-- settingsSaveBetweenTabsTrainer -->
        <test-method status="PASS" signature="afterMethod()[pri:0, instance:com.revature.testng.SalesforceSettingsTest@59494225]" name="afterMethod" is-config="true" duration-ms="200" started-at="2018-05-17T19:27:21Z" finished-at="2018-05-17T19:27:22Z">
          <reporter-output>
          </reporter-output>
        </test-method> <!-- afterMethod -->
      </class> <!-- com.revature.testng.SalesforceSettingsTest -->
    </test> <!-- Default test -->
  </suite> <!-- Default suite -->
</testng-results>
