<?xml version="1.0" encoding="UTF-8"?>
<testng-results skipped="0" failed="1" ignored="0" total="7" passed="6">
  <reporter-output>
  </reporter-output>
  <suite name="Default suite" duration-ms="68470" started-at="2018-05-10T20:51:39Z" finished-at="2018-05-10T20:52:47Z">
    <groups>
    </groups>
    <test name="Default test" duration-ms="68470" started-at="2018-05-10T20:51:39Z" finished-at="2018-05-10T20:52:47Z">
      <class name="com.revature.testng.SalesforceLoginTest">
        <test-method status="PASS" signature="beforeSuite()[pri:0, instance:com.revature.testng.SalesforceLoginTest@f6c48ac]" name="beforeSuite" is-config="true" duration-ms="22" started-at="2018-05-10T20:51:39Z" finished-at="2018-05-10T20:51:39Z">
          <reporter-output>
          </reporter-output>
        </test-method> <!-- beforeSuite -->
        <test-method status="PASS" signature="beforeTest()[pri:0, instance:com.revature.testng.SalesforceLoginTest@f6c48ac]" name="beforeTest" is-config="true" duration-ms="0" started-at="2018-05-10T20:51:39Z" finished-at="2018-05-10T20:51:39Z">
          <reporter-output>
          </reporter-output>
        </test-method> <!-- beforeTest -->
        <test-method status="PASS" signature="beforeClass()[pri:0, instance:com.revature.testng.SalesforceLoginTest@f6c48ac]" name="beforeClass" is-config="true" duration-ms="7" started-at="2018-05-10T20:51:39Z" finished-at="2018-05-10T20:51:39Z">
          <reporter-output>
          </reporter-output>
        </test-method> <!-- beforeClass -->
        <test-method status="PASS" signature="beforeMethod()[pri:0, instance:com.revature.testng.SalesforceLoginTest@f6c48ac]" name="beforeMethod" is-config="true" duration-ms="3739" started-at="2018-05-10T20:51:39Z" finished-at="2018-05-10T20:51:43Z">
          <reporter-output>
          </reporter-output>
        </test-method> <!-- beforeMethod -->
        <test-method status="PASS" signature="findLoginPageSuccessful()[pri:0, instance:com.revature.testng.SalesforceLoginTest@f6c48ac]" name="findLoginPageSuccessful" duration-ms="7083" started-at="2018-05-10T20:51:43Z" finished-at="2018-05-10T20:51:50Z">
          <reporter-output>
          </reporter-output>
        </test-method> <!-- findLoginPageSuccessful -->
        <test-method status="PASS" signature="afterMethod()[pri:0, instance:com.revature.testng.SalesforceLoginTest@f6c48ac]" name="afterMethod" is-config="true" duration-ms="213" started-at="2018-05-10T20:51:50Z" finished-at="2018-05-10T20:51:50Z">
          <reporter-output>
          </reporter-output>
        </test-method> <!-- afterMethod -->
        <test-method status="PASS" signature="beforeMethod()[pri:0, instance:com.revature.testng.SalesforceLoginTest@f6c48ac]" name="beforeMethod" is-config="true" duration-ms="1567" started-at="2018-05-10T20:51:50Z" finished-at="2018-05-10T20:51:52Z">
          <reporter-output>
          </reporter-output>
        </test-method> <!-- beforeMethod -->
        <test-method status="PASS" signature="loginAsTrainerWithWrongCredentials()[pri:1, instance:com.revature.testng.SalesforceLoginTest@f6c48ac]" name="loginAsTrainerWithWrongCredentials" duration-ms="4047" started-at="2018-05-10T20:51:52Z" finished-at="2018-05-10T20:51:56Z">
          <reporter-output>
          </reporter-output>
        </test-method> <!-- loginAsTrainerWithWrongCredentials -->
        <test-method status="PASS" signature="afterMethod()[pri:0, instance:com.revature.testng.SalesforceLoginTest@f6c48ac]" name="afterMethod" is-config="true" duration-ms="199" started-at="2018-05-10T20:51:56Z" finished-at="2018-05-10T20:51:56Z">
          <reporter-output>
          </reporter-output>
        </test-method> <!-- afterMethod -->
        <test-method status="PASS" signature="beforeMethod()[pri:0, instance:com.revature.testng.SalesforceLoginTest@f6c48ac]" name="beforeMethod" is-config="true" duration-ms="1337" started-at="2018-05-10T20:51:56Z" finished-at="2018-05-10T20:51:57Z">
          <reporter-output>
          </reporter-output>
        </test-method> <!-- beforeMethod -->
        <test-method status="PASS" signature="loginAsTrainerSuccessful()[pri:2, instance:com.revature.testng.SalesforceLoginTest@f6c48ac]" name="loginAsTrainerSuccessful" duration-ms="4937" started-at="2018-05-10T20:51:57Z" finished-at="2018-05-10T20:52:02Z">
          <reporter-output>
          </reporter-output>
        </test-method> <!-- loginAsTrainerSuccessful -->
        <test-method status="PASS" signature="afterMethod()[pri:0, instance:com.revature.testng.SalesforceLoginTest@f6c48ac]" name="afterMethod" is-config="true" duration-ms="203" started-at="2018-05-10T20:52:02Z" finished-at="2018-05-10T20:52:02Z">
          <reporter-output>
          </reporter-output>
        </test-method> <!-- afterMethod -->
        <test-method status="PASS" signature="beforeMethod()[pri:0, instance:com.revature.testng.SalesforceLoginTest@f6c48ac]" name="beforeMethod" is-config="true" duration-ms="1631" started-at="2018-05-10T20:52:02Z" finished-at="2018-05-10T20:52:04Z">
          <reporter-output>
          </reporter-output>
        </test-method> <!-- beforeMethod -->
        <test-method status="PASS" signature="homePageDisplaysAllBatches()[pri:3, instance:com.revature.testng.SalesforceLoginTest@f6c48ac]" name="homePageDisplaysAllBatches" duration-ms="9182" started-at="2018-05-10T20:52:04Z" finished-at="2018-05-10T20:52:13Z">
          <reporter-output>
          </reporter-output>
        </test-method> <!-- homePageDisplaysAllBatches -->
        <test-method status="PASS" signature="afterMethod()[pri:0, instance:com.revature.testng.SalesforceLoginTest@f6c48ac]" name="afterMethod" is-config="true" duration-ms="204" started-at="2018-05-10T20:52:13Z" finished-at="2018-05-10T20:52:13Z">
          <reporter-output>
          </reporter-output>
        </test-method> <!-- afterMethod -->
        <test-method status="PASS" signature="beforeMethod()[pri:0, instance:com.revature.testng.SalesforceLoginTest@f6c48ac]" name="beforeMethod" is-config="true" duration-ms="1820" started-at="2018-05-10T20:52:13Z" finished-at="2018-05-10T20:52:15Z">
          <reporter-output>
          </reporter-output>
        </test-method> <!-- beforeMethod -->
        <test-method status="PASS" signature="navigationTagsActive()[pri:4, instance:com.revature.testng.SalesforceLoginTest@f6c48ac]" name="navigationTagsActive" duration-ms="12476" started-at="2018-05-10T20:52:15Z" finished-at="2018-05-10T20:52:28Z">
          <reporter-output>
          </reporter-output>
        </test-method> <!-- navigationTagsActive -->
        <test-method status="PASS" signature="afterMethod()[pri:0, instance:com.revature.testng.SalesforceLoginTest@f6c48ac]" name="afterMethod" is-config="true" duration-ms="202" started-at="2018-05-10T20:52:28Z" finished-at="2018-05-10T20:52:28Z">
          <reporter-output>
          </reporter-output>
        </test-method> <!-- afterMethod -->
        <test-method status="PASS" signature="beforeMethod()[pri:0, instance:com.revature.testng.SalesforceLoginTest@f6c48ac]" name="beforeMethod" is-config="true" duration-ms="1604" started-at="2018-05-10T20:52:28Z" finished-at="2018-05-10T20:52:29Z">
          <reporter-output>
          </reporter-output>
        </test-method> <!-- beforeMethod -->
        <test-method status="FAIL" signature="filterSuccessful()[pri:5, instance:com.revature.testng.SalesforceLoginTest@f6c48ac]" name="filterSuccessful" duration-ms="10135" started-at="2018-05-10T20:52:29Z" finished-at="2018-05-10T20:52:40Z">
          <exception class="org.openqa.selenium.WebDriverException">
            <message>
              <![CDATA[unknown error: Element <button class="md-button md-ink-ripple" type="button" ng-transclude="" ng-click="hCtrl.batchFilter = 'All'" role="menuitem">...</button> is not clickable at point (1031, 246). Other element would receive the click: <md-backdrop class="md-menu-backdrop md-click-catcher ng-scope ng-animate ng-enter ng-enter-active" data-ng-animate="2" style="position: fixed;"></md-backdrop>
  (Session info: chrome=66.0.3359.139)
  (Driver info: chromedriver=2.36.540469 (1881fd7f8641508feb5166b7cae561d87723cfa8),platform=Mac OS X 10.11.6 x86_64) (WARNING: The server did not provide any stacktrace information)
Command duration or timeout: 0 milliseconds
Build info: version: '3.11.0', revision: 'e59cfb3', time: '2018-03-11T20:26:55.152Z'
System info: host: 'Andrews-MacBook-Pro.local', ip: '192.168.60.193', os.name: 'Mac OS X', os.arch: 'x86_64', os.version: '10.11.6', java.version: '1.8.0_92'
Driver info: org.openqa.selenium.chrome.ChromeDriver
Capabilities {acceptInsecureCerts: false, acceptSslCerts: false, applicationCacheEnabled: false, browserConnectionEnabled: false, browserName: chrome, chrome: {chromedriverVersion: 2.36.540469 (1881fd7f864150..., userDataDir: /var/folders/g5/gyqfq14d78x...}, cssSelectorsEnabled: true, databaseEnabled: false, handlesAlerts: true, hasTouchScreen: false, javascriptEnabled: true, locationContextEnabled: true, mobileEmulationEnabled: false, nativeEvents: true, networkConnectionEnabled: false, pageLoadStrategy: normal, platform: MAC, platformName: MAC, rotatable: false, setWindowRect: true, takesHeapSnapshot: true, takesScreenshot: true, unexpectedAlertBehaviour: , unhandledPromptBehavior: , version: 66.0.3359.139, webStorageEnabled: true}
Session ID: 10a088c2b3597791490888cd981d90c3]]>
            </message>
            <full-stacktrace>
              <![CDATA[org.openqa.selenium.WebDriverException: unknown error: Element <button class="md-button md-ink-ripple" type="button" ng-transclude="" ng-click="hCtrl.batchFilter = 'All'" role="menuitem">...</button> is not clickable at point (1031, 246). Other element would receive the click: <md-backdrop class="md-menu-backdrop md-click-catcher ng-scope ng-animate ng-enter ng-enter-active" data-ng-animate="2" style="position: fixed;"></md-backdrop>
  (Session info: chrome=66.0.3359.139)
  (Driver info: chromedriver=2.36.540469 (1881fd7f8641508feb5166b7cae561d87723cfa8),platform=Mac OS X 10.11.6 x86_64) (WARNING: The server did not provide any stacktrace information)
Command duration or timeout: 0 milliseconds
Build info: version: '3.11.0', revision: 'e59cfb3', time: '2018-03-11T20:26:55.152Z'
System info: host: 'Andrews-MacBook-Pro.local', ip: '192.168.60.193', os.name: 'Mac OS X', os.arch: 'x86_64', os.version: '10.11.6', java.version: '1.8.0_92'
Driver info: org.openqa.selenium.chrome.ChromeDriver
Capabilities {acceptInsecureCerts: false, acceptSslCerts: false, applicationCacheEnabled: false, browserConnectionEnabled: false, browserName: chrome, chrome: {chromedriverVersion: 2.36.540469 (1881fd7f864150..., userDataDir: /var/folders/g5/gyqfq14d78x...}, cssSelectorsEnabled: true, databaseEnabled: false, handlesAlerts: true, hasTouchScreen: false, javascriptEnabled: true, locationContextEnabled: true, mobileEmulationEnabled: false, nativeEvents: true, networkConnectionEnabled: false, pageLoadStrategy: normal, platform: MAC, platformName: MAC, rotatable: false, setWindowRect: true, takesHeapSnapshot: true, takesScreenshot: true, unexpectedAlertBehaviour: , unhandledPromptBehavior: , version: 66.0.3359.139, webStorageEnabled: true}
Session ID: 10a088c2b3597791490888cd981d90c3
at sun.reflect.NativeConstructorAccessorImpl.newInstance0(Native Method)
at sun.reflect.NativeConstructorAccessorImpl.newInstance(NativeConstructorAccessorImpl.java:62)
at sun.reflect.DelegatingConstructorAccessorImpl.newInstance(DelegatingConstructorAccessorImpl.java:45)
at java.lang.reflect.Constructor.newInstance(Constructor.java:423)
at org.openqa.selenium.remote.ErrorHandler.createThrowable(ErrorHandler.java:214)
at org.openqa.selenium.remote.ErrorHandler.throwIfResponseFailed(ErrorHandler.java:166)
at org.openqa.selenium.remote.http.JsonHttpResponseCodec.reconstructValue(JsonHttpResponseCodec.java:40)
at org.openqa.selenium.remote.http.AbstractHttpResponseCodec.decode(AbstractHttpResponseCodec.java:80)
at org.openqa.selenium.remote.http.AbstractHttpResponseCodec.decode(AbstractHttpResponseCodec.java:44)
at org.openqa.selenium.remote.HttpCommandExecutor.execute(HttpCommandExecutor.java:158)
at org.openqa.selenium.remote.service.DriverCommandExecutor.execute(DriverCommandExecutor.java:83)
at org.openqa.selenium.remote.RemoteWebDriver.execute(RemoteWebDriver.java:545)
at org.openqa.selenium.remote.RemoteWebElement.execute(RemoteWebElement.java:279)
at org.openqa.selenium.remote.RemoteWebElement.click(RemoteWebElement.java:83)
at com.revature.testng.SalesforceLoginTest.filterSuccessful(SalesforceLoginTest.java:225)
at sun.reflect.NativeMethodAccessorImpl.invoke0(Native Method)
at sun.reflect.NativeMethodAccessorImpl.invoke(NativeMethodAccessorImpl.java:62)
at sun.reflect.DelegatingMethodAccessorImpl.invoke(DelegatingMethodAccessorImpl.java:43)
at java.lang.reflect.Method.invoke(Method.java:498)
at org.testng.internal.MethodInvocationHelper.invokeMethod(MethodInvocationHelper.java:124)
at org.testng.internal.Invoker.invokeMethod(Invoker.java:583)
at org.testng.internal.Invoker.invokeTestMethod(Invoker.java:719)
at org.testng.internal.Invoker.invokeTestMethods(Invoker.java:989)
at org.testng.internal.TestMethodWorker.invokeTestMethods(TestMethodWorker.java:125)
at org.testng.internal.TestMethodWorker.run(TestMethodWorker.java:109)
at org.testng.TestRunner.privateRun(TestRunner.java:648)
at org.testng.TestRunner.run(TestRunner.java:505)
at org.testng.SuiteRunner.runTest(SuiteRunner.java:455)
at org.testng.SuiteRunner.runSequentially(SuiteRunner.java:450)
at org.testng.SuiteRunner.privateRun(SuiteRunner.java:415)
at org.testng.SuiteRunner.run(SuiteRunner.java:364)
at org.testng.SuiteRunnerWorker.runSuite(SuiteRunnerWorker.java:52)
at org.testng.SuiteRunnerWorker.run(SuiteRunnerWorker.java:84)
at org.testng.TestNG.runSuitesSequentially(TestNG.java:1208)
at org.testng.TestNG.runSuitesLocally(TestNG.java:1137)
at org.testng.TestNG.runSuites(TestNG.java:1049)
at org.testng.TestNG.run(TestNG.java:1017)
at org.testng.remote.AbstractRemoteTestNG.run(AbstractRemoteTestNG.java:114)
at org.testng.remote.RemoteTestNG.initAndRun(RemoteTestNG.java:251)
at org.testng.remote.RemoteTestNG.main(RemoteTestNG.java:77)
]]>
            </full-stacktrace>
          </exception> <!-- org.openqa.selenium.WebDriverException -->
          <reporter-output>
          </reporter-output>
        </test-method> <!-- filterSuccessful -->
        <test-method status="PASS" signature="afterMethod()[pri:0, instance:com.revature.testng.SalesforceLoginTest@f6c48ac]" name="afterMethod" is-config="true" duration-ms="204" started-at="2018-05-10T20:52:40Z" finished-at="2018-05-10T20:52:40Z">
          <reporter-output>
          </reporter-output>
        </test-method> <!-- afterMethod -->
        <test-method status="PASS" signature="beforeMethod()[pri:0, instance:com.revature.testng.SalesforceLoginTest@f6c48ac]" name="beforeMethod" is-config="true" duration-ms="1686" started-at="2018-05-10T20:52:40Z" finished-at="2018-05-10T20:52:41Z">
          <reporter-output>
          </reporter-output>
        </test-method> <!-- beforeMethod -->
        <test-method status="PASS" signature="loginAsVpSuccessful()[pri:10, instance:com.revature.testng.SalesforceLoginTest@f6c48ac]" name="loginAsVpSuccessful" duration-ms="5644" started-at="2018-05-10T20:52:41Z" finished-at="2018-05-10T20:52:47Z">
          <reporter-output>
          </reporter-output>
        </test-method> <!-- loginAsVpSuccessful -->
        <test-method status="PASS" signature="afterMethod()[pri:0, instance:com.revature.testng.SalesforceLoginTest@f6c48ac]" name="afterMethod" is-config="true" duration-ms="162" started-at="2018-05-10T20:52:47Z" finished-at="2018-05-10T20:52:47Z">
          <reporter-output>
          </reporter-output>
        </test-method> <!-- afterMethod -->
        <test-method status="PASS" signature="afterClass()[pri:0, instance:com.revature.testng.SalesforceLoginTest@f6c48ac]" name="afterClass" is-config="true" duration-ms="1" started-at="2018-05-10T20:52:47Z" finished-at="2018-05-10T20:52:47Z">
          <reporter-output>
          </reporter-output>
        </test-method> <!-- afterClass -->
        <test-method status="PASS" signature="afterTest()[pri:0, instance:com.revature.testng.SalesforceLoginTest@f6c48ac]" name="afterTest" is-config="true" duration-ms="0" started-at="2018-05-10T20:52:47Z" finished-at="2018-05-10T20:52:47Z">
          <reporter-output>
          </reporter-output>
        </test-method> <!-- afterTest -->
        <test-method status="PASS" signature="afterSuite()[pri:0, instance:com.revature.testng.SalesforceLoginTest@f6c48ac]" name="afterSuite" is-config="true" duration-ms="0" started-at="2018-05-10T20:52:48Z" finished-at="2018-05-10T20:52:48Z">
          <reporter-output>
          </reporter-output>
        </test-method> <!-- afterSuite -->
      </class> <!-- com.revature.testng.SalesforceLoginTest -->
    </test> <!-- Default test -->
  </suite> <!-- Default suite -->
</testng-results>
