<?xml version="1.0" encoding="UTF-8"?>
<testng-results skipped="0" failed="0" ignored="5" total="8" passed="3">
  <reporter-output>
  </reporter-output>
  <suite name="Default suite" duration-ms="14815" started-at="2018-05-17T18:02:57Z" finished-at="2018-05-17T18:03:12Z">
    <groups>
    </groups>
    <test name="Default test" duration-ms="14815" started-at="2018-05-17T18:02:57Z" finished-at="2018-05-17T18:03:12Z">
      <class name="com.revature.testng.TrainersTests">
        <test-method status="PASS" signature="beforeClass()[pri:0, instance:com.revature.testng.TrainersTests@553f17c]" name="beforeClass" is-config="true" duration-ms="2833" started-at="2018-05-17T18:02:57Z" finished-at="2018-05-17T18:03:00Z">
          <reporter-output>
          </reporter-output>
        </test-method> <!-- beforeClass -->
        <test-method status="PASS" signature="findTrainersPage()[pri:1, instance:com.revature.testng.TrainersTests@553f17c]" name="findTrainersPage" duration-ms="8893" started-at="2018-05-17T18:03:00Z" finished-at="2018-05-17T18:03:09Z">
          <reporter-output>
          </reporter-output>
        </test-method> <!-- findTrainersPage -->
        <test-method status="PASS" signature="getResumeFormIndividualWithNoResume()[pri:7, instance:com.revature.testng.TrainersTests@553f17c]" name="getResumeFormIndividualWithNoResume" duration-ms="898" started-at="2018-05-17T18:03:09Z" finished-at="2018-05-17T18:03:10Z">
          <reporter-output>
          </reporter-output>
        </test-method> <!-- getResumeFormIndividualWithNoResume -->
        <test-method status="PASS" signature="viewPTOcalanderPage()[pri:8, instance:com.revature.testng.TrainersTests@553f17c]" name="viewPTOcalanderPage" duration-ms="1539" started-at="2018-05-17T18:03:10Z" finished-at="2018-05-17T18:03:12Z">
          <reporter-output>
          </reporter-output>
        </test-method> <!-- viewPTOcalanderPage -->
        <test-method status="PASS" signature="afterClass()[pri:0, instance:com.revature.testng.TrainersTests@553f17c]" name="afterClass" is-config="true" duration-ms="625" started-at="2018-05-17T18:03:12Z" finished-at="2018-05-17T18:03:12Z">
          <reporter-output>
          </reporter-output>
        </test-method> <!-- afterClass -->
      </class> <!-- com.revature.testng.TrainersTests -->
    </test> <!-- Default test -->
  </suite> <!-- Default suite -->
</testng-results>
