<?xml version="1.0" encoding="UTF-8"?>
<testng-results skipped="0" failed="1" ignored="0" total="9" passed="8">
  <reporter-output>
  </reporter-output>
  <suite name="Default suite" duration-ms="96281" started-at="2018-05-11T20:52:03Z" finished-at="2018-05-11T20:53:40Z">
    <groups>
    </groups>
    <test name="Default test" duration-ms="96281" started-at="2018-05-11T20:52:03Z" finished-at="2018-05-11T20:53:40Z">
      <class name="com.revature.testng.SalesforceLoginTest">
        <test-method status="PASS" signature="beforeSuite()[pri:0, instance:com.revature.testng.SalesforceLoginTest@6500df86]" name="beforeSuite" is-config="true" duration-ms="14" started-at="2018-05-11T20:52:03Z" finished-at="2018-05-11T20:52:03Z">
          <reporter-output>
          </reporter-output>
        </test-method> <!-- beforeSuite -->
        <test-method status="PASS" signature="beforeTest()[pri:0, instance:com.revature.testng.SalesforceLoginTest@6500df86]" name="beforeTest" is-config="true" duration-ms="0" started-at="2018-05-11T20:52:03Z" finished-at="2018-05-11T20:52:03Z">
          <reporter-output>
          </reporter-output>
        </test-method> <!-- beforeTest -->
        <test-method status="PASS" signature="beforeClass()[pri:0, instance:com.revature.testng.SalesforceLoginTest@6500df86]" name="beforeClass" is-config="true" duration-ms="1" started-at="2018-05-11T20:52:03Z" finished-at="2018-05-11T20:52:03Z">
          <reporter-output>
          </reporter-output>
        </test-method> <!-- beforeClass -->
        <test-method status="PASS" signature="beforeMethod()[pri:0, instance:com.revature.testng.SalesforceLoginTest@6500df86]" name="beforeMethod" is-config="true" duration-ms="2498" started-at="2018-05-11T20:52:03Z" finished-at="2018-05-11T20:52:06Z">
          <reporter-output>
          </reporter-output>
        </test-method> <!-- beforeMethod -->
        <test-method status="PASS" signature="findLoginPageSuccessful()[pri:0, instance:com.revature.testng.SalesforceLoginTest@6500df86]" name="findLoginPageSuccessful" duration-ms="14478" started-at="2018-05-11T20:52:06Z" finished-at="2018-05-11T20:52:20Z">
          <reporter-output>
          </reporter-output>
        </test-method> <!-- findLoginPageSuccessful -->
        <test-method status="PASS" signature="afterMethod()[pri:0, instance:com.revature.testng.SalesforceLoginTest@6500df86]" name="afterMethod" is-config="true" duration-ms="154" started-at="2018-05-11T20:52:20Z" finished-at="2018-05-11T20:52:21Z">
          <reporter-output>
          </reporter-output>
        </test-method> <!-- afterMethod -->
        <test-method status="PASS" signature="beforeMethod()[pri:0, instance:com.revature.testng.SalesforceLoginTest@6500df86]" name="beforeMethod" is-config="true" duration-ms="1369" started-at="2018-05-11T20:52:21Z" finished-at="2018-05-11T20:52:22Z">
          <reporter-output>
          </reporter-output>
        </test-method> <!-- beforeMethod -->
        <test-method status="PASS" signature="loginAsTrainerWithWrongCredentials()[pri:1, instance:com.revature.testng.SalesforceLoginTest@6500df86]" name="loginAsTrainerWithWrongCredentials" duration-ms="3379" started-at="2018-05-11T20:52:22Z" finished-at="2018-05-11T20:52:25Z">
          <reporter-output>
          </reporter-output>
        </test-method> <!-- loginAsTrainerWithWrongCredentials -->
        <test-method status="PASS" signature="afterMethod()[pri:0, instance:com.revature.testng.SalesforceLoginTest@6500df86]" name="afterMethod" is-config="true" duration-ms="112" started-at="2018-05-11T20:52:25Z" finished-at="2018-05-11T20:52:25Z">
          <reporter-output>
          </reporter-output>
        </test-method> <!-- afterMethod -->
        <test-method status="PASS" signature="beforeMethod()[pri:0, instance:com.revature.testng.SalesforceLoginTest@6500df86]" name="beforeMethod" is-config="true" duration-ms="1473" started-at="2018-05-11T20:52:25Z" finished-at="2018-05-11T20:52:27Z">
          <reporter-output>
          </reporter-output>
        </test-method> <!-- beforeMethod -->
        <test-method status="PASS" signature="loginAsTrainerSuccessful()[pri:2, instance:com.revature.testng.SalesforceLoginTest@6500df86]" name="loginAsTrainerSuccessful" duration-ms="11158" started-at="2018-05-11T20:52:27Z" finished-at="2018-05-11T20:52:38Z">
          <reporter-output>
          </reporter-output>
        </test-method> <!-- loginAsTrainerSuccessful -->
        <test-method status="PASS" signature="afterMethod()[pri:0, instance:com.revature.testng.SalesforceLoginTest@6500df86]" name="afterMethod" is-config="true" duration-ms="120" started-at="2018-05-11T20:52:38Z" finished-at="2018-05-11T20:52:38Z">
          <reporter-output>
          </reporter-output>
        </test-method> <!-- afterMethod -->
        <test-method status="PASS" signature="beforeMethod()[pri:0, instance:com.revature.testng.SalesforceLoginTest@6500df86]" name="beforeMethod" is-config="true" duration-ms="1451" started-at="2018-05-11T20:52:38Z" finished-at="2018-05-11T20:52:40Z">
          <reporter-output>
          </reporter-output>
        </test-method> <!-- beforeMethod -->
        <test-method status="PASS" signature="homePageDisplaysAllBatches()[pri:3, instance:com.revature.testng.SalesforceLoginTest@6500df86]" name="homePageDisplaysAllBatches" duration-ms="7104" started-at="2018-05-11T20:52:40Z" finished-at="2018-05-11T20:52:47Z">
          <reporter-output>
          </reporter-output>
        </test-method> <!-- homePageDisplaysAllBatches -->
        <test-method status="PASS" signature="afterMethod()[pri:0, instance:com.revature.testng.SalesforceLoginTest@6500df86]" name="afterMethod" is-config="true" duration-ms="162" started-at="2018-05-11T20:52:47Z" finished-at="2018-05-11T20:52:47Z">
          <reporter-output>
          </reporter-output>
        </test-method> <!-- afterMethod -->
        <test-method status="PASS" signature="beforeMethod()[pri:0, instance:com.revature.testng.SalesforceLoginTest@6500df86]" name="beforeMethod" is-config="true" duration-ms="1339" started-at="2018-05-11T20:52:47Z" finished-at="2018-05-11T20:52:48Z">
          <reporter-output>
          </reporter-output>
        </test-method> <!-- beforeMethod -->
        <test-method status="PASS" signature="navigationTagsActive()[pri:4, instance:com.revature.testng.SalesforceLoginTest@6500df86]" name="navigationTagsActive" duration-ms="9926" started-at="2018-05-11T20:52:48Z" finished-at="2018-05-11T20:52:58Z">
          <reporter-output>
          </reporter-output>
        </test-method> <!-- navigationTagsActive -->
        <test-method status="PASS" signature="afterMethod()[pri:0, instance:com.revature.testng.SalesforceLoginTest@6500df86]" name="afterMethod" is-config="true" duration-ms="1083" started-at="2018-05-11T20:52:58Z" finished-at="2018-05-11T20:52:59Z">
          <reporter-output>
          </reporter-output>
        </test-method> <!-- afterMethod -->
        <test-method status="PASS" signature="beforeMethod()[pri:0, instance:com.revature.testng.SalesforceLoginTest@6500df86]" name="beforeMethod" is-config="true" duration-ms="1561" started-at="2018-05-11T20:52:59Z" finished-at="2018-05-11T20:53:01Z">
          <reporter-output>
          </reporter-output>
        </test-method> <!-- beforeMethod -->
        <test-method status="FAIL" signature="filterSuccessful()[pri:5, instance:com.revature.testng.SalesforceLoginTest@6500df86]" name="filterSuccessful" duration-ms="8102" started-at="2018-05-11T20:53:01Z" finished-at="2018-05-11T20:53:09Z">
          <exception class="org.openqa.selenium.WebDriverException">
            <message>
              <![CDATA[unknown error: Element <md-icon md-menu-origin="" md-svg-icon="img/ic_filter_list_white_24px.svg" class="ng-scope">...</md-icon> is not clickable at point (1150, 199). Other element would receive the click: <button class="md-button md-ink-ripple md-focused" type="button" ng-transclude="" ng-click="hCtrl.batchFilter = 'Active'" role="menuitem">...</button>
  (Session info: chrome=66.0.3359.170)
  (Driver info: chromedriver=2.36.540469 (1881fd7f8641508feb5166b7cae561d87723cfa8),platform=Mac OS X 10.11.6 x86_64) (WARNING: The server did not provide any stacktrace information)
Command duration or timeout: 0 milliseconds
Build info: version: '3.11.0', revision: 'e59cfb3', time: '2018-03-11T20:26:55.152Z'
System info: host: 'Andrews-MacBook-Pro.local', ip: '192.168.60.193', os.name: 'Mac OS X', os.arch: 'x86_64', os.version: '10.11.6', java.version: '1.8.0_92'
Driver info: org.openqa.selenium.chrome.ChromeDriver
Capabilities {acceptInsecureCerts: false, acceptSslCerts: false, applicationCacheEnabled: false, browserConnectionEnabled: false, browserName: chrome, chrome: {chromedriverVersion: 2.36.540469 (1881fd7f864150..., userDataDir: /var/folders/g5/gyqfq14d78x...}, cssSelectorsEnabled: true, databaseEnabled: false, handlesAlerts: true, hasTouchScreen: false, javascriptEnabled: true, locationContextEnabled: true, mobileEmulationEnabled: false, nativeEvents: true, networkConnectionEnabled: false, pageLoadStrategy: normal, platform: MAC, platformName: MAC, rotatable: false, setWindowRect: true, takesHeapSnapshot: true, takesScreenshot: true, unexpectedAlertBehaviour: , unhandledPromptBehavior: , version: 66.0.3359.170, webStorageEnabled: true}
Session ID: c4e106fc1ab1bc4e94ea2e69a9a9f87a]]>
            </message>
            <full-stacktrace>
              <![CDATA[org.openqa.selenium.WebDriverException: unknown error: Element <md-icon md-menu-origin="" md-svg-icon="img/ic_filter_list_white_24px.svg" class="ng-scope">...</md-icon> is not clickable at point (1150, 199). Other element would receive the click: <button class="md-button md-ink-ripple md-focused" type="button" ng-transclude="" ng-click="hCtrl.batchFilter = 'Active'" role="menuitem">...</button>
  (Session info: chrome=66.0.3359.170)
  (Driver info: chromedriver=2.36.540469 (1881fd7f8641508feb5166b7cae561d87723cfa8),platform=Mac OS X 10.11.6 x86_64) (WARNING: The server did not provide any stacktrace information)
Command duration or timeout: 0 milliseconds
Build info: version: '3.11.0', revision: 'e59cfb3', time: '2018-03-11T20:26:55.152Z'
System info: host: 'Andrews-MacBook-Pro.local', ip: '192.168.60.193', os.name: 'Mac OS X', os.arch: 'x86_64', os.version: '10.11.6', java.version: '1.8.0_92'
Driver info: org.openqa.selenium.chrome.ChromeDriver
Capabilities {acceptInsecureCerts: false, acceptSslCerts: false, applicationCacheEnabled: false, browserConnectionEnabled: false, browserName: chrome, chrome: {chromedriverVersion: 2.36.540469 (1881fd7f864150..., userDataDir: /var/folders/g5/gyqfq14d78x...}, cssSelectorsEnabled: true, databaseEnabled: false, handlesAlerts: true, hasTouchScreen: false, javascriptEnabled: true, locationContextEnabled: true, mobileEmulationEnabled: false, nativeEvents: true, networkConnectionEnabled: false, pageLoadStrategy: normal, platform: MAC, platformName: MAC, rotatable: false, setWindowRect: true, takesHeapSnapshot: true, takesScreenshot: true, unexpectedAlertBehaviour: , unhandledPromptBehavior: , version: 66.0.3359.170, webStorageEnabled: true}
Session ID: c4e106fc1ab1bc4e94ea2e69a9a9f87a
at sun.reflect.NativeConstructorAccessorImpl.newInstance0(Native Method)
at sun.reflect.NativeConstructorAccessorImpl.newInstance(NativeConstructorAccessorImpl.java:62)
at sun.reflect.DelegatingConstructorAccessorImpl.newInstance(DelegatingConstructorAccessorImpl.java:45)
at java.lang.reflect.Constructor.newInstance(Constructor.java:423)
at org.openqa.selenium.remote.ErrorHandler.createThrowable(ErrorHandler.java:214)
at org.openqa.selenium.remote.ErrorHandler.throwIfResponseFailed(ErrorHandler.java:166)
at org.openqa.selenium.remote.http.JsonHttpResponseCodec.reconstructValue(JsonHttpResponseCodec.java:40)
at org.openqa.selenium.remote.http.AbstractHttpResponseCodec.decode(AbstractHttpResponseCodec.java:80)
at org.openqa.selenium.remote.http.AbstractHttpResponseCodec.decode(AbstractHttpResponseCodec.java:44)
at org.openqa.selenium.remote.HttpCommandExecutor.execute(HttpCommandExecutor.java:158)
at org.openqa.selenium.remote.service.DriverCommandExecutor.execute(DriverCommandExecutor.java:83)
at org.openqa.selenium.remote.RemoteWebDriver.execute(RemoteWebDriver.java:545)
at org.openqa.selenium.remote.RemoteWebElement.execute(RemoteWebElement.java:279)
at org.openqa.selenium.remote.RemoteWebElement.click(RemoteWebElement.java:83)
at com.revature.testng.SalesforceLoginTest.filterSuccessful(SalesforceLoginTest.java:257)
at sun.reflect.NativeMethodAccessorImpl.invoke0(Native Method)
at sun.reflect.NativeMethodAccessorImpl.invoke(NativeMethodAccessorImpl.java:62)
at sun.reflect.DelegatingMethodAccessorImpl.invoke(DelegatingMethodAccessorImpl.java:43)
at java.lang.reflect.Method.invoke(Method.java:498)
at org.testng.internal.MethodInvocationHelper.invokeMethod(MethodInvocationHelper.java:124)
at org.testng.internal.Invoker.invokeMethod(Invoker.java:583)
at org.testng.internal.Invoker.invokeTestMethod(Invoker.java:719)
at org.testng.internal.Invoker.invokeTestMethods(Invoker.java:989)
at org.testng.internal.TestMethodWorker.invokeTestMethods(TestMethodWorker.java:125)
at org.testng.internal.TestMethodWorker.run(TestMethodWorker.java:109)
at org.testng.TestRunner.privateRun(TestRunner.java:648)
at org.testng.TestRunner.run(TestRunner.java:505)
at org.testng.SuiteRunner.runTest(SuiteRunner.java:455)
at org.testng.SuiteRunner.runSequentially(SuiteRunner.java:450)
at org.testng.SuiteRunner.privateRun(SuiteRunner.java:415)
at org.testng.SuiteRunner.run(SuiteRunner.java:364)
at org.testng.SuiteRunnerWorker.runSuite(SuiteRunnerWorker.java:52)
at org.testng.SuiteRunnerWorker.run(SuiteRunnerWorker.java:84)
at org.testng.TestNG.runSuitesSequentially(TestNG.java:1208)
at org.testng.TestNG.runSuitesLocally(TestNG.java:1137)
at org.testng.TestNG.runSuites(TestNG.java:1049)
at org.testng.TestNG.run(TestNG.java:1017)
at org.testng.remote.AbstractRemoteTestNG.run(AbstractRemoteTestNG.java:114)
at org.testng.remote.RemoteTestNG.initAndRun(RemoteTestNG.java:251)
at org.testng.remote.RemoteTestNG.main(RemoteTestNG.java:77)
]]>
            </full-stacktrace>
          </exception> <!-- org.openqa.selenium.WebDriverException -->
          <reporter-output>
          </reporter-output>
        </test-method> <!-- filterSuccessful -->
        <test-method status="PASS" signature="afterMethod()[pri:0, instance:com.revature.testng.SalesforceLoginTest@6500df86]" name="afterMethod" is-config="true" duration-ms="166" started-at="2018-05-11T20:53:09Z" finished-at="2018-05-11T20:53:09Z">
          <reporter-output>
          </reporter-output>
        </test-method> <!-- afterMethod -->
        <test-method status="PASS" signature="beforeMethod()[pri:0, instance:com.revature.testng.SalesforceLoginTest@6500df86]" name="beforeMethod" is-config="true" duration-ms="1559" started-at="2018-05-11T20:53:09Z" finished-at="2018-05-11T20:53:11Z">
          <reporter-output>
          </reporter-output>
        </test-method> <!-- beforeMethod -->
        <test-method status="PASS" signature="trainerTests()[pri:6, instance:com.revature.testng.SalesforceLoginTest@6500df86]" name="trainerTests" duration-ms="11008" started-at="2018-05-11T20:53:11Z" finished-at="2018-05-11T20:53:22Z">
          <reporter-output>
          </reporter-output>
        </test-method> <!-- trainerTests -->
        <test-method status="PASS" signature="afterMethod()[pri:0, instance:com.revature.testng.SalesforceLoginTest@6500df86]" name="afterMethod" is-config="true" duration-ms="127" started-at="2018-05-11T20:53:22Z" finished-at="2018-05-11T20:53:22Z">
          <reporter-output>
          </reporter-output>
        </test-method> <!-- afterMethod -->
        <test-method status="PASS" signature="beforeMethod()[pri:0, instance:com.revature.testng.SalesforceLoginTest@6500df86]" name="beforeMethod" is-config="true" duration-ms="1551" started-at="2018-05-11T20:53:22Z" finished-at="2018-05-11T20:53:23Z">
          <reporter-output>
          </reporter-output>
        </test-method> <!-- beforeMethod -->
        <test-method status="PASS" signature="vpTrainerTests()[pri:7, instance:com.revature.testng.SalesforceLoginTest@6500df86]" name="vpTrainerTests" duration-ms="10351" started-at="2018-05-11T20:53:23Z" finished-at="2018-05-11T20:53:34Z">
          <reporter-output>
          </reporter-output>
        </test-method> <!-- vpTrainerTests -->
        <test-method status="PASS" signature="afterMethod()[pri:0, instance:com.revature.testng.SalesforceLoginTest@6500df86]" name="afterMethod" is-config="true" duration-ms="142" started-at="2018-05-11T20:53:34Z" finished-at="2018-05-11T20:53:34Z">
          <reporter-output>
          </reporter-output>
        </test-method> <!-- afterMethod -->
        <test-method status="PASS" signature="beforeMethod()[pri:0, instance:com.revature.testng.SalesforceLoginTest@6500df86]" name="beforeMethod" is-config="true" duration-ms="1211" started-at="2018-05-11T20:53:34Z" finished-at="2018-05-11T20:53:35Z">
          <reporter-output>
          </reporter-output>
        </test-method> <!-- beforeMethod -->
        <test-method status="PASS" signature="loginAsVpSuccessful()[pri:10, instance:com.revature.testng.SalesforceLoginTest@6500df86]" name="loginAsVpSuccessful" duration-ms="4503" started-at="2018-05-11T20:53:35Z" finished-at="2018-05-11T20:53:40Z">
          <reporter-output>
          </reporter-output>
        </test-method> <!-- loginAsVpSuccessful -->
        <test-method status="PASS" signature="afterMethod()[pri:0, instance:com.revature.testng.SalesforceLoginTest@6500df86]" name="afterMethod" is-config="true" duration-ms="122" started-at="2018-05-11T20:53:40Z" finished-at="2018-05-11T20:53:40Z">
          <reporter-output>
          </reporter-output>
        </test-method> <!-- afterMethod -->
        <test-method status="PASS" signature="afterTest()[pri:0, instance:com.revature.testng.SalesforceLoginTest@6500df86]" name="afterTest" is-config="true" duration-ms="1" started-at="2018-05-11T20:53:40Z" finished-at="2018-05-11T20:53:40Z">
          <reporter-output>
          </reporter-output>
        </test-method> <!-- afterTest -->
        <test-method status="PASS" signature="afterClass()[pri:0, instance:com.revature.testng.SalesforceLoginTest@6500df86]" name="afterClass" is-config="true" duration-ms="0" started-at="2018-05-11T20:53:40Z" finished-at="2018-05-11T20:53:40Z">
          <reporter-output>
          </reporter-output>
        </test-method> <!-- afterClass -->
        <test-method status="PASS" signature="afterSuite()[pri:0, instance:com.revature.testng.SalesforceLoginTest@6500df86]" name="afterSuite" is-config="true" duration-ms="0" started-at="2018-05-11T20:53:40Z" finished-at="2018-05-11T20:53:40Z">
          <reporter-output>
          </reporter-output>
        </test-method> <!-- afterSuite -->
      </class> <!-- com.revature.testng.SalesforceLoginTest -->
    </test> <!-- Default test -->
  </suite> <!-- Default suite -->
</testng-results>
