<?xml version="1.0" encoding="UTF-8"?>
<testng-results skipped="0" failed="0" ignored="0" total="5" passed="5">
  <reporter-output>
  </reporter-output>
  <suite name="Default suite" duration-ms="44546" started-at="2018-05-10T18:02:34Z" finished-at="2018-05-10T18:03:19Z">
    <groups>
    </groups>
    <test name="Default test" duration-ms="44546" started-at="2018-05-10T18:02:34Z" finished-at="2018-05-10T18:03:19Z">
      <class name="com.revature.testng.SalesforceLoginTest">
        <test-method status="PASS" signature="beforeSuite()[pri:0, instance:com.revature.testng.SalesforceLoginTest@f6c48ac]" name="beforeSuite" is-config="true" duration-ms="13" started-at="2018-05-10T18:02:34Z" finished-at="2018-05-10T18:02:34Z">
          <reporter-output>
          </reporter-output>
        </test-method> <!-- beforeSuite -->
        <test-method status="PASS" signature="beforeTest()[pri:0, instance:com.revature.testng.SalesforceLoginTest@f6c48ac]" name="beforeTest" is-config="true" duration-ms="0" started-at="2018-05-10T18:02:34Z" finished-at="2018-05-10T18:02:34Z">
          <reporter-output>
          </reporter-output>
        </test-method> <!-- beforeTest -->
        <test-method status="PASS" signature="beforeClass()[pri:0, instance:com.revature.testng.SalesforceLoginTest@f6c48ac]" name="beforeClass" is-config="true" duration-ms="0" started-at="2018-05-10T18:02:34Z" finished-at="2018-05-10T18:02:34Z">
          <reporter-output>
          </reporter-output>
        </test-method> <!-- beforeClass -->
        <test-method status="PASS" signature="beforeMethod()[pri:0, instance:com.revature.testng.SalesforceLoginTest@f6c48ac]" name="beforeMethod" is-config="true" duration-ms="4058" started-at="2018-05-10T18:02:34Z" finished-at="2018-05-10T18:02:38Z">
          <reporter-output>
          </reporter-output>
        </test-method> <!-- beforeMethod -->
        <test-method status="PASS" signature="findLoginPageSuccessful()[pri:0, instance:com.revature.testng.SalesforceLoginTest@f6c48ac]" name="findLoginPageSuccessful" duration-ms="13126" started-at="2018-05-10T18:02:38Z" finished-at="2018-05-10T18:02:52Z">
          <reporter-output>
          </reporter-output>
        </test-method> <!-- findLoginPageSuccessful -->
        <test-method status="PASS" signature="afterMethod()[pri:0, instance:com.revature.testng.SalesforceLoginTest@f6c48ac]" name="afterMethod" is-config="true" duration-ms="205" started-at="2018-05-10T18:02:52Z" finished-at="2018-05-10T18:02:52Z">
          <reporter-output>
          </reporter-output>
        </test-method> <!-- afterMethod -->
        <test-method status="PASS" signature="beforeMethod()[pri:0, instance:com.revature.testng.SalesforceLoginTest@f6c48ac]" name="beforeMethod" is-config="true" duration-ms="1752" started-at="2018-05-10T18:02:52Z" finished-at="2018-05-10T18:02:54Z">
          <reporter-output>
          </reporter-output>
        </test-method> <!-- beforeMethod -->
        <test-method status="PASS" signature="loginAsTrainerWithWrongCredentials()[pri:1, instance:com.revature.testng.SalesforceLoginTest@f6c48ac]" name="loginAsTrainerWithWrongCredentials" duration-ms="3785" started-at="2018-05-10T18:02:54Z" finished-at="2018-05-10T18:02:57Z">
          <reporter-output>
          </reporter-output>
        </test-method> <!-- loginAsTrainerWithWrongCredentials -->
        <test-method status="PASS" signature="afterMethod()[pri:0, instance:com.revature.testng.SalesforceLoginTest@f6c48ac]" name="afterMethod" is-config="true" duration-ms="140" started-at="2018-05-10T18:02:57Z" finished-at="2018-05-10T18:02:57Z">
          <reporter-output>
          </reporter-output>
        </test-method> <!-- afterMethod -->
        <test-method status="PASS" signature="beforeMethod()[pri:0, instance:com.revature.testng.SalesforceLoginTest@f6c48ac]" name="beforeMethod" is-config="true" duration-ms="1616" started-at="2018-05-10T18:02:57Z" finished-at="2018-05-10T18:02:59Z">
          <reporter-output>
          </reporter-output>
        </test-method> <!-- beforeMethod -->
        <test-method status="PASS" signature="loginAsTrainerSuccessful()[pri:2, instance:com.revature.testng.SalesforceLoginTest@f6c48ac]" name="loginAsTrainerSuccessful" duration-ms="4513" started-at="2018-05-10T18:02:59Z" finished-at="2018-05-10T18:03:04Z">
          <reporter-output>
          </reporter-output>
        </test-method> <!-- loginAsTrainerSuccessful -->
        <test-method status="PASS" signature="afterMethod()[pri:0, instance:com.revature.testng.SalesforceLoginTest@f6c48ac]" name="afterMethod" is-config="true" duration-ms="168" started-at="2018-05-10T18:03:04Z" finished-at="2018-05-10T18:03:04Z">
          <reporter-output>
          </reporter-output>
        </test-method> <!-- afterMethod -->
        <test-method status="PASS" signature="beforeMethod()[pri:0, instance:com.revature.testng.SalesforceLoginTest@f6c48ac]" name="beforeMethod" is-config="true" duration-ms="1668" started-at="2018-05-10T18:03:04Z" finished-at="2018-05-10T18:03:05Z">
          <reporter-output>
          </reporter-output>
        </test-method> <!-- beforeMethod -->
        <test-method status="PASS" signature="loginAsTrainerLandsOnHomePage()[pri:3, instance:com.revature.testng.SalesforceLoginTest@f6c48ac]" name="loginAsTrainerLandsOnHomePage" duration-ms="7435" started-at="2018-05-10T18:03:05Z" finished-at="2018-05-10T18:03:13Z">
          <reporter-output>
          </reporter-output>
        </test-method> <!-- loginAsTrainerLandsOnHomePage -->
        <test-method status="PASS" signature="afterMethod()[pri:0, instance:com.revature.testng.SalesforceLoginTest@f6c48ac]" name="afterMethod" is-config="true" duration-ms="216" started-at="2018-05-10T18:03:13Z" finished-at="2018-05-10T18:03:13Z">
          <reporter-output>
          </reporter-output>
        </test-method> <!-- afterMethod -->
        <test-method status="PASS" signature="beforeMethod()[pri:0, instance:com.revature.testng.SalesforceLoginTest@f6c48ac]" name="beforeMethod" is-config="true" duration-ms="1651" started-at="2018-05-10T18:03:13Z" finished-at="2018-05-10T18:03:15Z">
          <reporter-output>
          </reporter-output>
        </test-method> <!-- beforeMethod -->
        <test-method status="PASS" signature="loginAsVpSuccessful()[pri:4, instance:com.revature.testng.SalesforceLoginTest@f6c48ac]" name="loginAsVpSuccessful" duration-ms="4037" started-at="2018-05-10T18:03:15Z" finished-at="2018-05-10T18:03:19Z">
          <reporter-output>
          </reporter-output>
        </test-method> <!-- loginAsVpSuccessful -->
        <test-method status="PASS" signature="afterMethod()[pri:0, instance:com.revature.testng.SalesforceLoginTest@f6c48ac]" name="afterMethod" is-config="true" duration-ms="124" started-at="2018-05-10T18:03:19Z" finished-at="2018-05-10T18:03:19Z">
          <reporter-output>
          </reporter-output>
        </test-method> <!-- afterMethod -->
        <test-method status="PASS" signature="afterClass()[pri:0, instance:com.revature.testng.SalesforceLoginTest@f6c48ac]" name="afterClass" is-config="true" duration-ms="0" started-at="2018-05-10T18:03:19Z" finished-at="2018-05-10T18:03:19Z">
          <reporter-output>
          </reporter-output>
        </test-method> <!-- afterClass -->
        <test-method status="PASS" signature="afterTest()[pri:0, instance:com.revature.testng.SalesforceLoginTest@f6c48ac]" name="afterTest" is-config="true" duration-ms="1" started-at="2018-05-10T18:03:19Z" finished-at="2018-05-10T18:03:19Z">
          <reporter-output>
          </reporter-output>
        </test-method> <!-- afterTest -->
        <test-method status="PASS" signature="afterSuite()[pri:0, instance:com.revature.testng.SalesforceLoginTest@f6c48ac]" name="afterSuite" is-config="true" duration-ms="0" started-at="2018-05-10T18:03:19Z" finished-at="2018-05-10T18:03:19Z">
          <reporter-output>
          </reporter-output>
        </test-method> <!-- afterSuite -->
      </class> <!-- com.revature.testng.SalesforceLoginTest -->
    </test> <!-- Default test -->
  </suite> <!-- Default suite -->
</testng-results>
