<?xml version="1.0" encoding="UTF-8"?>
<testng-results skipped="0" failed="0" ignored="5" total="8" passed="3">
  <reporter-output>
  </reporter-output>
  <suite name="Default suite" duration-ms="12082" started-at="2018-05-17T14:32:38Z" finished-at="2018-05-17T14:32:50Z">
    <groups>
    </groups>
    <test name="Default test" duration-ms="12082" started-at="2018-05-17T14:32:38Z" finished-at="2018-05-17T14:32:50Z">
      <class name="com.revature.testng.TrainersTests">
        <test-method status="PASS" signature="beforeClass()[pri:0, instance:com.revature.testng.TrainersTests@553f17c]" name="beforeClass" is-config="true" duration-ms="2848" started-at="2018-05-17T14:32:38Z" finished-at="2018-05-17T14:32:40Z">
          <reporter-output>
          </reporter-output>
        </test-method> <!-- beforeClass -->
        <test-method status="PASS" signature="findTrainersPage()[pri:1, instance:com.revature.testng.TrainersTests@553f17c]" name="findTrainersPage" duration-ms="7063" started-at="2018-05-17T14:32:40Z" finished-at="2018-05-17T14:32:48Z">
          <reporter-output>
          </reporter-output>
        </test-method> <!-- findTrainersPage -->
        <test-method status="PASS" signature="getResumeFormIndividualWithNoResume()[pri:7, instance:com.revature.testng.TrainersTests@553f17c]" name="getResumeFormIndividualWithNoResume" duration-ms="893" started-at="2018-05-17T14:32:48Z" finished-at="2018-05-17T14:32:48Z">
          <reporter-output>
          </reporter-output>
        </test-method> <!-- getResumeFormIndividualWithNoResume -->
        <test-method status="PASS" signature="viewPTOcalanderPage()[pri:8, instance:com.revature.testng.TrainersTests@553f17c]" name="viewPTOcalanderPage" duration-ms="1244" started-at="2018-05-17T14:32:48Z" finished-at="2018-05-17T14:32:50Z">
          <reporter-output>
          </reporter-output>
        </test-method> <!-- viewPTOcalanderPage -->
        <test-method status="PASS" signature="afterClass()[pri:0, instance:com.revature.testng.TrainersTests@553f17c]" name="afterClass" is-config="true" duration-ms="1" started-at="2018-05-17T14:32:50Z" finished-at="2018-05-17T14:32:50Z">
          <reporter-output>
          </reporter-output>
        </test-method> <!-- afterClass -->
      </class> <!-- com.revature.testng.TrainersTests -->
    </test> <!-- Default test -->
  </suite> <!-- Default suite -->
</testng-results>
