<?xml version="1.0" encoding="UTF-8"?>
<testng-results skipped="0" failed="0" ignored="0" total="8" passed="8">
  <reporter-output>
  </reporter-output>
  <suite name="Default suite" duration-ms="89066" started-at="2018-05-17T20:30:49Z" finished-at="2018-05-17T20:32:18Z">
    <groups>
    </groups>
    <test name="Default test" duration-ms="89066" started-at="2018-05-17T20:30:49Z" finished-at="2018-05-17T20:32:18Z">
      <class name="com.revature.testng.TrainersTests">
        <test-method status="PASS" signature="beforeClass()[pri:0, instance:com.revature.testng.TrainersTests@4566e5bd]" name="beforeClass" is-config="true" duration-ms="3087" started-at="2018-05-17T20:30:49Z" finished-at="2018-05-17T20:30:52Z">
          <reporter-output>
          </reporter-output>
        </test-method> <!-- beforeClass -->
        <test-method status="PASS" signature="findTrainersPage()[pri:1, instance:com.revature.testng.TrainersTests@4566e5bd]" name="findTrainersPage" duration-ms="18729" started-at="2018-05-17T20:30:52Z" finished-at="2018-05-17T20:31:11Z">
          <reporter-output>
          </reporter-output>
        </test-method> <!-- findTrainersPage -->
        <test-method status="PASS" signature="createTrainWithoutFirstName()[pri:2, instance:com.revature.testng.TrainersTests@4566e5bd]" name="createTrainWithoutFirstName" duration-ms="4354" started-at="2018-05-17T20:31:11Z" finished-at="2018-05-17T20:31:15Z">
          <reporter-output>
          </reporter-output>
        </test-method> <!-- createTrainWithoutFirstName -->
        <test-method status="PASS" signature="createTrainWithoutLastName()[pri:3, instance:com.revature.testng.TrainersTests@4566e5bd]" name="createTrainWithoutLastName" duration-ms="3828" started-at="2018-05-17T20:31:15Z" finished-at="2018-05-17T20:31:19Z">
          <reporter-output>
          </reporter-output>
        </test-method> <!-- createTrainWithoutLastName -->
        <test-method status="PASS" signature="createNewTrainer()[pri:4, instance:com.revature.testng.TrainersTests@4566e5bd]" name="createNewTrainer" duration-ms="27561" started-at="2018-05-17T20:31:19Z" finished-at="2018-05-17T20:31:46Z">
          <reporter-output>
          </reporter-output>
        </test-method> <!-- createNewTrainer -->
        <test-method status="PASS" signature="deactivateTrainer()[pri:5, instance:com.revature.testng.TrainersTests@4566e5bd]" name="deactivateTrainer" duration-ms="10684" started-at="2018-05-17T20:31:46Z" finished-at="2018-05-17T20:31:57Z">
          <reporter-output>
          </reporter-output>
        </test-method> <!-- deactivateTrainer -->
        <test-method status="PASS" signature="activateTrainer()[pri:6, instance:com.revature.testng.TrainersTests@4566e5bd]" name="activateTrainer" duration-ms="8637" started-at="2018-05-17T20:31:57Z" finished-at="2018-05-17T20:32:06Z">
          <reporter-output>
          </reporter-output>
        </test-method> <!-- activateTrainer -->
        <test-method status="PASS" signature="getResumeFormIndividualWithNoResume()[pri:7, instance:com.revature.testng.TrainersTests@4566e5bd]" name="getResumeFormIndividualWithNoResume" duration-ms="274" started-at="2018-05-17T20:32:06Z" finished-at="2018-05-17T20:32:06Z">
          <reporter-output>
          </reporter-output>
        </test-method> <!-- getResumeFormIndividualWithNoResume -->
        <test-method status="PASS" signature="viewPTOcalanderPage()[pri:8, instance:com.revature.testng.TrainersTests@4566e5bd]" name="viewPTOcalanderPage" duration-ms="11572" started-at="2018-05-17T20:32:06Z" finished-at="2018-05-17T20:32:17Z">
          <reporter-output>
          </reporter-output>
        </test-method> <!-- viewPTOcalanderPage -->
        <test-method status="PASS" signature="afterClass()[pri:0, instance:com.revature.testng.TrainersTests@4566e5bd]" name="afterClass" is-config="true" duration-ms="261" started-at="2018-05-17T20:32:17Z" finished-at="2018-05-17T20:32:18Z">
          <reporter-output>
          </reporter-output>
        </test-method> <!-- afterClass -->
      </class> <!-- com.revature.testng.TrainersTests -->
    </test> <!-- Default test -->
  </suite> <!-- Default suite -->
</testng-results>
