<?xml version="1.0" encoding="UTF-8"?>
<testng-results skipped="0" failed="3" ignored="0" total="11" passed="8">
  <reporter-output>
  </reporter-output>
  <suite name="Default suite" duration-ms="108923" started-at="2018-05-16T19:25:33Z" finished-at="2018-05-16T19:27:22Z">
    <groups>
    </groups>
    <test name="Default test" duration-ms="108923" started-at="2018-05-16T19:25:33Z" finished-at="2018-05-16T19:27:22Z">
      <class name="com.revature.testng.SalesforceLoginTest">
        <test-method status="PASS" signature="beforeSuite()[pri:0, instance:com.revature.testng.SalesforceLoginTest@4566e5bd]" name="beforeSuite" is-config="true" duration-ms="41" started-at="2018-05-16T19:25:33Z" finished-at="2018-05-16T19:25:33Z">
          <reporter-output>
          </reporter-output>
        </test-method> <!-- beforeSuite -->
        <test-method status="PASS" signature="beforeTest()[pri:0, instance:com.revature.testng.SalesforceLoginTest@4566e5bd]" name="beforeTest" is-config="true" duration-ms="1" started-at="2018-05-16T19:25:33Z" finished-at="2018-05-16T19:25:33Z">
          <reporter-output>
          </reporter-output>
        </test-method> <!-- beforeTest -->
        <test-method status="PASS" signature="beforeClass()[pri:0, instance:com.revature.testng.SalesforceLoginTest@4566e5bd]" name="beforeClass" is-config="true" duration-ms="5" started-at="2018-05-16T19:25:33Z" finished-at="2018-05-16T19:25:33Z">
          <reporter-output>
          </reporter-output>
        </test-method> <!-- beforeClass -->
        <test-method status="PASS" signature="beforeMethod()[pri:0, instance:com.revature.testng.SalesforceLoginTest@4566e5bd]" name="beforeMethod" is-config="true" duration-ms="5307" started-at="2018-05-16T19:25:33Z" finished-at="2018-05-16T19:25:39Z">
          <reporter-output>
          </reporter-output>
        </test-method> <!-- beforeMethod -->
        <test-method status="PASS" signature="findLoginPageSuccessful()[pri:0, instance:com.revature.testng.SalesforceLoginTest@4566e5bd]" name="findLoginPageSuccessful" duration-ms="12418" started-at="2018-05-16T19:25:39Z" finished-at="2018-05-16T19:25:51Z">
          <reporter-output>
          </reporter-output>
        </test-method> <!-- findLoginPageSuccessful -->
        <test-method status="PASS" signature="afterMethod()[pri:0, instance:com.revature.testng.SalesforceLoginTest@4566e5bd]" name="afterMethod" is-config="true" duration-ms="218" started-at="2018-05-16T19:25:51Z" finished-at="2018-05-16T19:25:51Z">
          <reporter-output>
          </reporter-output>
        </test-method> <!-- afterMethod -->
        <test-method status="PASS" signature="beforeMethod()[pri:0, instance:com.revature.testng.SalesforceLoginTest@4566e5bd]" name="beforeMethod" is-config="true" duration-ms="2178" started-at="2018-05-16T19:25:51Z" finished-at="2018-05-16T19:25:53Z">
          <reporter-output>
          </reporter-output>
        </test-method> <!-- beforeMethod -->
        <test-method status="PASS" signature="loginAsTrainerWithWrongCredentials()[pri:1, instance:com.revature.testng.SalesforceLoginTest@4566e5bd]" name="loginAsTrainerWithWrongCredentials" duration-ms="2995" started-at="2018-05-16T19:25:53Z" finished-at="2018-05-16T19:25:56Z">
          <reporter-output>
          </reporter-output>
        </test-method> <!-- loginAsTrainerWithWrongCredentials -->
        <test-method status="PASS" signature="afterMethod()[pri:0, instance:com.revature.testng.SalesforceLoginTest@4566e5bd]" name="afterMethod" is-config="true" duration-ms="162" started-at="2018-05-16T19:25:56Z" finished-at="2018-05-16T19:25:56Z">
          <reporter-output>
          </reporter-output>
        </test-method> <!-- afterMethod -->
        <test-method status="PASS" signature="beforeMethod()[pri:0, instance:com.revature.testng.SalesforceLoginTest@4566e5bd]" name="beforeMethod" is-config="true" duration-ms="1918" started-at="2018-05-16T19:25:56Z" finished-at="2018-05-16T19:25:58Z">
          <reporter-output>
          </reporter-output>
        </test-method> <!-- beforeMethod -->
        <test-method status="PASS" signature="loginAsTrainerSuccessful()[pri:2, instance:com.revature.testng.SalesforceLoginTest@4566e5bd]" name="loginAsTrainerSuccessful" duration-ms="5059" started-at="2018-05-16T19:25:58Z" finished-at="2018-05-16T19:26:03Z">
          <reporter-output>
          </reporter-output>
        </test-method> <!-- loginAsTrainerSuccessful -->
        <test-method status="PASS" signature="afterMethod()[pri:0, instance:com.revature.testng.SalesforceLoginTest@4566e5bd]" name="afterMethod" is-config="true" duration-ms="193" started-at="2018-05-16T19:26:03Z" finished-at="2018-05-16T19:26:04Z">
          <reporter-output>
          </reporter-output>
        </test-method> <!-- afterMethod -->
        <test-method status="PASS" signature="beforeMethod()[pri:0, instance:com.revature.testng.SalesforceLoginTest@4566e5bd]" name="beforeMethod" is-config="true" duration-ms="2069" started-at="2018-05-16T19:26:04Z" finished-at="2018-05-16T19:26:06Z">
          <reporter-output>
          </reporter-output>
        </test-method> <!-- beforeMethod -->
        <test-method status="PASS" signature="homePageDisplaysAllBatches()[pri:3, instance:com.revature.testng.SalesforceLoginTest@4566e5bd]" name="homePageDisplaysAllBatches" duration-ms="9506" started-at="2018-05-16T19:26:06Z" finished-at="2018-05-16T19:26:15Z">
          <reporter-output>
          </reporter-output>
        </test-method> <!-- homePageDisplaysAllBatches -->
        <test-method status="PASS" signature="afterMethod()[pri:0, instance:com.revature.testng.SalesforceLoginTest@4566e5bd]" name="afterMethod" is-config="true" duration-ms="211" started-at="2018-05-16T19:26:15Z" finished-at="2018-05-16T19:26:15Z">
          <reporter-output>
          </reporter-output>
        </test-method> <!-- afterMethod -->
        <test-method status="PASS" signature="beforeMethod()[pri:0, instance:com.revature.testng.SalesforceLoginTest@4566e5bd]" name="beforeMethod" is-config="true" duration-ms="1556" started-at="2018-05-16T19:26:15Z" finished-at="2018-05-16T19:26:17Z">
          <reporter-output>
          </reporter-output>
        </test-method> <!-- beforeMethod -->
        <test-method status="PASS" signature="navigationTagsActive()[pri:4, instance:com.revature.testng.SalesforceLoginTest@4566e5bd]" name="navigationTagsActive" duration-ms="10168" started-at="2018-05-16T19:26:17Z" finished-at="2018-05-16T19:26:27Z">
          <reporter-output>
          </reporter-output>
        </test-method> <!-- navigationTagsActive -->
        <test-method status="PASS" signature="afterMethod()[pri:0, instance:com.revature.testng.SalesforceLoginTest@4566e5bd]" name="afterMethod" is-config="true" duration-ms="166" started-at="2018-05-16T19:26:27Z" finished-at="2018-05-16T19:26:27Z">
          <reporter-output>
          </reporter-output>
        </test-method> <!-- afterMethod -->
        <test-method status="PASS" signature="beforeMethod()[pri:0, instance:com.revature.testng.SalesforceLoginTest@4566e5bd]" name="beforeMethod" is-config="true" duration-ms="1463" started-at="2018-05-16T19:26:27Z" finished-at="2018-05-16T19:26:29Z">
          <reporter-output>
          </reporter-output>
        </test-method> <!-- beforeMethod -->
        <test-method status="FAIL" signature="filterSuccessful()[pri:5, instance:com.revature.testng.SalesforceLoginTest@4566e5bd]" name="filterSuccessful" duration-ms="7651" started-at="2018-05-16T19:26:29Z" finished-at="2018-05-16T19:26:36Z">
          <exception class="org.openqa.selenium.ElementNotVisibleException">
            <message>
              <![CDATA[element not visible
  (Session info: chrome=66.0.3359.181)
  (Driver info: chromedriver=2.36.540469 (1881fd7f8641508feb5166b7cae561d87723cfa8),platform=Mac OS X 10.11.6 x86_64) (WARNING: The server did not provide any stacktrace information)
Command duration or timeout: 0 milliseconds
Build info: version: '3.11.0', revision: 'e59cfb3', time: '2018-03-11T20:26:55.152Z'
System info: host: 'Andrews-MacBook-Pro.local', ip: '192.168.60.193', os.name: 'Mac OS X', os.arch: 'x86_64', os.version: '10.11.6', java.version: '1.8.0_92'
Driver info: org.openqa.selenium.chrome.ChromeDriver
Capabilities {acceptInsecureCerts: false, acceptSslCerts: false, applicationCacheEnabled: false, browserConnectionEnabled: false, browserName: chrome, chrome: {chromedriverVersion: 2.36.540469 (1881fd7f864150..., userDataDir: /var/folders/g5/gyqfq14d78x...}, cssSelectorsEnabled: true, databaseEnabled: false, handlesAlerts: true, hasTouchScreen: false, javascriptEnabled: true, locationContextEnabled: true, mobileEmulationEnabled: false, nativeEvents: true, networkConnectionEnabled: false, pageLoadStrategy: normal, platform: MAC, platformName: MAC, rotatable: false, setWindowRect: true, takesHeapSnapshot: true, takesScreenshot: true, unexpectedAlertBehaviour: , unhandledPromptBehavior: , version: 66.0.3359.181, webStorageEnabled: true}
Session ID: 96281e24d921a605277962b60b0bb587]]>
            </message>
            <full-stacktrace>
              <![CDATA[org.openqa.selenium.ElementNotVisibleException: element not visible
  (Session info: chrome=66.0.3359.181)
  (Driver info: chromedriver=2.36.540469 (1881fd7f8641508feb5166b7cae561d87723cfa8),platform=Mac OS X 10.11.6 x86_64) (WARNING: The server did not provide any stacktrace information)
Command duration or timeout: 0 milliseconds
Build info: version: '3.11.0', revision: 'e59cfb3', time: '2018-03-11T20:26:55.152Z'
System info: host: 'Andrews-MacBook-Pro.local', ip: '192.168.60.193', os.name: 'Mac OS X', os.arch: 'x86_64', os.version: '10.11.6', java.version: '1.8.0_92'
Driver info: org.openqa.selenium.chrome.ChromeDriver
Capabilities {acceptInsecureCerts: false, acceptSslCerts: false, applicationCacheEnabled: false, browserConnectionEnabled: false, browserName: chrome, chrome: {chromedriverVersion: 2.36.540469 (1881fd7f864150..., userDataDir: /var/folders/g5/gyqfq14d78x...}, cssSelectorsEnabled: true, databaseEnabled: false, handlesAlerts: true, hasTouchScreen: false, javascriptEnabled: true, locationContextEnabled: true, mobileEmulationEnabled: false, nativeEvents: true, networkConnectionEnabled: false, pageLoadStrategy: normal, platform: MAC, platformName: MAC, rotatable: false, setWindowRect: true, takesHeapSnapshot: true, takesScreenshot: true, unexpectedAlertBehaviour: , unhandledPromptBehavior: , version: 66.0.3359.181, webStorageEnabled: true}
Session ID: 96281e24d921a605277962b60b0bb587
at sun.reflect.NativeConstructorAccessorImpl.newInstance0(Native Method)
at sun.reflect.NativeConstructorAccessorImpl.newInstance(NativeConstructorAccessorImpl.java:62)
at sun.reflect.DelegatingConstructorAccessorImpl.newInstance(DelegatingConstructorAccessorImpl.java:45)
at java.lang.reflect.Constructor.newInstance(Constructor.java:423)
at org.openqa.selenium.remote.ErrorHandler.createThrowable(ErrorHandler.java:214)
at org.openqa.selenium.remote.ErrorHandler.throwIfResponseFailed(ErrorHandler.java:166)
at org.openqa.selenium.remote.http.JsonHttpResponseCodec.reconstructValue(JsonHttpResponseCodec.java:40)
at org.openqa.selenium.remote.http.AbstractHttpResponseCodec.decode(AbstractHttpResponseCodec.java:80)
at org.openqa.selenium.remote.http.AbstractHttpResponseCodec.decode(AbstractHttpResponseCodec.java:44)
at org.openqa.selenium.remote.HttpCommandExecutor.execute(HttpCommandExecutor.java:158)
at org.openqa.selenium.remote.service.DriverCommandExecutor.execute(DriverCommandExecutor.java:83)
at org.openqa.selenium.remote.RemoteWebDriver.execute(RemoteWebDriver.java:545)
at org.openqa.selenium.remote.RemoteWebElement.execute(RemoteWebElement.java:279)
at org.openqa.selenium.remote.RemoteWebElement.click(RemoteWebElement.java:83)
at com.revature.testng.SalesforceLoginTest.filterSuccessful(SalesforceLoginTest.java:234)
at sun.reflect.NativeMethodAccessorImpl.invoke0(Native Method)
at sun.reflect.NativeMethodAccessorImpl.invoke(NativeMethodAccessorImpl.java:62)
at sun.reflect.DelegatingMethodAccessorImpl.invoke(DelegatingMethodAccessorImpl.java:43)
at java.lang.reflect.Method.invoke(Method.java:498)
at org.testng.internal.MethodInvocationHelper.invokeMethod(MethodInvocationHelper.java:124)
at org.testng.internal.Invoker.invokeMethod(Invoker.java:580)
at org.testng.internal.Invoker.invokeTestMethod(Invoker.java:716)
at org.testng.internal.Invoker.invokeTestMethods(Invoker.java:988)
at org.testng.internal.TestMethodWorker.invokeTestMethods(TestMethodWorker.java:125)
at org.testng.internal.TestMethodWorker.run(TestMethodWorker.java:109)
at org.testng.TestRunner.privateRun(TestRunner.java:648)
at org.testng.TestRunner.run(TestRunner.java:505)
at org.testng.SuiteRunner.runTest(SuiteRunner.java:455)
at org.testng.SuiteRunner.runSequentially(SuiteRunner.java:450)
at org.testng.SuiteRunner.privateRun(SuiteRunner.java:415)
at org.testng.SuiteRunner.run(SuiteRunner.java:364)
at org.testng.SuiteRunnerWorker.runSuite(SuiteRunnerWorker.java:52)
at org.testng.SuiteRunnerWorker.run(SuiteRunnerWorker.java:84)
at org.testng.TestNG.runSuitesSequentially(TestNG.java:1208)
at org.testng.TestNG.runSuitesLocally(TestNG.java:1137)
at org.testng.TestNG.runSuites(TestNG.java:1049)
at org.testng.TestNG.run(TestNG.java:1017)
at org.testng.remote.AbstractRemoteTestNG.run(AbstractRemoteTestNG.java:114)
at org.testng.remote.RemoteTestNG.initAndRun(RemoteTestNG.java:251)
at org.testng.remote.RemoteTestNG.main(RemoteTestNG.java:77)
]]>
            </full-stacktrace>
          </exception> <!-- org.openqa.selenium.ElementNotVisibleException -->
          <reporter-output>
          </reporter-output>
        </test-method> <!-- filterSuccessful -->
        <test-method status="PASS" signature="afterMethod()[pri:0, instance:com.revature.testng.SalesforceLoginTest@4566e5bd]" name="afterMethod" is-config="true" duration-ms="147" started-at="2018-05-16T19:26:37Z" finished-at="2018-05-16T19:26:37Z">
          <reporter-output>
          </reporter-output>
        </test-method> <!-- afterMethod -->
        <test-method status="PASS" signature="beforeMethod()[pri:0, instance:com.revature.testng.SalesforceLoginTest@4566e5bd]" name="beforeMethod" is-config="true" duration-ms="1660" started-at="2018-05-16T19:26:37Z" finished-at="2018-05-16T19:26:38Z">
          <reporter-output>
          </reporter-output>
        </test-method> <!-- beforeMethod -->
        <test-method status="PASS" signature="trainerTests()[pri:6, instance:com.revature.testng.SalesforceLoginTest@4566e5bd]" name="trainerTests" duration-ms="13131" started-at="2018-05-16T19:26:38Z" finished-at="2018-05-16T19:26:51Z">
          <reporter-output>
          </reporter-output>
        </test-method> <!-- trainerTests -->
        <test-method status="PASS" signature="afterMethod()[pri:0, instance:com.revature.testng.SalesforceLoginTest@4566e5bd]" name="afterMethod" is-config="true" duration-ms="190" started-at="2018-05-16T19:26:51Z" finished-at="2018-05-16T19:26:52Z">
          <reporter-output>
          </reporter-output>
        </test-method> <!-- afterMethod -->
        <test-method status="PASS" signature="beforeMethod()[pri:0, instance:com.revature.testng.SalesforceLoginTest@4566e5bd]" name="beforeMethod" is-config="true" duration-ms="1467" started-at="2018-05-16T19:26:52Z" finished-at="2018-05-16T19:26:53Z">
          <reporter-output>
          </reporter-output>
        </test-method> <!-- beforeMethod -->
        <test-method status="FAIL" signature="vpTrainerTests()[pri:7, instance:com.revature.testng.SalesforceLoginTest@4566e5bd]" name="vpTrainerTests" duration-ms="8548" started-at="2018-05-16T19:26:53Z" finished-at="2018-05-16T19:27:02Z">
          <exception class="org.openqa.selenium.ElementNotVisibleException">
            <message>
              <![CDATA[element not visible
  (Session info: chrome=66.0.3359.181)
  (Driver info: chromedriver=2.36.540469 (1881fd7f8641508feb5166b7cae561d87723cfa8),platform=Mac OS X 10.11.6 x86_64) (WARNING: The server did not provide any stacktrace information)
Command duration or timeout: 0 milliseconds
Build info: version: '3.11.0', revision: 'e59cfb3', time: '2018-03-11T20:26:55.152Z'
System info: host: 'Andrews-MacBook-Pro.local', ip: '192.168.60.193', os.name: 'Mac OS X', os.arch: 'x86_64', os.version: '10.11.6', java.version: '1.8.0_92'
Driver info: org.openqa.selenium.chrome.ChromeDriver
Capabilities {acceptInsecureCerts: false, acceptSslCerts: false, applicationCacheEnabled: false, browserConnectionEnabled: false, browserName: chrome, chrome: {chromedriverVersion: 2.36.540469 (1881fd7f864150..., userDataDir: /var/folders/g5/gyqfq14d78x...}, cssSelectorsEnabled: true, databaseEnabled: false, handlesAlerts: true, hasTouchScreen: false, javascriptEnabled: true, locationContextEnabled: true, mobileEmulationEnabled: false, nativeEvents: true, networkConnectionEnabled: false, pageLoadStrategy: normal, platform: MAC, platformName: MAC, rotatable: false, setWindowRect: true, takesHeapSnapshot: true, takesScreenshot: true, unexpectedAlertBehaviour: , unhandledPromptBehavior: , version: 66.0.3359.181, webStorageEnabled: true}
Session ID: 0de4c812ee18c8b7218abfca45c0740b]]>
            </message>
            <full-stacktrace>
              <![CDATA[org.openqa.selenium.ElementNotVisibleException: element not visible
  (Session info: chrome=66.0.3359.181)
  (Driver info: chromedriver=2.36.540469 (1881fd7f8641508feb5166b7cae561d87723cfa8),platform=Mac OS X 10.11.6 x86_64) (WARNING: The server did not provide any stacktrace information)
Command duration or timeout: 0 milliseconds
Build info: version: '3.11.0', revision: 'e59cfb3', time: '2018-03-11T20:26:55.152Z'
System info: host: 'Andrews-MacBook-Pro.local', ip: '192.168.60.193', os.name: 'Mac OS X', os.arch: 'x86_64', os.version: '10.11.6', java.version: '1.8.0_92'
Driver info: org.openqa.selenium.chrome.ChromeDriver
Capabilities {acceptInsecureCerts: false, acceptSslCerts: false, applicationCacheEnabled: false, browserConnectionEnabled: false, browserName: chrome, chrome: {chromedriverVersion: 2.36.540469 (1881fd7f864150..., userDataDir: /var/folders/g5/gyqfq14d78x...}, cssSelectorsEnabled: true, databaseEnabled: false, handlesAlerts: true, hasTouchScreen: false, javascriptEnabled: true, locationContextEnabled: true, mobileEmulationEnabled: false, nativeEvents: true, networkConnectionEnabled: false, pageLoadStrategy: normal, platform: MAC, platformName: MAC, rotatable: false, setWindowRect: true, takesHeapSnapshot: true, takesScreenshot: true, unexpectedAlertBehaviour: , unhandledPromptBehavior: , version: 66.0.3359.181, webStorageEnabled: true}
Session ID: 0de4c812ee18c8b7218abfca45c0740b
at sun.reflect.NativeConstructorAccessorImpl.newInstance0(Native Method)
at sun.reflect.NativeConstructorAccessorImpl.newInstance(NativeConstructorAccessorImpl.java:62)
at sun.reflect.DelegatingConstructorAccessorImpl.newInstance(DelegatingConstructorAccessorImpl.java:45)
at java.lang.reflect.Constructor.newInstance(Constructor.java:423)
at org.openqa.selenium.remote.ErrorHandler.createThrowable(ErrorHandler.java:214)
at org.openqa.selenium.remote.ErrorHandler.throwIfResponseFailed(ErrorHandler.java:166)
at org.openqa.selenium.remote.http.JsonHttpResponseCodec.reconstructValue(JsonHttpResponseCodec.java:40)
at org.openqa.selenium.remote.http.AbstractHttpResponseCodec.decode(AbstractHttpResponseCodec.java:80)
at org.openqa.selenium.remote.http.AbstractHttpResponseCodec.decode(AbstractHttpResponseCodec.java:44)
at org.openqa.selenium.remote.HttpCommandExecutor.execute(HttpCommandExecutor.java:158)
at org.openqa.selenium.remote.service.DriverCommandExecutor.execute(DriverCommandExecutor.java:83)
at org.openqa.selenium.remote.RemoteWebDriver.execute(RemoteWebDriver.java:545)
at org.openqa.selenium.remote.RemoteWebElement.execute(RemoteWebElement.java:279)
at org.openqa.selenium.remote.RemoteWebElement.click(RemoteWebElement.java:83)
at com.revature.testng.SalesforceLoginTest.vpTrainerTests(SalesforceLoginTest.java:297)
at sun.reflect.NativeMethodAccessorImpl.invoke0(Native Method)
at sun.reflect.NativeMethodAccessorImpl.invoke(NativeMethodAccessorImpl.java:62)
at sun.reflect.DelegatingMethodAccessorImpl.invoke(DelegatingMethodAccessorImpl.java:43)
at java.lang.reflect.Method.invoke(Method.java:498)
at org.testng.internal.MethodInvocationHelper.invokeMethod(MethodInvocationHelper.java:124)
at org.testng.internal.Invoker.invokeMethod(Invoker.java:580)
at org.testng.internal.Invoker.invokeTestMethod(Invoker.java:716)
at org.testng.internal.Invoker.invokeTestMethods(Invoker.java:988)
at org.testng.internal.TestMethodWorker.invokeTestMethods(TestMethodWorker.java:125)
at org.testng.internal.TestMethodWorker.run(TestMethodWorker.java:109)
at org.testng.TestRunner.privateRun(TestRunner.java:648)
at org.testng.TestRunner.run(TestRunner.java:505)
at org.testng.SuiteRunner.runTest(SuiteRunner.java:455)
at org.testng.SuiteRunner.runSequentially(SuiteRunner.java:450)
at org.testng.SuiteRunner.privateRun(SuiteRunner.java:415)
at org.testng.SuiteRunner.run(SuiteRunner.java:364)
at org.testng.SuiteRunnerWorker.runSuite(SuiteRunnerWorker.java:52)
at org.testng.SuiteRunnerWorker.run(SuiteRunnerWorker.java:84)
at org.testng.TestNG.runSuitesSequentially(TestNG.java:1208)
at org.testng.TestNG.runSuitesLocally(TestNG.java:1137)
at org.testng.TestNG.runSuites(TestNG.java:1049)
at org.testng.TestNG.run(TestNG.java:1017)
at org.testng.remote.AbstractRemoteTestNG.run(AbstractRemoteTestNG.java:114)
at org.testng.remote.RemoteTestNG.initAndRun(RemoteTestNG.java:251)
at org.testng.remote.RemoteTestNG.main(RemoteTestNG.java:77)
]]>
            </full-stacktrace>
          </exception> <!-- org.openqa.selenium.ElementNotVisibleException -->
          <reporter-output>
          </reporter-output>
        </test-method> <!-- vpTrainerTests -->
        <test-method status="PASS" signature="afterMethod()[pri:0, instance:com.revature.testng.SalesforceLoginTest@4566e5bd]" name="afterMethod" is-config="true" duration-ms="158" started-at="2018-05-16T19:27:02Z" finished-at="2018-05-16T19:27:02Z">
          <reporter-output>
          </reporter-output>
        </test-method> <!-- afterMethod -->
        <test-method status="PASS" signature="beforeMethod()[pri:0, instance:com.revature.testng.SalesforceLoginTest@4566e5bd]" name="beforeMethod" is-config="true" duration-ms="1480" started-at="2018-05-16T19:27:02Z" finished-at="2018-05-16T19:27:03Z">
          <reporter-output>
          </reporter-output>
        </test-method> <!-- beforeMethod -->
        <test-method status="FAIL" signature="vpFilterSuccessful()[pri:8, instance:com.revature.testng.SalesforceLoginTest@4566e5bd]" name="vpFilterSuccessful" duration-ms="8618" started-at="2018-05-16T19:27:03Z" finished-at="2018-05-16T19:27:12Z">
          <exception class="org.openqa.selenium.ElementNotVisibleException">
            <message>
              <![CDATA[element not visible
  (Session info: chrome=66.0.3359.181)
  (Driver info: chromedriver=2.36.540469 (1881fd7f8641508feb5166b7cae561d87723cfa8),platform=Mac OS X 10.11.6 x86_64) (WARNING: The server did not provide any stacktrace information)
Command duration or timeout: 0 milliseconds
Build info: version: '3.11.0', revision: 'e59cfb3', time: '2018-03-11T20:26:55.152Z'
System info: host: 'Andrews-MacBook-Pro.local', ip: '192.168.60.193', os.name: 'Mac OS X', os.arch: 'x86_64', os.version: '10.11.6', java.version: '1.8.0_92'
Driver info: org.openqa.selenium.chrome.ChromeDriver
Capabilities {acceptInsecureCerts: false, acceptSslCerts: false, applicationCacheEnabled: false, browserConnectionEnabled: false, browserName: chrome, chrome: {chromedriverVersion: 2.36.540469 (1881fd7f864150..., userDataDir: /var/folders/g5/gyqfq14d78x...}, cssSelectorsEnabled: true, databaseEnabled: false, handlesAlerts: true, hasTouchScreen: false, javascriptEnabled: true, locationContextEnabled: true, mobileEmulationEnabled: false, nativeEvents: true, networkConnectionEnabled: false, pageLoadStrategy: normal, platform: MAC, platformName: MAC, rotatable: false, setWindowRect: true, takesHeapSnapshot: true, takesScreenshot: true, unexpectedAlertBehaviour: , unhandledPromptBehavior: , version: 66.0.3359.181, webStorageEnabled: true}
Session ID: 3343521aeb3882c777f5f166a266b286]]>
            </message>
            <full-stacktrace>
              <![CDATA[org.openqa.selenium.ElementNotVisibleException: element not visible
  (Session info: chrome=66.0.3359.181)
  (Driver info: chromedriver=2.36.540469 (1881fd7f8641508feb5166b7cae561d87723cfa8),platform=Mac OS X 10.11.6 x86_64) (WARNING: The server did not provide any stacktrace information)
Command duration or timeout: 0 milliseconds
Build info: version: '3.11.0', revision: 'e59cfb3', time: '2018-03-11T20:26:55.152Z'
System info: host: 'Andrews-MacBook-Pro.local', ip: '192.168.60.193', os.name: 'Mac OS X', os.arch: 'x86_64', os.version: '10.11.6', java.version: '1.8.0_92'
Driver info: org.openqa.selenium.chrome.ChromeDriver
Capabilities {acceptInsecureCerts: false, acceptSslCerts: false, applicationCacheEnabled: false, browserConnectionEnabled: false, browserName: chrome, chrome: {chromedriverVersion: 2.36.540469 (1881fd7f864150..., userDataDir: /var/folders/g5/gyqfq14d78x...}, cssSelectorsEnabled: true, databaseEnabled: false, handlesAlerts: true, hasTouchScreen: false, javascriptEnabled: true, locationContextEnabled: true, mobileEmulationEnabled: false, nativeEvents: true, networkConnectionEnabled: false, pageLoadStrategy: normal, platform: MAC, platformName: MAC, rotatable: false, setWindowRect: true, takesHeapSnapshot: true, takesScreenshot: true, unexpectedAlertBehaviour: , unhandledPromptBehavior: , version: 66.0.3359.181, webStorageEnabled: true}
Session ID: 3343521aeb3882c777f5f166a266b286
at sun.reflect.NativeConstructorAccessorImpl.newInstance0(Native Method)
at sun.reflect.NativeConstructorAccessorImpl.newInstance(NativeConstructorAccessorImpl.java:62)
at sun.reflect.DelegatingConstructorAccessorImpl.newInstance(DelegatingConstructorAccessorImpl.java:45)
at java.lang.reflect.Constructor.newInstance(Constructor.java:423)
at org.openqa.selenium.remote.ErrorHandler.createThrowable(ErrorHandler.java:214)
at org.openqa.selenium.remote.ErrorHandler.throwIfResponseFailed(ErrorHandler.java:166)
at org.openqa.selenium.remote.http.JsonHttpResponseCodec.reconstructValue(JsonHttpResponseCodec.java:40)
at org.openqa.selenium.remote.http.AbstractHttpResponseCodec.decode(AbstractHttpResponseCodec.java:80)
at org.openqa.selenium.remote.http.AbstractHttpResponseCodec.decode(AbstractHttpResponseCodec.java:44)
at org.openqa.selenium.remote.HttpCommandExecutor.execute(HttpCommandExecutor.java:158)
at org.openqa.selenium.remote.service.DriverCommandExecutor.execute(DriverCommandExecutor.java:83)
at org.openqa.selenium.remote.RemoteWebDriver.execute(RemoteWebDriver.java:545)
at org.openqa.selenium.remote.RemoteWebElement.execute(RemoteWebElement.java:279)
at org.openqa.selenium.remote.RemoteWebElement.click(RemoteWebElement.java:83)
at com.revature.testng.SalesforceLoginTest.vpFilterSuccessful(SalesforceLoginTest.java:325)
at sun.reflect.NativeMethodAccessorImpl.invoke0(Native Method)
at sun.reflect.NativeMethodAccessorImpl.invoke(NativeMethodAccessorImpl.java:62)
at sun.reflect.DelegatingMethodAccessorImpl.invoke(DelegatingMethodAccessorImpl.java:43)
at java.lang.reflect.Method.invoke(Method.java:498)
at org.testng.internal.MethodInvocationHelper.invokeMethod(MethodInvocationHelper.java:124)
at org.testng.internal.Invoker.invokeMethod(Invoker.java:580)
at org.testng.internal.Invoker.invokeTestMethod(Invoker.java:716)
at org.testng.internal.Invoker.invokeTestMethods(Invoker.java:988)
at org.testng.internal.TestMethodWorker.invokeTestMethods(TestMethodWorker.java:125)
at org.testng.internal.TestMethodWorker.run(TestMethodWorker.java:109)
at org.testng.TestRunner.privateRun(TestRunner.java:648)
at org.testng.TestRunner.run(TestRunner.java:505)
at org.testng.SuiteRunner.runTest(SuiteRunner.java:455)
at org.testng.SuiteRunner.runSequentially(SuiteRunner.java:450)
at org.testng.SuiteRunner.privateRun(SuiteRunner.java:415)
at org.testng.SuiteRunner.run(SuiteRunner.java:364)
at org.testng.SuiteRunnerWorker.runSuite(SuiteRunnerWorker.java:52)
at org.testng.SuiteRunnerWorker.run(SuiteRunnerWorker.java:84)
at org.testng.TestNG.runSuitesSequentially(TestNG.java:1208)
at org.testng.TestNG.runSuitesLocally(TestNG.java:1137)
at org.testng.TestNG.runSuites(TestNG.java:1049)
at org.testng.TestNG.run(TestNG.java:1017)
at org.testng.remote.AbstractRemoteTestNG.run(AbstractRemoteTestNG.java:114)
at org.testng.remote.RemoteTestNG.initAndRun(RemoteTestNG.java:251)
at org.testng.remote.RemoteTestNG.main(RemoteTestNG.java:77)
]]>
            </full-stacktrace>
          </exception> <!-- org.openqa.selenium.ElementNotVisibleException -->
          <reporter-output>
          </reporter-output>
        </test-method> <!-- vpFilterSuccessful -->
        <test-method status="PASS" signature="afterMethod()[pri:0, instance:com.revature.testng.SalesforceLoginTest@4566e5bd]" name="afterMethod" is-config="true" duration-ms="155" started-at="2018-05-16T19:27:12Z" finished-at="2018-05-16T19:27:12Z">
          <reporter-output>
          </reporter-output>
        </test-method> <!-- afterMethod -->
        <test-method status="PASS" signature="beforeMethod()[pri:0, instance:com.revature.testng.SalesforceLoginTest@4566e5bd]" name="beforeMethod" is-config="true" duration-ms="1344" started-at="2018-05-16T19:27:12Z" finished-at="2018-05-16T19:27:13Z">
          <reporter-output>
          </reporter-output>
        </test-method> <!-- beforeMethod -->
        <test-method status="PASS" signature="findLoginPageSuccessfulAgain()[pri:9, instance:com.revature.testng.SalesforceLoginTest@4566e5bd]" name="findLoginPageSuccessfulAgain" duration-ms="1555" started-at="2018-05-16T19:27:13Z" finished-at="2018-05-16T19:27:15Z">
          <reporter-output>
          </reporter-output>
        </test-method> <!-- findLoginPageSuccessfulAgain -->
        <test-method status="PASS" signature="afterMethod()[pri:0, instance:com.revature.testng.SalesforceLoginTest@4566e5bd]" name="afterMethod" is-config="true" duration-ms="103" started-at="2018-05-16T19:27:15Z" finished-at="2018-05-16T19:27:15Z">
          <reporter-output>
          </reporter-output>
        </test-method> <!-- afterMethod -->
        <test-method status="PASS" signature="beforeMethod()[pri:0, instance:com.revature.testng.SalesforceLoginTest@4566e5bd]" name="beforeMethod" is-config="true" duration-ms="1737" started-at="2018-05-16T19:27:15Z" finished-at="2018-05-16T19:27:17Z">
          <reporter-output>
          </reporter-output>
        </test-method> <!-- beforeMethod -->
        <test-method status="PASS" signature="loginAsVpSuccessful()[pri:10, instance:com.revature.testng.SalesforceLoginTest@4566e5bd]" name="loginAsVpSuccessful" duration-ms="4946" started-at="2018-05-16T19:27:17Z" finished-at="2018-05-16T19:27:22Z">
          <reporter-output>
          </reporter-output>
        </test-method> <!-- loginAsVpSuccessful -->
        <test-method status="PASS" signature="afterMethod()[pri:0, instance:com.revature.testng.SalesforceLoginTest@4566e5bd]" name="afterMethod" is-config="true" duration-ms="172" started-at="2018-05-16T19:27:22Z" finished-at="2018-05-16T19:27:22Z">
          <reporter-output>
          </reporter-output>
        </test-method> <!-- afterMethod -->
        <test-method status="PASS" signature="afterClass()[pri:0, instance:com.revature.testng.SalesforceLoginTest@4566e5bd]" name="afterClass" is-config="true" duration-ms="1" started-at="2018-05-16T19:27:22Z" finished-at="2018-05-16T19:27:22Z">
          <reporter-output>
          </reporter-output>
        </test-method> <!-- afterClass -->
        <test-method status="PASS" signature="afterTest()[pri:0, instance:com.revature.testng.SalesforceLoginTest@4566e5bd]" name="afterTest" is-config="true" duration-ms="0" started-at="2018-05-16T19:27:22Z" finished-at="2018-05-16T19:27:22Z">
          <reporter-output>
          </reporter-output>
        </test-method> <!-- afterTest -->
        <test-method status="PASS" signature="afterSuite()[pri:0, instance:com.revature.testng.SalesforceLoginTest@4566e5bd]" name="afterSuite" is-config="true" duration-ms="1" started-at="2018-05-16T19:27:22Z" finished-at="2018-05-16T19:27:22Z">
          <reporter-output>
          </reporter-output>
        </test-method> <!-- afterSuite -->
      </class> <!-- com.revature.testng.SalesforceLoginTest -->
    </test> <!-- Default test -->
  </suite> <!-- Default suite -->
</testng-results>
