<?xml version="1.0" encoding="UTF-8"?>
<testng-results skipped="0" failed="0" ignored="0" total="7" passed="7">
  <reporter-output>
  </reporter-output>
  <suite name="Default suite" duration-ms="95253" started-at="2018-05-11T14:41:18Z" finished-at="2018-05-11T14:42:53Z">
    <groups>
    </groups>
    <test name="Default test" duration-ms="95253" started-at="2018-05-11T14:41:18Z" finished-at="2018-05-11T14:42:53Z">
      <class name="com.revature.testng.SalesforceLoginTest">
        <test-method status="PASS" signature="beforeSuite()[pri:0, instance:com.revature.testng.SalesforceLoginTest@f6c48ac]" name="beforeSuite" is-config="true" duration-ms="14" started-at="2018-05-11T14:41:17Z" finished-at="2018-05-11T14:41:18Z">
          <reporter-output>
          </reporter-output>
        </test-method> <!-- beforeSuite -->
        <test-method status="PASS" signature="beforeTest()[pri:0, instance:com.revature.testng.SalesforceLoginTest@f6c48ac]" name="beforeTest" is-config="true" duration-ms="1" started-at="2018-05-11T14:41:18Z" finished-at="2018-05-11T14:41:18Z">
          <reporter-output>
          </reporter-output>
        </test-method> <!-- beforeTest -->
        <test-method status="PASS" signature="beforeClass()[pri:0, instance:com.revature.testng.SalesforceLoginTest@f6c48ac]" name="beforeClass" is-config="true" duration-ms="0" started-at="2018-05-11T14:41:18Z" finished-at="2018-05-11T14:41:18Z">
          <reporter-output>
          </reporter-output>
        </test-method> <!-- beforeClass -->
        <test-method status="PASS" signature="beforeMethod()[pri:0, instance:com.revature.testng.SalesforceLoginTest@f6c48ac]" name="beforeMethod" is-config="true" duration-ms="7380" started-at="2018-05-11T14:41:18Z" finished-at="2018-05-11T14:41:25Z">
          <reporter-output>
          </reporter-output>
        </test-method> <!-- beforeMethod -->
        <test-method status="PASS" signature="findLoginPageSuccessful()[pri:0, instance:com.revature.testng.SalesforceLoginTest@f6c48ac]" name="findLoginPageSuccessful" duration-ms="17201" started-at="2018-05-11T14:41:25Z" finished-at="2018-05-11T14:41:42Z">
          <reporter-output>
          </reporter-output>
        </test-method> <!-- findLoginPageSuccessful -->
        <test-method status="PASS" signature="afterMethod()[pri:0, instance:com.revature.testng.SalesforceLoginTest@f6c48ac]" name="afterMethod" is-config="true" duration-ms="331" started-at="2018-05-11T14:41:42Z" finished-at="2018-05-11T14:41:42Z">
          <reporter-output>
          </reporter-output>
        </test-method> <!-- afterMethod -->
        <test-method status="PASS" signature="beforeMethod()[pri:0, instance:com.revature.testng.SalesforceLoginTest@f6c48ac]" name="beforeMethod" is-config="true" duration-ms="3189" started-at="2018-05-11T14:41:42Z" finished-at="2018-05-11T14:41:46Z">
          <reporter-output>
          </reporter-output>
        </test-method> <!-- beforeMethod -->
        <test-method status="PASS" signature="loginAsTrainerWithWrongCredentials()[pri:1, instance:com.revature.testng.SalesforceLoginTest@f6c48ac]" name="loginAsTrainerWithWrongCredentials" duration-ms="4903" started-at="2018-05-11T14:41:46Z" finished-at="2018-05-11T14:41:51Z">
          <reporter-output>
          </reporter-output>
        </test-method> <!-- loginAsTrainerWithWrongCredentials -->
        <test-method status="PASS" signature="afterMethod()[pri:0, instance:com.revature.testng.SalesforceLoginTest@f6c48ac]" name="afterMethod" is-config="true" duration-ms="182" started-at="2018-05-11T14:41:51Z" finished-at="2018-05-11T14:41:51Z">
          <reporter-output>
          </reporter-output>
        </test-method> <!-- afterMethod -->
        <test-method status="PASS" signature="beforeMethod()[pri:0, instance:com.revature.testng.SalesforceLoginTest@f6c48ac]" name="beforeMethod" is-config="true" duration-ms="2782" started-at="2018-05-11T14:41:51Z" finished-at="2018-05-11T14:41:54Z">
          <reporter-output>
          </reporter-output>
        </test-method> <!-- beforeMethod -->
        <test-method status="PASS" signature="loginAsTrainerSuccessful()[pri:2, instance:com.revature.testng.SalesforceLoginTest@f6c48ac]" name="loginAsTrainerSuccessful" duration-ms="6717" started-at="2018-05-11T14:41:54Z" finished-at="2018-05-11T14:42:00Z">
          <reporter-output>
          </reporter-output>
        </test-method> <!-- loginAsTrainerSuccessful -->
        <test-method status="PASS" signature="afterMethod()[pri:0, instance:com.revature.testng.SalesforceLoginTest@f6c48ac]" name="afterMethod" is-config="true" duration-ms="504" started-at="2018-05-11T14:42:00Z" finished-at="2018-05-11T14:42:01Z">
          <reporter-output>
          </reporter-output>
        </test-method> <!-- afterMethod -->
        <test-method status="PASS" signature="beforeMethod()[pri:0, instance:com.revature.testng.SalesforceLoginTest@f6c48ac]" name="beforeMethod" is-config="true" duration-ms="2939" started-at="2018-05-11T14:42:01Z" finished-at="2018-05-11T14:42:04Z">
          <reporter-output>
          </reporter-output>
        </test-method> <!-- beforeMethod -->
        <test-method status="PASS" signature="homePageDisplaysAllBatches()[pri:3, instance:com.revature.testng.SalesforceLoginTest@f6c48ac]" name="homePageDisplaysAllBatches" duration-ms="11901" started-at="2018-05-11T14:42:04Z" finished-at="2018-05-11T14:42:16Z">
          <reporter-output>
          </reporter-output>
        </test-method> <!-- homePageDisplaysAllBatches -->
        <test-method status="PASS" signature="afterMethod()[pri:0, instance:com.revature.testng.SalesforceLoginTest@f6c48ac]" name="afterMethod" is-config="true" duration-ms="227" started-at="2018-05-11T14:42:16Z" finished-at="2018-05-11T14:42:16Z">
          <reporter-output>
          </reporter-output>
        </test-method> <!-- afterMethod -->
        <test-method status="PASS" signature="beforeMethod()[pri:0, instance:com.revature.testng.SalesforceLoginTest@f6c48ac]" name="beforeMethod" is-config="true" duration-ms="1890" started-at="2018-05-11T14:42:16Z" finished-at="2018-05-11T14:42:18Z">
          <reporter-output>
          </reporter-output>
        </test-method> <!-- beforeMethod -->
        <test-method status="PASS" signature="navigationTagsActive()[pri:4, instance:com.revature.testng.SalesforceLoginTest@f6c48ac]" name="navigationTagsActive" duration-ms="10286" started-at="2018-05-11T14:42:18Z" finished-at="2018-05-11T14:42:28Z">
          <reporter-output>
          </reporter-output>
        </test-method> <!-- navigationTagsActive -->
        <test-method status="PASS" signature="afterMethod()[pri:0, instance:com.revature.testng.SalesforceLoginTest@f6c48ac]" name="afterMethod" is-config="true" duration-ms="326" started-at="2018-05-11T14:42:28Z" finished-at="2018-05-11T14:42:28Z">
          <reporter-output>
          </reporter-output>
        </test-method> <!-- afterMethod -->
        <test-method status="PASS" signature="beforeMethod()[pri:0, instance:com.revature.testng.SalesforceLoginTest@f6c48ac]" name="beforeMethod" is-config="true" duration-ms="2623" started-at="2018-05-11T14:42:28Z" finished-at="2018-05-11T14:42:31Z">
          <reporter-output>
          </reporter-output>
        </test-method> <!-- beforeMethod -->
        <test-method status="PASS" signature="filterSuccessful()[pri:5, instance:com.revature.testng.SalesforceLoginTest@f6c48ac]" name="filterSuccessful" duration-ms="11916" started-at="2018-05-11T14:42:31Z" finished-at="2018-05-11T14:42:43Z">
          <reporter-output>
          </reporter-output>
        </test-method> <!-- filterSuccessful -->
        <test-method status="PASS" signature="afterMethod()[pri:0, instance:com.revature.testng.SalesforceLoginTest@f6c48ac]" name="afterMethod" is-config="true" duration-ms="190" started-at="2018-05-11T14:42:43Z" finished-at="2018-05-11T14:42:43Z">
          <reporter-output>
          </reporter-output>
        </test-method> <!-- afterMethod -->
        <test-method status="PASS" signature="beforeMethod()[pri:0, instance:com.revature.testng.SalesforceLoginTest@f6c48ac]" name="beforeMethod" is-config="true" duration-ms="3149" started-at="2018-05-11T14:42:43Z" finished-at="2018-05-11T14:42:46Z">
          <reporter-output>
          </reporter-output>
        </test-method> <!-- beforeMethod -->
        <test-method status="PASS" signature="loginAsVpSuccessful()[pri:10, instance:com.revature.testng.SalesforceLoginTest@f6c48ac]" name="loginAsVpSuccessful" duration-ms="6258" started-at="2018-05-11T14:42:46Z" finished-at="2018-05-11T14:42:53Z">
          <reporter-output>
          </reporter-output>
        </test-method> <!-- loginAsVpSuccessful -->
        <test-method status="PASS" signature="afterMethod()[pri:0, instance:com.revature.testng.SalesforceLoginTest@f6c48ac]" name="afterMethod" is-config="true" duration-ms="228" started-at="2018-05-11T14:42:53Z" finished-at="2018-05-11T14:42:53Z">
          <reporter-output>
          </reporter-output>
        </test-method> <!-- afterMethod -->
        <test-method status="PASS" signature="afterClass()[pri:0, instance:com.revature.testng.SalesforceLoginTest@f6c48ac]" name="afterClass" is-config="true" duration-ms="1" started-at="2018-05-11T14:42:53Z" finished-at="2018-05-11T14:42:53Z">
          <reporter-output>
          </reporter-output>
        </test-method> <!-- afterClass -->
        <test-method status="PASS" signature="afterTest()[pri:0, instance:com.revature.testng.SalesforceLoginTest@f6c48ac]" name="afterTest" is-config="true" duration-ms="0" started-at="2018-05-11T14:42:53Z" finished-at="2018-05-11T14:42:53Z">
          <reporter-output>
          </reporter-output>
        </test-method> <!-- afterTest -->
        <test-method status="PASS" signature="afterSuite()[pri:0, instance:com.revature.testng.SalesforceLoginTest@f6c48ac]" name="afterSuite" is-config="true" duration-ms="0" started-at="2018-05-11T14:42:53Z" finished-at="2018-05-11T14:42:53Z">
          <reporter-output>
          </reporter-output>
        </test-method> <!-- afterSuite -->
      </class> <!-- com.revature.testng.SalesforceLoginTest -->
    </test> <!-- Default test -->
  </suite> <!-- Default suite -->
</testng-results>
