<?xml version="1.0" encoding="UTF-8"?>
<testng-results skipped="0" failed="0" ignored="0" total="5" passed="5">
  <reporter-output>
  </reporter-output>
  <suite name="Default suite" duration-ms="90903" started-at="2018-05-10T19:35:37Z" finished-at="2018-05-10T19:37:08Z">
    <groups>
    </groups>
    <test name="Default test" duration-ms="90903" started-at="2018-05-10T19:35:37Z" finished-at="2018-05-10T19:37:08Z">
      <class name="com.revature.testng.SalesforceLoginTest">
        <test-method status="PASS" signature="beforeSuite()[pri:0, instance:com.revature.testng.SalesforceLoginTest@271053e1]" name="beforeSuite" is-config="true" duration-ms="49" started-at="2018-05-10T19:35:37Z" finished-at="2018-05-10T19:35:37Z">
          <reporter-output>
          </reporter-output>
        </test-method> <!-- beforeSuite -->
        <test-method status="PASS" signature="beforeTest()[pri:0, instance:com.revature.testng.SalesforceLoginTest@271053e1]" name="beforeTest" is-config="true" duration-ms="1" started-at="2018-05-10T19:35:37Z" finished-at="2018-05-10T19:35:37Z">
          <reporter-output>
          </reporter-output>
        </test-method> <!-- beforeTest -->
        <test-method status="PASS" signature="beforeClass()[pri:0, instance:com.revature.testng.SalesforceLoginTest@271053e1]" name="beforeClass" is-config="true" duration-ms="0" started-at="2018-05-10T19:35:37Z" finished-at="2018-05-10T19:35:37Z">
          <reporter-output>
          </reporter-output>
        </test-method> <!-- beforeClass -->
        <test-method status="PASS" signature="beforeMethod()[pri:0, instance:com.revature.testng.SalesforceLoginTest@271053e1]" name="beforeMethod" is-config="true" duration-ms="8213" started-at="2018-05-10T19:35:38Z" finished-at="2018-05-10T19:35:46Z">
          <reporter-output>
          </reporter-output>
        </test-method> <!-- beforeMethod -->
        <test-method status="PASS" signature="findLoginPageSuccessful()[pri:0, instance:com.revature.testng.SalesforceLoginTest@271053e1]" name="findLoginPageSuccessful" duration-ms="17460" started-at="2018-05-10T19:35:46Z" finished-at="2018-05-10T19:36:03Z">
          <reporter-output>
          </reporter-output>
        </test-method> <!-- findLoginPageSuccessful -->
        <test-method status="PASS" signature="afterMethod()[pri:0, instance:com.revature.testng.SalesforceLoginTest@271053e1]" name="afterMethod" is-config="true" duration-ms="802" started-at="2018-05-10T19:36:03Z" finished-at="2018-05-10T19:36:04Z">
          <reporter-output>
          </reporter-output>
        </test-method> <!-- afterMethod -->
        <test-method status="PASS" signature="beforeMethod()[pri:0, instance:com.revature.testng.SalesforceLoginTest@271053e1]" name="beforeMethod" is-config="true" duration-ms="3493" started-at="2018-05-10T19:36:04Z" finished-at="2018-05-10T19:36:07Z">
          <reporter-output>
          </reporter-output>
        </test-method> <!-- beforeMethod -->
        <test-method status="PASS" signature="loginAsTrainerWithWrongCredentials()[pri:1, instance:com.revature.testng.SalesforceLoginTest@271053e1]" name="loginAsTrainerWithWrongCredentials" duration-ms="5501" started-at="2018-05-10T19:36:07Z" finished-at="2018-05-10T19:36:13Z">
          <reporter-output>
          </reporter-output>
        </test-method> <!-- loginAsTrainerWithWrongCredentials -->
        <test-method status="PASS" signature="afterMethod()[pri:0, instance:com.revature.testng.SalesforceLoginTest@271053e1]" name="afterMethod" is-config="true" duration-ms="437" started-at="2018-05-10T19:36:13Z" finished-at="2018-05-10T19:36:13Z">
          <reporter-output>
          </reporter-output>
        </test-method> <!-- afterMethod -->
        <test-method status="PASS" signature="beforeMethod()[pri:0, instance:com.revature.testng.SalesforceLoginTest@271053e1]" name="beforeMethod" is-config="true" duration-ms="3408" started-at="2018-05-10T19:36:13Z" finished-at="2018-05-10T19:36:17Z">
          <reporter-output>
          </reporter-output>
        </test-method> <!-- beforeMethod -->
        <test-method status="PASS" signature="loginAsTrainerSuccessful()[pri:2, instance:com.revature.testng.SalesforceLoginTest@271053e1]" name="loginAsTrainerSuccessful" duration-ms="10566" started-at="2018-05-10T19:36:17Z" finished-at="2018-05-10T19:36:27Z">
          <reporter-output>
          </reporter-output>
        </test-method> <!-- loginAsTrainerSuccessful -->
        <test-method status="PASS" signature="afterMethod()[pri:0, instance:com.revature.testng.SalesforceLoginTest@271053e1]" name="afterMethod" is-config="true" duration-ms="2345" started-at="2018-05-10T19:36:27Z" finished-at="2018-05-10T19:36:30Z">
          <reporter-output>
          </reporter-output>
        </test-method> <!-- afterMethod -->
        <test-method status="PASS" signature="beforeMethod()[pri:0, instance:com.revature.testng.SalesforceLoginTest@271053e1]" name="beforeMethod" is-config="true" duration-ms="3439" started-at="2018-05-10T19:36:30Z" finished-at="2018-05-10T19:36:33Z">
          <reporter-output>
          </reporter-output>
        </test-method> <!-- beforeMethod -->
        <test-method status="PASS" signature="loginAsTrainerLandsOnHomePage()[pri:3, instance:com.revature.testng.SalesforceLoginTest@271053e1]" name="loginAsTrainerLandsOnHomePage" duration-ms="17217" started-at="2018-05-10T19:36:33Z" finished-at="2018-05-10T19:36:50Z">
          <reporter-output>
          </reporter-output>
        </test-method> <!-- loginAsTrainerLandsOnHomePage -->
        <test-method status="PASS" signature="afterMethod()[pri:0, instance:com.revature.testng.SalesforceLoginTest@271053e1]" name="afterMethod" is-config="true" duration-ms="2635" started-at="2018-05-10T19:36:50Z" finished-at="2018-05-10T19:36:53Z">
          <reporter-output>
          </reporter-output>
        </test-method> <!-- afterMethod -->
        <test-method status="PASS" signature="beforeMethod()[pri:0, instance:com.revature.testng.SalesforceLoginTest@271053e1]" name="beforeMethod" is-config="true" duration-ms="3482" started-at="2018-05-10T19:36:53Z" finished-at="2018-05-10T19:36:57Z">
          <reporter-output>
          </reporter-output>
        </test-method> <!-- beforeMethod -->
        <test-method status="PASS" signature="loginAsVpSuccessful()[pri:4, instance:com.revature.testng.SalesforceLoginTest@271053e1]" name="loginAsVpSuccessful" duration-ms="9541" started-at="2018-05-10T19:36:57Z" finished-at="2018-05-10T19:37:06Z">
          <reporter-output>
          </reporter-output>
        </test-method> <!-- loginAsVpSuccessful -->
        <test-method status="PASS" signature="afterMethod()[pri:0, instance:com.revature.testng.SalesforceLoginTest@271053e1]" name="afterMethod" is-config="true" duration-ms="2244" started-at="2018-05-10T19:37:06Z" finished-at="2018-05-10T19:37:08Z">
          <reporter-output>
          </reporter-output>
        </test-method> <!-- afterMethod -->
        <test-method status="PASS" signature="afterClass()[pri:0, instance:com.revature.testng.SalesforceLoginTest@271053e1]" name="afterClass" is-config="true" duration-ms="2" started-at="2018-05-10T19:37:08Z" finished-at="2018-05-10T19:37:08Z">
          <reporter-output>
          </reporter-output>
        </test-method> <!-- afterClass -->
        <test-method status="PASS" signature="afterTest()[pri:0, instance:com.revature.testng.SalesforceLoginTest@271053e1]" name="afterTest" is-config="true" duration-ms="1" started-at="2018-05-10T19:37:08Z" finished-at="2018-05-10T19:37:08Z">
          <reporter-output>
          </reporter-output>
        </test-method> <!-- afterTest -->
        <test-method status="PASS" signature="afterSuite()[pri:0, instance:com.revature.testng.SalesforceLoginTest@271053e1]" name="afterSuite" is-config="true" duration-ms="0" started-at="2018-05-10T19:37:08Z" finished-at="2018-05-10T19:37:08Z">
          <reporter-output>
          </reporter-output>
        </test-method> <!-- afterSuite -->
      </class> <!-- com.revature.testng.SalesforceLoginTest -->
    </test> <!-- Default test -->
  </suite> <!-- Default suite -->
</testng-results>
