<?xml version="1.0" encoding="UTF-8"?>
<!-- Generated by org.testng.reporters.JUnitXMLReporter -->
<testsuite hostname="Andrews-MacBook-Pro.local" ignored="0" name="Default test" tests="6" failures="0" timestamp="17 May 2018 16:22:43 GMT" time="14.187" errors="0">
  <testcase name="f" time="0.026" classname="com.revature.testng.CurriculaCoreTests"/>
  <testcase name="f" time="0.011" classname="com.revature.testng.CurriculaCoreTests"/>
  <testcase name="loginSuccessful" time="7.559" classname="com.revature.testng.CurriculaCoreTests"/>
  <testcase name="goToCurriculaPage" time="3.349" classname="com.revature.testng.CurriculaCoreTests"/>
  <testcase name="clickAddButton" time="0.381" classname="com.revature.testng.CurriculaCoreTests"/>
  <testcase name="addToCoreThenCancel" time="2.787" classname="com.revature.testng.CurriculaCoreTests"/>
</testsuite> <!-- Default test -->
