<?xml version="1.0" encoding="UTF-8"?>
<!-- Generated by org.testng.reporters.JUnitXMLReporter -->
<testsuite hostname="Andrews-MacBook-Pro.local" ignored="0" name="Default test" tests="5" failures="0" timestamp="09 May 2018 18:05:30 GMT" time="9.721" errors="0">
  <testcase name="f" time="0.015" classname="com.revature.testng.SalesforceLoginTest"/>
  <testcase name="f" time="0.008" classname="com.revature.testng.SalesforceLoginTest"/>
  <testcase name="findLoginPageSuccessful" time="1.674" classname="com.revature.testng.SalesforceLoginTest"/>
  <testcase name="loginAsTrainerSuccessful" time="4.332" classname="com.revature.testng.SalesforceLoginTest"/>
  <testcase name="loginAsTrainerWithWrongCredentials" time="0.001" classname="com.revature.testng.SalesforceLoginTest"/>
</testsuite> <!-- Default test -->
