<?xml version="1.0" encoding="UTF-8"?>
<!-- Generated by org.testng.reporters.JUnitXMLReporter -->
<testsuite hostname="Andrews-MacBook-Pro.local" ignored="0" name="Default test" tests="8" failures="0" timestamp="17 May 2018 19:37:01 GMT" time="75.399" errors="0">
  <testcase name="findTrainersPage" time="18.045" classname="com.revature.testng.TrainersTests"/>
  <testcase name="createTrainWithoutFirstName" time="4.32" classname="com.revature.testng.TrainersTests"/>
  <testcase name="createTrainWithoutLastName" time="3.823" classname="com.revature.testng.TrainersTests"/>
  <testcase name="createNewTrainer" time="12.631" classname="com.revature.testng.TrainersTests"/>
  <testcase name="deactivateTrainer" time="12.036" classname="com.revature.testng.TrainersTests"/>
  <testcase name="activateTrainer" time="7.832" classname="com.revature.testng.TrainersTests"/>
  <testcase name="getResumeFormIndividualWithNoResume" time="2.713" classname="com.revature.testng.TrainersTests"/>
  <testcase name="viewPTOcalanderPage" time="11.125" classname="com.revature.testng.TrainersTests"/>
</testsuite> <!-- Default test -->
