<?xml version="1.0" encoding="UTF-8"?>
<!-- Generated by org.testng.reporters.JUnitXMLReporter -->
<testsuite hostname="Andrews-MacBook-Pro.local" ignored="0" name="Default test" tests="7" failures="0" timestamp="17 May 2018 20:07:11 GMT" time="18.537" errors="0">
  <testcase name="f" time="0.012" classname="com.revature.testng.CurriculaCoreTests"/>
  <testcase name="f" time="0.002" classname="com.revature.testng.CurriculaCoreTests"/>
  <testcase name="loginSuccessful" time="7.984" classname="com.revature.testng.CurriculaCoreTests"/>
  <testcase name="goToCurriculaPage" time="3.993" classname="com.revature.testng.CurriculaCoreTests"/>
  <testcase name="clickAddButton" time="0.504" classname="com.revature.testng.CurriculaCoreTests"/>
  <testcase name="addToCoreThenCancel" time="2.865" classname="com.revature.testng.CurriculaCoreTests"/>
  <testcase name="addToCoreThenSave" time="3.094" classname="com.revature.testng.CurriculaCoreTests"/>
</testsuite> <!-- Default test -->
