<?xml version="1.0" encoding="UTF-8"?>
<!-- Generated by org.testng.reporters.JUnitXMLReporter -->
<testsuite hostname="Andrews-MacBook-Pro.local" ignored="0" name="Default test" tests="6" failures="0" timestamp="16 May 2018 20:54:14 GMT" time="12.958" errors="0">
  <testcase name="f" time="0.007" classname="com.revature.testng.CurriculaCoreTests"/>
  <testcase name="f" time="0.004" classname="com.revature.testng.CurriculaCoreTests"/>
  <testcase name="loginSuccessful" time="7.963" classname="com.revature.testng.CurriculaCoreTests"/>
  <testcase name="goToCurriculaPage" time="3.048" classname="com.revature.testng.CurriculaCoreTests"/>
  <testcase name="clickAddButton" time="0.731" classname="com.revature.testng.CurriculaCoreTests"/>
  <testcase name="addToCore" time="1.145" classname="com.revature.testng.CurriculaCoreTests"/>
</testsuite> <!-- Default test -->
