<?xml version="1.0" encoding="UTF-8"?>
<!-- Generated by org.testng.reporters.JUnitXMLReporter -->
<testsuite hostname="Andrews-MacBook-Pro.local" ignored="0" name="Default test" tests="6" failures="0" timestamp="17 May 2018 19:01:04 GMT" time="16.941" errors="0">
  <testcase name="f" time="0.007" classname="com.revature.testng.CurriculaCoreTests"/>
  <testcase name="f" time="0.013" classname="com.revature.testng.CurriculaCoreTests"/>
  <testcase name="loginSuccessful" time="8.108" classname="com.revature.testng.CurriculaCoreTests"/>
  <testcase name="goToCurriculaPage" time="5.001" classname="com.revature.testng.CurriculaCoreTests"/>
  <testcase name="clickAddButton" time="0.449" classname="com.revature.testng.CurriculaCoreTests"/>
  <testcase name="addToCoreThenCancel" time="3.294" classname="com.revature.testng.CurriculaCoreTests"/>
</testsuite> <!-- Default test -->
