<?xml version="1.0" encoding="UTF-8"?>
<!-- Generated by org.testng.reporters.JUnitXMLReporter -->
<testsuite hostname="Andrews-MacBook-Pro.local" ignored="0" name="Default test" tests="5" failures="0" timestamp="09 May 2018 17:56:13 GMT" time="11.13" errors="0">
  <testcase name="f" time="0.014" classname="com.revature.testng.SalesforceLoginTest"/>
  <testcase name="f" time="0.032" classname="com.revature.testng.SalesforceLoginTest"/>
  <testcase name="findLoginPageSuccessful" time="1.855" classname="com.revature.testng.SalesforceLoginTest"/>
  <testcase name="loginAsTrainerSuccessful" time="3.77" classname="com.revature.testng.SalesforceLoginTest"/>
  <testcase name="loginAsTrainerWithWrongCredentials" time="0.004" classname="com.revature.testng.SalesforceLoginTest"/>
</testsuite> <!-- Default test -->
