<?xml version="1.0" encoding="UTF-8"?>
<!-- Generated by org.testng.reporters.JUnitXMLReporter -->
<testsuite hostname="Andrews-MacBook-Pro.local" ignored="0" name="Default test" tests="7" failures="0" timestamp="11 May 2018 14:42:53 GMT" time="95.253" errors="0">
  <testcase name="findLoginPageSuccessful" time="17.201" classname="com.revature.testng.SalesforceLoginTest"/>
  <testcase name="loginAsTrainerWithWrongCredentials" time="4.903" classname="com.revature.testng.SalesforceLoginTest"/>
  <testcase name="loginAsTrainerSuccessful" time="6.717" classname="com.revature.testng.SalesforceLoginTest"/>
  <testcase name="homePageDisplaysAllBatches" time="11.901" classname="com.revature.testng.SalesforceLoginTest"/>
  <testcase name="navigationTagsActive" time="10.286" classname="com.revature.testng.SalesforceLoginTest"/>
  <testcase name="filterSuccessful" time="11.916" classname="com.revature.testng.SalesforceLoginTest"/>
  <testcase name="loginAsVpSuccessful" time="6.258" classname="com.revature.testng.SalesforceLoginTest"/>
</testsuite> <!-- Default test -->
