<?xml version="1.0" encoding="UTF-8"?>
<!-- Generated by org.testng.reporters.JUnitXMLReporter -->
<testsuite hostname="WINDOWS-A0EN0AG" ignored="5" name="Default test" tests="3" failures="0" timestamp="17 May 2018 18:03:12 GMT" time="14.815" errors="0">
  <testcase name="findTrainersPage" time="8.893" classname="com.revature.testng.TrainersTests"/>
  <testcase name="getResumeFormIndividualWithNoResume" time="0.898" classname="com.revature.testng.TrainersTests"/>
  <testcase name="viewPTOcalanderPage" time="1.539" classname="com.revature.testng.TrainersTests"/>
  <testcase name="createNewTrainer" time="0.0" classname="com.revature.testng.TrainersTests">
    <ignored/>
  </testcase> <!-- createNewTrainer -->
  <testcase name="createTrainWithoutLastName" time="0.0" classname="com.revature.testng.TrainersTests">
    <ignored/>
  </testcase> <!-- createTrainWithoutLastName -->
  <testcase name="activateTrainer" time="0.0" classname="com.revature.testng.TrainersTests">
    <ignored/>
  </testcase> <!-- activateTrainer -->
  <testcase name="createTrainWithoutFirstName" time="0.0" classname="com.revature.testng.TrainersTests">
    <ignored/>
  </testcase> <!-- createTrainWithoutFirstName -->
  <testcase name="deactivateTrainer" time="0.0" classname="com.revature.testng.TrainersTests">
    <ignored/>
  </testcase> <!-- deactivateTrainer -->
</testsuite> <!-- Default test -->
