<?xml version="1.0" encoding="UTF-8"?>
<!-- Generated by org.testng.reporters.JUnitXMLReporter -->
<testsuite hostname="DESKTOP-6MTCCLC" ignored="0" name="Default test" tests="5" failures="0" timestamp="10 May 2018 19:37:08 GMT" time="90.903" errors="0">
  <testcase name="findLoginPageSuccessful" time="17.46" classname="com.revature.testng.SalesforceLoginTest"/>
  <testcase name="loginAsTrainerWithWrongCredentials" time="5.501" classname="com.revature.testng.SalesforceLoginTest"/>
  <testcase name="loginAsTrainerSuccessful" time="10.566" classname="com.revature.testng.SalesforceLoginTest"/>
  <testcase name="loginAsTrainerLandsOnHomePage" time="17.217" classname="com.revature.testng.SalesforceLoginTest"/>
  <testcase name="loginAsVpSuccessful" time="9.541" classname="com.revature.testng.SalesforceLoginTest"/>
</testsuite> <!-- Default test -->
