<?xml version="1.0" encoding="UTF-8"?>
<!-- Generated by org.testng.reporters.JUnitXMLReporter -->
<testsuite hostname="DESKTOP-6MTCCLC" ignored="0" name="Default test" tests="6" failures="0" timestamp="17 May 2018 19:10:58 GMT" time="27.533" errors="0">
  <testcase name="f" time="0.04" classname="com.revature.testng.CurriculaCoreTests"/>
  <testcase name="f" time="0.006" classname="com.revature.testng.CurriculaCoreTests"/>
  <testcase name="loginSuccessful" time="15.41" classname="com.revature.testng.CurriculaCoreTests"/>
  <testcase name="goToCurriculaPage" time="5.987" classname="com.revature.testng.CurriculaCoreTests"/>
  <testcase name="clickAddButton" time="0.417" classname="com.revature.testng.CurriculaCoreTests"/>
  <testcase name="addToCoreThenCancel" time="5.466" classname="com.revature.testng.CurriculaCoreTests"/>
</testsuite> <!-- Default test -->
