<?xml version="1.0" encoding="UTF-8"?>
<!-- Generated by org.testng.reporters.JUnitXMLReporter -->
<testsuite hostname="Andrews-MacBook-Pro.local" ignored="0" name="Default test" tests="6" failures="0" timestamp="17 May 2018 19:19:03 GMT" time="15.857" errors="0">
  <testcase name="f" time="0.01" classname="com.revature.testng.CurriculaCoreTests"/>
  <testcase name="f" time="0.003" classname="com.revature.testng.CurriculaCoreTests"/>
  <testcase name="loginSuccessful" time="8.014" classname="com.revature.testng.CurriculaCoreTests"/>
  <testcase name="goToCurriculaPage" time="4.299" classname="com.revature.testng.CurriculaCoreTests"/>
  <testcase name="clickAddButton" time="0.482" classname="com.revature.testng.CurriculaCoreTests"/>
  <testcase name="addToCoreThenCancel" time="2.92" classname="com.revature.testng.CurriculaCoreTests"/>
</testsuite> <!-- Default test -->
