<?xml version="1.0" encoding="UTF-8"?>
<!-- Generated by org.testng.reporters.JUnitXMLReporter -->
<testsuite hostname="Andrews-MacBook-Pro.local" ignored="0" name="Default test" tests="7" failures="0" timestamp="17 May 2018 20:22:30 GMT" time="18.737" errors="0">
  <testcase name="f" time="0.009" classname="com.revature.testng.CurriculaCoreTests"/>
  <testcase name="f" time="0.005" classname="com.revature.testng.CurriculaCoreTests"/>
  <testcase name="loginSuccessful" time="8.343" classname="com.revature.testng.CurriculaCoreTests"/>
  <testcase name="goToCurriculaPage" time="3.859" classname="com.revature.testng.CurriculaCoreTests"/>
  <testcase name="clickAddButton" time="0.395" classname="com.revature.testng.CurriculaCoreTests"/>
  <testcase name="addToCoreThenCancel" time="2.849" classname="com.revature.testng.CurriculaCoreTests"/>
  <testcase name="addToCoreThenSave" time="3.187" classname="com.revature.testng.CurriculaCoreTests"/>
</testsuite> <!-- Default test -->
