<?xml version="1.0" encoding="UTF-8"?>
<!-- Generated by org.testng.reporters.JUnitXMLReporter -->
<testsuite hostname="Andrews-MacBook-Pro.local" ignored="0" name="Default test" tests="5" failures="0" timestamp="09 May 2018 18:23:13 GMT" time="9.139" errors="0">
  <testcase name="f" time="0.036" classname="com.revature.testng.SalesforceLoginTest"/>
  <testcase name="f" time="0.033" classname="com.revature.testng.SalesforceLoginTest"/>
  <testcase name="findLoginPageSuccessful" time="1.287" classname="com.revature.testng.SalesforceLoginTest"/>
  <testcase name="loginAsTrainerSuccessful" time="3.854" classname="com.revature.testng.SalesforceLoginTest"/>
  <testcase name="loginAsTrainerWithWrongCredentials" time="0.001" classname="com.revature.testng.SalesforceLoginTest"/>
</testsuite> <!-- Default test -->
