<?xml version="1.0" encoding="UTF-8"?>
<!-- Generated by org.testng.reporters.JUnitXMLReporter -->
<testsuite hostname="WINDOWS-A0EN0AG" ignored="0" name="Default test" tests="5" failures="0" timestamp="11 May 2018 15:12:24 GMT" time="55.174" errors="0">
  <testcase name="findLoginPageSuccessful" time="10.304" classname="com.revature.testng.SalesforceLoginTest"/>
  <testcase name="loginAsTrainerWithWrongCredentials" time="3.658" classname="com.revature.testng.SalesforceLoginTest"/>
  <testcase name="loginAsTrainerSuccessful" time="5.07" classname="com.revature.testng.SalesforceLoginTest"/>
  <testcase name="loginAsTrainerLandsOnHomePage" time="9.174" classname="com.revature.testng.SalesforceLoginTest"/>
  <testcase name="loginAsVpSuccessful" time="5.731" classname="com.revature.testng.SalesforceLoginTest"/>
</testsuite> <!-- Default test -->
